[]  Dendrochronology Program Library                                        Run BIL    Program COF  12:23  Mon 07 Oct 2024  Page   1
[]
[]  P R O G R A M      C O F E C H A                                                                          Version 6.06P    32789
------------------------------------------------------------------------------------------------------------------------------------

 QUALITY CONTROL AND DATING CHECK OF TREE-RING MEASUREMENTS

 File of DATED series:   BIL.rwl

 CONTENTS:

    Part 1:  Title page, options selected, summary, absent rings by series
    Part 2:  Histogram of time spans
    Part 3:  Master series with sample depth and absent rings by year
    Part 4:  Bar plot of Master Dating Series
    Part 5:  Correlation by segment of each series with Master
    Part 6:  Potential problems: low correlation, divergent year-to-year changes, absent rings, outliers
    Part 7:  Descriptive statistics

 RUN CONTROL OPTIONS SELECTED                             VALUE

         1  Cubic smoothing spline 50% wavelength cutoff for filtering
                                                            32 years
         2  Segments examined are                           32 years lagged successively by  16 years
         3  Autoregressive model applied                     A  Residuals are used in master dating series and testing
         4  Series transformed to logarithms                 Y  Each series log-transformed for master dating series and testing
         5  CORRELATION is Pearson (parametric, quantitative)
            Critical correlation, 99% confidence level   .4093
         6  Master dating series saved                       N
         7  Ring measurements listed                         N
         8  Parts printed                              1234567 
         9  Absent rings are omitted from master series and segment correlations  (Y)

 Time span of Master dating series is  1835 to  2023   189 years
 Continuous time span is               1835 to  2023   189 years
 Portion with two or more series is    1841 to  2023   183 years


                                        ****************************************
                                        *C* Number of dated series        20 *C*
                                        *O* Master series 1835 2023  189 yrs *O*
                                        *F* Total rings in all series   3288 *F*
                                        *E* Total dated rings checked   3282 *E*
                                        *C* Series intercorrelation     .805 *C*
                                        *H* Average mean sensitivity    .401 *H*
                                        *A* Segments, possible problems    1 *A*
                                        *** Mean length of series      164.4 ***
                                        ****************************************

 ABSENT RINGS listed by SERIES:            (See Master Dating Series for absent rings listed by year)

 BIL05       1 absent rings:   1991
 BIL20       2 absent rings:   1977  1991

             3 absent rings    .091%
PART 2:  TIME PLOT OF TREE-RING SERIES:                                                            12:23  Mon 07 Oct 2024  Page   2
------------------------------------------------------------------------------------------------------------------------------------
 1050 1100 1150 1200 1250 1300 1350 1400 1450 1500 1550 1600 1650 1700 1750 1800 1850 1900 1950 2000 2050 Ident   Seq Time-span  Yrs
   :    :    :    :    :    :    :    :    :    :    :    :    :    :    :    :    :    :    :    :    : -------- --- ---- ---- ----
   .    .    .    .    .    .    .    .    .    .    .    .    .    .    .    .    <================>  . BIL01      1 1853 2023  171
   .    .    .    .    .    .    .    .    .    .    .    .    .    .    .    .   <=================>  . BIL02      2 1844 2023  180
   .    .    .    .    .    .    .    .    .    .    .    .    .    .    .    .    .<===============>  . BIL03      3 1866 2023  158
   .    .    .    .    .    .    .    .    .    .    .    .    .    .    .    .   <=================>  . BIL04      4 1844 2023  180
   .    .    .    .    .    .    .    .    .    .    .    .    .    .    .    .    <================>  . BIL05      5 1853 2023  171
   .    .    .    .    .    .    .    .    .    .    .    .    .    .    .    .  <==================>  . BIL06      6 1835 2023  189
   .    .    .    .    .    .    .    .    .    .    .    .    .    .    .    .    <================>  . BIL07      7 1852 2023  172
   .    .    .    .    .    .    .    .    .    .    .    .    .    .    .    .    .  <=============>  . BIL08      8 1883 2023  141
   .    .    .    .    .    .    .    .    .    .    .    .    .    .    .    .    .<===============>  . BIL09      9 1865 2023  159
   .    .    .    .    .    .    .    .    .    .    .    .    .    .    .    .    .<===============>  . BIL10     10 1865 2023  159
   .    .    .    .    .    .    .    .    .    .    .    .    .    .    .    .    .<===============>  . BIL11B    11 1860 2023  164
   .    .    .    .    .    .    .    .    .    .    .    .    .    .    .    .   <=================>  . BIL12     12 1842 2023  182
   .    .    .    .    .    .    .    .    .    .    .    .    .    .    .    .    <================>  . BIL13     13 1851 2023  173
   .    .    .    .    .    .    .    .    .    .    .    .    .    .    .    .   <=================>  . BIL14     14 1841 2023  183
   .    .    .    .    .    .    .    .    .    .    .    .    .    .    .    .    .<===============>  . BIL15     15 1868 2023  156
   .    .    .    .    .    .    .    .    .    .    .    .    .    .    .    .    <================>  . BIL16     16 1853 2023  171
   .    .    .    .    .    .    .    .    .    .    .    .    .    .    .    .    .<===============>  . BIL17     17 1862 2023  162
   .    .    .    .    .    .    .    .    .    .    .    .    .    .    .    .    .    .  <========>  . BIL18     18 1938 2023   86
   .    .    .    .    .    .    .    .    .    .    .    .    .    .    .    .    . <==============>  . BIL19     19 1873 2023  151
   .    .    .    .    .    .    .    .    .    .    .    .    .    .    .    .   <=================>  . BIL20     20 1844 2023  180
   :    :    :    :    :    :    :    :    :    :    :    :    :    :    :    :    :    :    :    :    :
 1050 1100 1150 1200 1250 1300 1350 1400 1450 1500 1550 1600 1650 1700 1750 1800 1850 1900 1950 2000 2050
PART 3:  Master Dating Series:                                                                     12:23  Mon 07 Oct 2024  Page   3
------------------------------------------------------------------------------------------------------------------------------------
  Year  Value  No Ab    Year  Value  No Ab    Year  Value  No Ab    Year  Value  No Ab    Year  Value  No Ab    Year  Value  No Ab
  ------------------    ------------------    ------------------    ------------------    ------------------    ------------------
                        1850   .027   6       1900   .591  19       1950  -.258  20       2000  -.177  20
                        1851   .839   7       1901  1.655  19       1951   .449  20       2001   .118  20
                        1852   .216   8       1902   .692  19       1952   .054  20       2002  -.760  20
                        1853  1.027  11       1903  1.054  19       1953 -2.049  20       2003   .962  20
                        1854   .227  11       1904 -2.000  19       1954  -.801  20       2004  1.410  20
                        1855 -1.243  11       1905  -.169  19       1955   .862  20       2005   .041  20
                        1856  -.946  11       1906  1.105  19       1956  -.019  20       2006   .678  20
                        1857   .567  11       1907   .119  19       1957  1.446  20       2007  -.169  20
                        1858  -.897  11       1908 -1.652  19       1958  -.085  20       2008  -.998  20
                        1859  -.301  11       1909  -.653  19       1959  1.321  20       2009  1.120  20

                        1860  1.234  12       1910   .915  19       1960 -1.908  20       2010   .353  20
                        1861   .168  12       1911   .446  19       1961  -.722  20       2011   .446  20
                        1862   .805  13       1912  -.944  19       1962  -.136  20       2012 -1.865  20
                        1863 -1.480  13       1913  1.225  19       1963  1.536  20       2013 -1.894  20
                        1864  -.711  13       1914   .154  19       1964  -.065  20       2014   .538  20
                        1865  -.212  15       1915   .967  19       1965  -.554  20       2015   .367  20
                        1866  -.035  16       1916   .460  19       1966  -.591  20       2016  1.163  20
                        1867  -.293  16       1917  1.090  19       1967   .925  20       2017  1.124  20
                        1868  -.316  17       1918  -.670  19       1968  1.104  20       2018   .757  20
                        1869  1.412  17       1919  -.646  19       1969   .810  20       2019   .568  20

                        1870  -.088  17       1920 -3.736  19       1970  -.097  20       2020   .776  20
                        1871  -.862  17       1921  -.860  19       1971 -1.268  20       2021  -.302  20
                        1872   .909  17       1922   .782  19       1972   .200  20       2022 -1.083  20
                        1873  -.546  18       1923   .518  19       1973   .561  20       2023 -1.845  20
                        1874   .390  18       1924   .488  19       1974  -.571  20
                        1875   .279  18       1925  -.427  19       1975   .639  20
                        1876  -.257  18       1926  -.562  19       1976   .446  20
                        1877  -.184  18       1927  -.284  19       1977  -.967  20  1
                        1878   .066  18       1928  1.206  19       1978   .636  20
                        1879  1.379  18       1929   .460  19       1979  1.043  20

                        1880   .923  18       1930  1.053  19       1980  -.014  20
                        1881   .067  18       1931   .963  19       1981 -1.956  20
                        1882  -.189  18       1932   .179  19       1982   .189  20
                        1883   .356  19       1933 -1.838  19       1983   .002  20
                        1884   .447  19       1934   .592  19       1984  1.751  20
  1835   .417   1       1885 -1.509  19       1935 -2.235  19       1985   .673  20
  1836  -.795   1       1886  -.537  19       1936  -.263  19       1986 -1.170  20
  1837 -1.794   1       1887  1.073  19       1937  -.639  19       1987   .678  20
  1838   .610   1       1888   .347  19       1938   .567  20       1988   .479  20
  1839   .102   1       1889 -1.288  19       1939  1.073  20       1989  -.579  20

  1840 -1.364   1       1890  1.237  19       1940  1.421  20       1990   .853  20
  1841  1.635   2       1891  -.065  19       1941  -.190  20       1991 -2.872  20  2
  1842  -.332   3       1892 -2.138  19       1942   .747  20       1992 -1.603  20
  1843  -.421   3       1893  1.206  19       1943  1.087  20       1993   .011  20
  1844  1.556   6       1894   .132  19       1944   .309  20       1994   .112  20
  1845  -.898   6       1895 -1.156  19       1945 -1.265  20       1995 -1.745  20
  1846  -.311   6       1896  -.353  19       1946   .856  20       1996  1.377  20
  1847  -.872   6       1897   .474  19       1947  1.102  20       1997  -.179  20
  1848   .792   6       1898 -1.490  19       1948  -.350  20       1998   .961  20
  1849   .243   6       1899   .486  19       1949 -2.576  20       1999   .087  20
------------------------------------------------------------------------------------------------------------------------------------
PART 4:  Master Bar Plot:                                                                          12:23  Mon 07 Oct 2024  Page   4
------------------------------------------------------------------------------------------------------------------------------------
   Year Rel value  Year Rel value  Year Rel value  Year Rel value  Year Rel value  Year Rel value  Year Rel value  Year Rel value
                   1850-----@      1900-------B    1950---a        2000----a
                   1851--------C   1901----------G 1951------B     2001-----@
                   1852-----A      1902-------C    1952-----@      2002--c
                   1853---------D  1903---------D  1953h           2003---------D
                   1854-----A      1904h           1954--c         2004----------F
                   1855-e          1905----a       1955--------C   2005-----@
                   1856-d          1906---------D  1956----@       2006-------C
                   1857-------B    1907-----@      1957----------F 2007----a
                   1858--d         1908g           1958----@       2008-d
                   1859---a        1909--c         1959----------E 2009---------D
                   1860---------E  1910--------D   1960h           2010------A
                   1861-----A      1911------B     1961--c         2011------B
                   1862--------C   1912-d          1962----a       2012g
                   1863-f          1913---------E  1963----------F 2013h
                   1864--c         1914-----A      1964----@       2014-------B
                   1865---a        1915---------D  1965--b         2015------A
                   1866----@       1916------B     1966--b         2016---------E
                   1867---a        1917---------D  1967--------D   2017---------D
                   1868---a        1918--c         1968---------D  2018--------C
                   1869----------F 1919--c         1969--------C   2019-------B
                   1870----@       1920o           1970----@       2020--------C
                   1871--c         1921--c         1971-e          2021---a
                   1872--------D   1922--------C   1972-----A      2022-d
                   1873--b         1923-------B    1973-------B    2023g
                   1874------B     1924------B     1974--b
                   1875------A     1925---b        1975-------C
                   1876---a        1926--b         1976------B
                   1877----a       1927---a        1977-d
                   1878-----@      1928---------E  1978-------C
                   1879----------F 1929------B     1979---------D
                   1880--------D   1930---------D  1980----@
                   1881-----@      1931---------D  1981h
                   1882----a       1932-----A      1982-----A
                   1883------A     1933g           1983----@
                   1884------B     1934-------B    1984----------G
   1835------B     1885-f          1935i           1985-------C
   1836--c         1886--b         1936---a        1986-e
   1837g           1887---------D  1937--c         1987-------C
   1838-------B    1888------A     1938-------B    1988------B
   1839-----@      1889-e          1939---------D  1989--b
   1840-e          1890---------E  1940----------F 1990--------C
   1841----------G 1891----@       1941----a       1991k
   1842---a        1892i           1942--------C   1992f
   1843---b        1893---------E  1943---------D  1993----@
   1844----------F 1894-----A      1944------A     1994-----@
   1845--d         1895-e          1945-e          1995g
   1846---a        1896---a        1946--------C   1996----------F
   1847--c         1897------B     1947---------D  1997----a
   1848--------C   1898-f          1948---a        1998---------D
   1849-----A      1899------B     1949j           1999-----@
PART 5:  CORRELATION OF SERIES BY SEGMENTS:                                                        12:23  Mon 07 Oct 2024  Page   5
------------------------------------------------------------------------------------------------------------------------------------
 Correlations of  32-year dated segments, lagged  16 years
 Flags:  A = correlation under   .4093 but highest as dated;  B = correlation higher at other than dated position

 Seq Series  Time_span   1840 1856 1872 1888 1904 1920 1936 1952 1968 1984 2000
                         1871 1887 1903 1919 1935 1951 1967 1983 1999 2015 2031
 --- -------- ---------  ---- ---- ---- ---- ---- ---- ---- ---- ---- ---- ---- ---- ---- ---- ---- ---- ---- ---- ---- ----
   1 BIL01    1853 2023   .49  .52  .79  .90  .83  .76  .77  .79  .88  .90  .87
   2 BIL02    1844 2023   .59  .71  .84  .93  .92  .90  .90  .84  .89  .82  .76
   3 BIL03    1866 2023        .63  .70  .85  .91  .92  .93  .89  .82  .83  .83
   4 BIL04    1844 2023   .56  .61  .72  .69  .80  .88  .85  .77  .81  .87  .87
   5 BIL05    1853 2023   .74  .77  .85  .92  .94  .94  .90  .86  .86  .90  .92
   6 BIL06    1835 2023   .77  .76  .84  .87  .93  .95  .92  .90  .78  .78  .89
   7 BIL07    1852 2023   .62  .65  .79  .92  .94  .94  .92  .81  .83  .84  .81
   8 BIL08    1883 2023             .65  .81  .90  .91  .90  .87  .90  .91  .87
   9 BIL09    1865 2023        .74  .82  .89  .84  .82  .86  .83  .86  .86  .83
  10 BIL10    1865 2023        .71  .75  .79  .64  .73  .83  .79  .81  .75  .73
  11 BIL11B   1860 2023        .60  .79  .89  .91  .90  .89  .73  .70  .85  .87
  12 BIL12    1842 2023   .50  .60  .79  .83  .77  .74  .82  .80  .67  .71  .74
  13 BIL13    1851 2023   .38B .56  .75  .87  .91  .90  .90  .89  .87  .88  .69
  14 BIL14    1841 2023   .68  .68  .82  .84  .88  .89  .88  .76  .78  .81  .82
  15 BIL15    1868 2023        .78  .81  .87  .90  .92  .86  .70  .72  .86  .78
  16 BIL16    1853 2023   .70  .72  .82  .87  .94  .93  .92  .86  .80  .87  .70
  17 BIL17    1862 2023        .56  .61  .73  .82  .85  .82  .75  .78  .82  .67
  18 BIL18    1938 2023                                 .83  .61  .76  .89  .80
  19 BIL19    1873 2023             .49  .94  .91  .90  .88  .77  .77  .87  .88
  20 BIL20    1844 2023   .75  .81  .82  .88  .86  .87  .89  .88  .85  .76  .69
 Av segment correlation   .62  .67  .76  .86  .87  .88  .87  .80  .81  .84  .80
PART 6:  POTENTIAL PROBLEMS:                                                                       12:23  Mon 07 Oct 2024  Page   5
------------------------------------------------------------------------------------------------------------------------------------

 For each series with potential problems the following diagnostics may appear:

 [A] Correlations with master dating series of flagged  32-year segments of series filtered with  32-year spline,
     at every point from ten years earlier (-10) to ten years later (+10) than dated

 [B] Effect of those data values which most lower or raise correlation with master series
     Symbol following year indicates value in series is greater (>) or lesser (<) than master series value

 [C] Year-to-year changes very different from the mean change in other series

 [D] Absent rings (zero values)

 [E] Values which are statistical outliers from mean for the year
====================================================================================================================================

 BIL01     1853 to  2023     171 years                                                                                    Series   1

 [B] Entire series, effect on correlation (  .798) is:
       Lower   1920> -.013   1873> -.008   1972< -.007   1863> -.007   1948> -.005   1939< -.005  Higher   1991  .013   1935  .009

 [E] Outliers     2   3.0 SD above or -4.5 SD below mean for year
       1873 +3.0 SD;    1920 +3.5 SD
====================================================================================================================================

 BIL02     1844 to  2023     180 years                                                                                    Series   2

 [B] Entire series, effect on correlation (  .825) is:
       Lower   2013< -.011   2012> -.007   1844< -.005   1931< -.005   1874< -.004   1847< -.003  Higher   1920  .011   1935  .007

====================================================================================================================================

 BIL03     1866 to  2023     158 years                                                                                    Series   3

 [B] Entire series, effect on correlation (  .845) is:
       Lower   1999< -.008   1880< -.007   1879< -.006   1921< -.005   1980< -.005   1889> -.004  Higher   1920  .016   1935  .007

====================================================================================================================================

 BIL04     1844 to  2023     180 years                                                                                    Series   4

 [B] Entire series, effect on correlation (  .766) is:
       Lower   1858< -.010   1864> -.006   1910< -.005   1918> -.005   1888< -.005   1855> -.004  Higher   1920  .019   1949  .006

 [E] Outliers     1   3.0 SD above or -4.5 SD below mean for year
       1864 +3.1 SD
====================================================================================================================================

 BIL05     1853 to  2023     171 years                                                                                    Series   5

 [B] Entire series, effect on correlation (  .896) is:
       Lower   1966< -.007   1878< -.004   1873< -.003   1857< -.002   1974> -.002   1976> -.002  Higher   1920  .010   1991  .008

 [D]    1 Absent rings:  Year   Master  N series Absent
                         1991   -2.872      20       2

====================================================================================================================================

 BIL06     1835 to  2023     189 years                                                                                    Series   6

 [*] Early part of series cannot be checked from 1835 to 1840 -- not matched by another series

 [B] Entire series, effect on correlation (  .854) is:
       Lower   1991> -.017   1871> -.008   1999< -.004   1992< -.003   1849< -.003   1843> -.003  Higher   1920  .013   1935  .005

 [E] Outliers     2   3.0 SD above or -4.5 SD below mean for year
       1871 +3.2 SD;    1991 +3.1 SD
====================================================================================================================================

 BIL07     1852 to  2023     172 years                                                                                    Series   7

 [B] Entire series, effect on correlation (  .851) is:
       Lower   1970> -.006   2010< -.005   1878< -.004   1921> -.004   1985< -.004   1873> -.004  Higher   1920  .013   1991  .012

====================================================================================================================================

 BIL08     1883 to  2023     141 years                                                                                    Series   8

 [B] Entire series, effect on correlation (  .852) is:
       Lower   1887< -.021   1885> -.008   1899< -.005   1908> -.005   1949> -.005   1969< -.005  Higher   1991  .014   1920  .014

====================================================================================================================================

 BIL09     1865 to  2023     159 years                                                                                    Series   9

 [B] Entire series, effect on correlation (  .828) is:
       Lower   1935> -.011   1867< -.009   1960> -.007   1873> -.005   1871> -.004   2005> -.004  Higher   1991  .013   1920  .010

====================================================================================================================================

 BIL10     1865 to  2023     159 years                                                                                    Series  10

 [B] Entire series, effect on correlation (  .739) is:
       Lower   1920> -.022   1873> -.007   1986> -.007   1964< -.006   2000> -.006   1870< -.005  Higher   1991  .024   1935  .010

 [E] Outliers     1   3.0 SD above or -4.5 SD below mean for year
       1986 +3.9 SD
====================================================================================================================================

 BIL11B    1860 to  2023     164 years                                                                                    Series  11

 [B] Entire series, effect on correlation (  .813) is:
       Lower   1869< -.010   1971> -.008   1873> -.007   1970< -.006   1935> -.005   1968< -.004  Higher   1920  .016   1949  .006

====================================================================================================================================

 BIL12     1842 to  2023     182 years                                                                                    Series  12

 [B] Entire series, effect on correlation (  .723) is:
       Lower   1999< -.014   1933> -.012   1845> -.007   1992> -.007   1888< -.006   1858> -.006  Higher   1920  .014   1960  .009

 [E] Outliers     2   3.0 SD above or -4.5 SD below mean for year
       1933 +3.7 SD;    1992 +3.3 SD
====================================================================================================================================

 BIL13     1851 to  2023     173 years                                                                                    Series  13

 [A] Segment   High   -10   -9   -8   -7   -6   -5   -4   -3   -2   -1   +0   +1   +2   +3   +4   +5   +6   +7   +8   +9  +10
    ---------  ----   ---  ---  ---  ---  ---  ---  ---  ---  ---  ---  ---  ---  ---  ---  ---  ---  ---  ---  ---  ---  ---
    1851 1882   -7    .12  .21 -.14  .39*-.21  .19 -.05 -.09  .04 -.35  .38|-.13 -.21  .08 -.04  .11 -.04  .03  .16  .13 -.11

 [B] Entire series, effect on correlation (  .794) is:
       Lower   1852< -.019   2023> -.009   1873> -.006   2021< -.005   1933> -.005   1858> -.004  Higher   1991  .018   1920  .011
     1851 to 1882 segment:
       Lower   1852< -.102   1873> -.041   1856> -.028   1871> -.027   1858> -.024   1880< -.020  Higher   1863  .104   1872  .037

 [E] Outliers     2   3.0 SD above or -4.5 SD below mean for year
       1852 -5.1 SD;    2023 +3.0 SD
====================================================================================================================================

 BIL14     1841 to  2023     183 years                                                                                    Series  14

 [B] Entire series, effect on correlation (  .805) is:
       Lower   1872< -.007   1865> -.006   1983< -.006   1970> -.006   1924< -.003   1856> -.003  Higher   1920  .013   1904  .004

 [E] Outliers     2   3.0 SD above or -4.5 SD below mean for year
       1865 +3.0 SD;    1970 +3.1 SD
====================================================================================================================================

 BIL15     1868 to  2023     156 years                                                                                    Series  15

 [B] Entire series, effect on correlation (  .823) is:
       Lower   1980< -.020   1872< -.010   1970< -.005   1966> -.004   1868> -.004   1992> -.004  Higher   1920  .018   1991  .010

====================================================================================================================================

 BIL16     1853 to  2023     171 years                                                                                    Series  16

 [B] Entire series, effect on correlation (  .830) is:
       Lower   2016< -.017   2023> -.009   2022< -.007   1988< -.006   1868< -.004   1875< -.004  Higher   1920  .012   1935  .006

====================================================================================================================================

 BIL17     1862 to  2023     162 years                                                                                    Series  17

 [B] Entire series, effect on correlation (  .749) is:
       Lower   1884< -.014   1992> -.007   1918< -.007   2023> -.006   1985< -.006   2016< -.005  Higher   1991  .023   1920  .017

 [E] Outliers     1   3.0 SD above or -4.5 SD below mean for year
       1992 +3.4 SD
====================================================================================================================================

 BIL18     1938 to  2023      86 years                                                                                    Series  18

 [B] Entire series, effect on correlation (  .759) is:
       Lower   1970< -.085   2020< -.007   2002> -.006   1971> -.006   1938< -.006   2000> -.006  Higher   1991  .043   2012  .011

 [E] Outliers     1   3.0 SD above or -4.5 SD below mean for year
       1970 -6.8 SD
====================================================================================================================================

 BIL19     1873 to  2023     151 years                                                                                    Series  19

 [B] Entire series, effect on correlation (  .709) is:
       Lower   1873< -.145   1968< -.009   1876> -.004   1981> -.004   1875> -.003   1922< -.003  Higher   1920  .014   1935  .007

 [C] Year-to-year changes diverging by over 4.0 std deviations:
       1873 1874   5.3 SD

 [E] Outliers     1   3.0 SD above or -4.5 SD below mean for year
       1873-13.0 SD
====================================================================================================================================

 BIL20     1844 to  2023     180 years                                                                                    Series  20

 [B] Entire series, effect on correlation (  .815) is:
       Lower   1977< -.018   2018< -.006   1918> -.006   2002< -.006   2013> -.005   1853< -.003  Higher   1991  .016   1920  .010

 [D]    2 Absent rings:  Year   Master  N series Absent
                         1977    -.967      20       1
                         1991   -2.872      20       2

 [E] Outliers     1   3.0 SD above or -4.5 SD below mean for year
       1977 -6.4 SD
====================================================================================================================================
PART 7:  DESCRIPTIVE STATISTICS:                                                                   12:23  Mon 07 Oct 2024  Page   6
------------------------------------------------------------------------------------------------------------------------------------

                                                Corr   //-------- Unfiltered --------\\  //---- Filtered -----\\
                           No.    No.    No.    with   Mean   Max     Std   Auto   Mean   Max     Std   Auto  AR
 Seq Series   Interval   Years  Segmt  Flags   Master  msmt   msmt    dev   corr   sens  value    dev   corr  ()
 --- -------- ---------  -----  -----  -----   ------ -----  -----  -----  -----  -----  -----  -----  -----  --
   1 BIL01    1853 2023    171     11      0    .798    .79   1.74   .336   .552   .335   2.53   .360  -.014   3
   2 BIL02    1844 2023    180     11      0    .825    .38   1.53   .238   .648   .428   2.60   .486   .007   1
   3 BIL03    1866 2023    158     10      0    .845    .54   1.91   .326   .701   .399   2.78   .434   .024   2
   4 BIL04    1844 2023    180     11      0    .766    .57   1.71   .331   .492   .450   2.89   .513   .027   3
   5 BIL05    1853 2023    171     11      0    .896    .35    .85   .167   .459   .439   2.55   .407   .018   2
   6 BIL06    1835 2023    189     11      0    .854    .39   1.34   .208   .545   .422   2.76   .415   .009   2
   7 BIL07    1852 2023    172     11      0    .851    .45   1.03   .180   .522   .336   2.62   .434   .018   1
   8 BIL08    1883 2023    141      9      0    .852    .76   1.90   .419   .590   .446   2.64   .514   .006   2
   9 BIL09    1865 2023    159     10      0    .828    .64   1.58   .321   .668   .325   2.67   .482   .029   1
  10 BIL10    1865 2023    159     10      0    .739    .50   1.11   .194   .548   .299   2.65   .387  -.017   2
  11 BIL11B   1860 2023    164     10      0    .813    .60   1.27   .221   .474   .326   2.81   .503   .011   1
  12 BIL12    1842 2023    182     11      0    .723    .45   1.30   .240   .585   .381   2.84   .465  -.048   2
  13 BIL13    1851 2023    173     11      1    .794    .49   1.40   .296   .643   .436   2.49   .419  -.019   2
  14 BIL14    1841 2023    183     11      0    .805    .49   1.12   .217   .523   .366   2.64   .469   .007   1
  15 BIL15    1868 2023    156     10      0    .823    .52   2.36   .347   .647   .448   2.55   .407  -.007   2
  16 BIL16    1853 2023    171     11      0    .830    .41   1.20   .227   .592   .455   2.85   .503  -.014   1
  17 BIL17    1862 2023    162     10      0    .749    .34    .86   .181   .585   .390   2.70   .445  -.016   1
  18 BIL18    1938 2023     86      5      0    .759    .82   2.09   .454   .640   .403   2.49   .468  -.036   1
  19 BIL19    1873 2023    151      9      0    .709    .44   1.22   .312   .787   .435   2.44   .272   .006   2
  20 BIL20    1844 2023    180     11      0    .815    .45   1.35   .274   .605   .496   2.72   .462  -.014   1
 --- -------- ---------  -----  -----  -----   ------ -----  -----  -----  -----  -----  -----  -----  -----  --
 Total or mean:           3288    204      1    .805    .51   2.36   .268   .587   .401   2.89   .442   .000

                                              - = [  COFECHA BIL  COF  ] = -
