[]  Dendrochronology Program Library                                        Run 8      Program COF  15:30  Wed 04 Oct 2023  Page   1
[]
[]  P R O G R A M      C O F E C H A                                                                          Version 6.06P    32420
------------------------------------------------------------------------------------------------------------------------------------

 QUALITY CONTROL AND DATING CHECK OF TREE-RING MEASUREMENTS

 Title of run:           8                                       

 File of DATED series:   8.rwl

 CONTENTS:

    Part 1:  Title page, options selected, summary, absent rings by series
    Part 2:  Histogram of time spans
    Part 3:  Master series with sample depth and absent rings by year
    Part 4:  Bar plot of Master Dating Series
    Part 5:  Correlation by segment of each series with Master
    Part 6:  Potential problems: low correlation, divergent year-to-year changes, absent rings, outliers
    Part 7:  Descriptive statistics

 RUN CONTROL OPTIONS SELECTED                             VALUE

         1  Cubic smoothing spline 50% wavelength cutoff for filtering
                                                            32 years
         2  Segments examined are                           32 years lagged successively by  16 years
         3  Autoregressive model applied                     A  Residuals are used in master dating series and testing
         4  Series transformed to logarithms                 Y  Each series log-transformed for master dating series and testing
         5  CORRELATION is Pearson (parametric, quantitative)
            Critical correlation, 99% confidence level   .4093
         6  Master dating series saved                       N
         7  Ring measurements listed                         N
         8  Parts printed                              1234567 
         9  Absent rings are omitted from master series and segment correlations  (Y)

 Time span of Master dating series is  1509 to  2021   513 years
 Continuous time span is               1509 to  2021   513 years
 Portion with two or more series is    1512 to  2021   510 years


                                        ****************************************
                                        *C* Number of dated series        20 *C*
                                        *O* Master series 1509 2021  513 yrs *O*
                                        *F* Total rings in all series   6644 *F*
                                        *E* Total dated rings checked   6641 *E*
                                        *C* Series intercorrelation     .811 *C*
                                        *H* Average mean sensitivity    .441 *H*
                                        *A* Segments, possible problems    2 *A*
                                        *** Mean length of series      332.2 ***
                                        ****************************************

 ABSENT RINGS listed by SERIES:            (See Master Dating Series for absent rings listed by year)

 MONCHO01    2 absent rings:   1817  1887
 MONCHO03    3 absent rings:   1817  1837  1841
 MONCHO04    3 absent rings:   1542  1645  1817
 MONCHO05    8 absent rings:   1529  1557  1580  1680  1730  1762  1817  1837
 MONCHO07    1 absent rings:   1762
 MONCHO08    3 absent rings:   1817  1837  1841
 MONCHO11    2 absent rings:   1817  1837
 MONCHO13    1 absent rings:   1837
 MONCHO14    4 absent rings:   1817  1818  1837  1887
 MONCHO16    2 absent rings:   1680  1837
 MONCHO19    2 absent rings:   1817  1837
 MONCHO20    6 absent rings:   1796  1801  1803  1817  1837  1887
 MONCHO26    4 absent rings:   1801  1817  1837  1841
 MONCHO40    4 absent rings:   1801  1817  1837  1841

            45 absent rings    .677%
PART 2:  TIME PLOT OF TREE-RING SERIES: 8                                                          15:30  Wed 04 Oct 2023  Page   2
------------------------------------------------------------------------------------------------------------------------------------
 1050 1100 1150 1200 1250 1300 1350 1400 1450 1500 1550 1600 1650 1700 1750 1800 1850 1900 1950 2000 2050 Ident   Seq Time-span  Yrs
   :    :    :    :    :    :    :    :    :    :    :    :    :    :    :    :    :    :    :    :    : -------- --- ---- ---- ----
   .    .    .    .    .    .    .    .    .    .    .    .    .<===================================>  . MONCHO01   1 1666 2021  356
   .    .    .    .    .    .    .    .    .    .    .    .    .    .    .    .   <=================>  . MONCHO02   2 1846 2021  176
   .    .    .    .    .    .    .    .    .    .<==================================================>  . MONCHO03   3 1519 2021  503
   .    .    .    .    .    .    .    .    .    .<==================================================>  . MONCHO04   4 1512 2021  510
   .    .    .    .    .    .    .    .    .    <===================================================>  . MONCHO05   5 1509 2021  513
   .    .    .    .    .    .    .    .    .    .    .    .    .    .    .    .    <================>  . MONCHO06   6 1859 2021  163
   .    .    .    .    .    .    .    .    .    .    .    .    .   <================================>  . MONCHO07   7 1691 2021  331
   .    .    .    .    .    .    .    .    .    .    .    .    .    <==============================>   . MONCHO08   8 1708 2018  311
   .    .    .    .    .    .    .    .    .    .    .    .    .    .  <============================>  . MONCHO11   9 1737 2021  285
   .    .    .    .    .    .    .    .    .    .    .    .    .    .    .    .    .  <=============>  . MONCHO12  10 1882 2021  140
   .    .    .    .    .    .    .    .    .    .    .    .    .    .    <==========================>  . MONCHO13  11 1752 2021  270
   .    .    .    .    .    .    .    .    .    .    .  <===========================================>  . MONCHO14  12 1588 2021  434
   .    .    .    .    .    .    .    .    .    .   <===============================================>  . MONCHO16  13 1548 2021  474
   .    .    .    .    .    .    .    .    .    .    .  <===========================================>  . MONCHO17  14 1585 2021  437
   .    .    .    .    .    .    .    .    .    .    .    <=========================================>  . MONCHO19  15 1609 2021  413
   .    .    .    .    .    .    .    .    .    .    .    .    .    .    <==========================>  . MONCHO20  16 1755 2021  267
   .    .    .    .    .    .    .    .    .    .    .    .    .    .    .<=========================>  . MONCHO24  17 1760 2021  262
   .    .    .    .    .    .    .    .    .    .    .    .    .    .<==============================>  . MONCHO26  18 1717 2021  305
   .    .    .    .    .    .    .    .    .    .    .    .    .    .    .    <=====================>  . MONCHO31  19 1800 2021  222
   .    .    .    .    .    .    .    .    .    .    .    .    .    .    <==========================>  . MONCHO40  20 1750 2021  272
   :    :    :    :    :    :    :    :    :    :    :    :    :    :    :    :    :    :    :    :    :
 1050 1100 1150 1200 1250 1300 1350 1400 1450 1500 1550 1600 1650 1700 1750 1800 1850 1900 1950 2000 2050
PART 3:  Master Dating Series: 8                                                                   15:30  Wed 04 Oct 2023  Page   3
------------------------------------------------------------------------------------------------------------------------------------
  Year  Value  No Ab    Year  Value  No Ab    Year  Value  No Ab    Year  Value  No Ab    Year  Value  No Ab    Year  Value  No Ab
  ------------------    ------------------    ------------------    ------------------    ------------------    ------------------
                        1550   .665   4       1600   .656   6       1650   .092   7       1700   .072   9       1750  1.224  13
                        1551  -.191   4       1601  -.958   6       1651  -.560   7       1701   .676   9       1751  -.420  13
                        1552  1.463   4       1602  -.222   6       1652  -.733   7       1702   .695   9       1752   .358  14
                        1553   .186   4       1603   .844   6       1653  -.395   7       1703   .758   9       1753  -.609  14
                        1554  -.420   4       1604   .635   6       1654   .523   7       1704   .859   9       1754  -.980  14
                        1555  1.001   4       1605 -2.808   6       1655  1.308   7       1705  -.215   9       1755   .505  15
                        1556  -.108   4       1606  1.258   6       1656  -.352   7       1706  -.658   9       1756   .137  15
                        1557 -4.343   4  1    1607   .231   6       1657   .882   7       1707   .729   9       1757  1.431  15
                        1558   .694   4       1608   .564   6       1658  1.041   7       1708   .249  10       1758   .949  15
  1509   .947   1       1559  -.728   4       1609  -.935   7       1659   .315   7       1709  -.620  10       1759   .583  15

  1510   .143   1       1560  -.728   4       1610   .750   7       1660   .095   7       1710   .570  10       1760   .214  16
  1511 -2.524   1       1561   .523   4       1611  -.598   7       1661 -2.645   7       1711 -2.014  10       1761  -.782  16
  1512 -1.617   2       1562  -.279   4       1612   .413   7       1662 -1.254   7       1712  -.093  10       1762 -3.634  16  2
  1513  1.114   2       1563  1.106   4       1613  1.091   7       1663   .198   7       1713   .202  10       1763   .764  16
  1514   .713   2       1564   .131   4       1614  -.546   7       1664  1.351   7       1714   .327  10       1764   .125  16
  1515   .508   2       1565   .121   4       1615   .667   7       1665   .291   7       1715  -.136  10       1765   .688  16
  1516  -.098   2       1566  -.798   4       1616   .099   7       1666   .049   8       1716  1.585  10       1766   .714  16
  1517   .562   2       1567   .063   4       1617  -.256   7       1667   .599   8       1717 -1.299  11       1767   .278  16
  1518   .571   2       1568  1.637   4       1618  -.239   7       1668  -.459   8       1718  -.463  11       1768  -.106  16
  1519  1.043   3       1569   .731   4       1619 -1.295   7       1669  -.509   8       1719  -.357  11       1769  -.608  16

  1520   .577   3       1570   .085   4       1620 -2.498   7       1670   .501   8       1720   .793  11       1770 -2.244  16
  1521 -1.320   3       1571  -.060   4       1621   .877   7       1671  -.368   8       1721   .604  11       1771   .834  16
  1522  -.301   3       1572 -1.861   4       1622  -.898   7       1672  1.061   8       1722   .210  11       1772  -.388  16
  1523  -.993   3       1573   .661   4       1623   .728   7       1673  1.227   8       1723  1.655  11       1773   .282  16
  1524  -.138   3       1574  -.127   4       1624   .790   7       1674   .885   8       1724  -.847  11       1774   .633  16
  1525   .454   3       1575  2.022   4       1625   .939   7       1675 -1.754   8       1725  -.888  11       1775   .732  16
  1526   .432   3       1576  -.635   4       1626   .976   7       1676  -.338   8       1726   .481  11       1776  -.927  16
  1527  1.313   3       1577   .213   4       1627  -.342   7       1677   .716   8       1727   .267  11       1777   .405  16
  1528  -.098   3       1578  -.172   4       1628 -1.068   7       1678   .030   8       1728  1.220  11       1778  1.222  16
  1529  -.771   3  1    1579   .893   4       1629  -.025   7       1679  -.497   8       1729  -.794  11       1779 -2.264  16

  1530 -1.039   3       1580 -3.203   4  1    1630  1.266   7       1680 -2.373   8  2    1730 -2.435  11  1    1780 -3.072  16
  1531  -.512   3       1581   .239   4       1631  1.124   7       1681  -.208   8       1731   .287  11       1781   .382  16
  1532   .504   3       1582  -.191   4       1632  -.835   7       1682  1.091   8       1732  1.520  11       1782   .475  16
  1533   .864   3       1583  -.819   4       1633   .268   7       1683   .191   8       1733   .209  11       1783   .248  16
  1534   .146   3       1584   .751   4       1634  -.338   7       1684  -.107   8       1734   .677  11       1784   .395  16
  1535   .394   3       1585 -2.288   5       1635  -.253   7       1685   .098   8       1735  -.419  11       1785   .916  16
  1536   .680   3       1586   .558   5       1636  -.037   7       1686   .509   8       1736   .771  11       1786   .216  16
  1537   .752   3       1587  -.144   5       1637  -.256   7       1687  -.096   8       1737  -.205  12       1787   .511  16
  1538   .236   3       1588   .877   6       1638   .976   7       1688  -.098   8       1738  -.018  12       1788   .318  16
  1539   .670   3       1589 -1.917   6       1639   .973   7       1689   .652   8       1739  1.182  12       1789  1.810  16

  1540   .433   3       1590   .238   6       1640  1.151   7       1690 -1.468   8       1740 -1.812  12       1790  -.542  16
  1541 -1.316   3       1591   .760   6       1641   .573   7       1691   .370   9       1741  -.801  12       1791   .420  16
  1542 -2.075   3  1    1592   .828   6       1642 -1.280   7       1692  -.520   9       1742  -.205  12       1792   .927  16
  1543 -1.059   3       1593   .573   6       1643 -1.751   7       1693  1.289   9       1743  -.596  12       1793   .432  16
  1544  -.054   3       1594  -.459   6       1644   .533   7       1694   .813   9       1744  -.989  12       1794 -1.868  16
  1545  -.823   3       1595  1.339   6       1645 -2.300   7  1    1695 -1.331   9       1745   .568  12       1795  -.584  16
  1546  -.730   3       1596   .884   6       1646   .107   7       1696  -.868   9       1746  -.365  12       1796  -.777  16  1
  1547  1.047   3       1597 -1.865   6       1647   .720   7       1697   .495   9       1747  -.609  12       1797   .084  16
  1548   .140   4       1598  1.024   6       1648  -.168   7       1698 -1.887   9       1748   .365  12       1798  1.058  16
  1549   .815   4       1599   .110   6       1649   .340   7       1699   .395   9       1749  1.324  12       1799   .807  16
PART 3:  Master Dating Series: 8                                                                   15:30  Wed 04 Oct 2023  Page   4
------------------------------------------------------------------------------------------------------------------------------------
  Year  Value  No Ab    Year  Value  No Ab    Year  Value  No Ab    Year  Value  No Ab    Year  Value  No Ab    Year  Value  No Ab
  ------------------    ------------------    ------------------    ------------------    ------------------    ------------------
  1800   .275  17       1850   .458  18       1900  -.374  20       1950 -1.308  20       2000 -1.098  20
  1801 -3.044  17  3    1851  -.535  18       1901  1.101  20       1951   .730  20       2001   .526  20
  1802   .322  17       1852  -.145  18       1902  1.612  20       1952   .380  20       2002  -.109  20
  1803  -.480  17  1    1853  -.160  18       1903   .931  20       1953   .128  20       2003  -.328  20
  1804  -.898  17       1854   .595  18       1904  -.404  20       1954  -.774  20       2004   .587  20
  1805   .814  17       1855  1.198  18       1905 -1.268  20       1955  -.627  20       2005   .992  20
  1806  -.312  17       1856  -.013  18       1906  -.489  20       1956  1.738  20       2006   .405  20
  1807   .378  17       1857 -1.584  18       1907   .681  20       1957  -.664  20       2007  1.204  20
  1808   .579  17       1858  1.916  18       1908  -.018  20       1958   .462  20       2008  -.451  20
  1809   .287  17       1859   .009  19       1909  -.385  20       1959  -.495  20       2009  -.414  20

  1810   .523  17       1860   .812  19       1910  -.574  20       1960  1.152  20       2010 -1.332  20
  1811  1.649  17       1861  1.107  19       1911   .706  20       1961  1.183  20       2011   .583  20
  1812  -.195  17       1862  -.477  19       1912  1.205  20       1962 -3.835  20       2012   .641  20
  1813  -.302  17       1863 -2.082  19       1913   .658  20       1963  -.460  20       2013  -.032  20
  1814  -.162  17       1864 -1.566  19       1914  1.677  20       1964   .090  20       2014 -1.396  20
  1815  -.215  17       1865  -.224  19       1915 -1.883  20       1965   .290  20       2015   .711  20
  1816   .661  17       1866   .598  19       1916  -.732  20       1966   .373  20       2016   .074  20
  1817 -1.759  17 11    1867   .594  19       1917   .995  20       1967   .435  20       2017 -1.639  20
  1818 -1.109  17  1    1868   .303  19       1918  -.686  20       1968   .284  20       2018   .330  20
  1819  1.111  17       1869   .392  19       1919   .061  20       1969   .488  20       2019  1.016  19

  1820   .737  17       1870  1.151  19       1920  1.102  20       1970   .366  20       2020  -.126  19
  1821   .406  17       1871  -.358  19       1921  -.310  20       1971   .588  20       2021   .498  19
  1822 -1.474  17       1872  -.333  19       1922   .510  20       1972 -1.499  20
  1823   .446  17       1873   .000  19       1923  -.560  20       1973   .684  20
  1824   .610  17       1874  -.161  19       1924  -.727  20       1974  1.718  20
  1825   .334  17       1875 -3.026  19       1925   .547  20       1975   .104  20
  1826   .882  17       1876   .376  19       1926 -1.343  20       1976   .588  20
  1827 -1.587  17       1877  -.098  19       1927 -1.188  20       1977  1.250  20
  1828   .173  17       1878  1.069  19       1928  -.934  20       1978 -2.556  20
  1829  -.457  17       1879   .128  19       1929 -1.379  20       1979 -2.347  20

  1830  -.036  17       1880   .472  19       1930   .742  20       1980   .074  20
  1831  -.013  17       1881   .984  19       1931  -.283  20       1981  -.504  20
  1832  -.017  17       1882   .447  20       1932  -.605  20       1982  -.047  20
  1833   .627  17       1883   .647  20       1933  1.051  20       1983   .635  20
  1834   .240  17       1884  -.325  20       1934  -.292  20       1984 -1.387  20
  1835   .956  17       1885   .808  20       1935   .570  20       1985   .641  20
  1836  1.408  17       1886  -.824  20       1936  1.024  20       1986  1.113  20
  1837 -2.907  17 11    1887 -1.943  20  3    1937  -.198  20       1987   .471  20
  1838   .683  17       1888   .394  20       1938   .980  20       1988   .077  20
  1839   .613  17       1889   .455  20       1939  1.015  20       1989  -.087  20

  1840   .589  17       1890   .805  20       1940  2.007  20       1990   .224  20
  1841 -2.388  17  4    1891  1.107  20       1941 -1.203  20       1991   .193  20
  1842   .518  17       1892 -1.843  20       1942   .187  20       1992 -1.981  20
  1843  1.001  17       1893  -.981  20       1943  -.129  20       1993   .778  20
  1844  -.354  17       1894   .053  20       1944   .471  20       1994   .673  20
  1845   .455  17       1895   .907  20       1945 -1.609  20       1995   .606  20
  1846   .664  18       1896 -1.212  20       1946  -.809  20       1996  -.905  20
  1847   .342  18       1897   .538  20       1947   .806  20       1997  1.120  20
  1848 -1.009  18       1898   .179  20       1948   .222  20       1998 -1.516  20
  1849 -1.860  18       1899  -.534  20       1949  -.579  20       1999  1.221  20
------------------------------------------------------------------------------------------------------------------------------------
PART 4:  Master Bar Plot: 8                                                                        15:30  Wed 04 Oct 2023  Page   5
------------------------------------------------------------------------------------------------------------------------------------
   Year Rel value  Year Rel value  Year Rel value  Year Rel value  Year Rel value  Year Rel value  Year Rel value  Year Rel value
                   1550--------C   1600--------C   1650-----@      1700----@       1750----------E 1800-----A      1850------B
                   1551---a        1601-d          1651--b         1701--------C   1751---b        1801l           1851--b
                   1552----------F 1602---a        1652--c         1702--------C   1752------A     1802------A     1852----a
                   1553-----A      1603--------C   1653---b        1703--------C   1753--b         1803--b         1853----a
                   1554---b        1604-------C    1654-------B    1704---------C  1754-d          1804-d          1854-------B
                   1555---------D  1605k           1655----------E 1705---a        1755-------B    1805--------C   1855----------E
                   1556----@       1606----------E 1656---a        1706--c         1756-----A      1806---a        1856----@
                   1557q           1607-----A      1657---------D  1707--------C   1757----------F 1807------B     1857f
                   1558--------C   1608-------B    1658---------D  1708-----A      1758---------D  1808-------B    1858----------H
   1509---------D  1559--c         1609-d          1659------A     1709--b         1759-------B    1809-----A      1859----@
   1510-----A      1560--c         1610--------C   1660-----@      1710-------B    1760-----A      1810-------B    1860--------C
   1511j           1561-------B    1611--b         1661k           1711h           1761--c         1811----------G 1861---------D
   1512f           1562---a        1612------B     1662-e          1712----@       1762o           1812---a        1862--b
   1513---------D  1563---------D  1613---------D  1663-----A      1713-----A      1763--------C   1813---a        1863h
   1514--------C   1564-----A      1614--b         1664----------E 1714------A     1764-----@      1814----a       1864f
   1515-------B    1565-----@      1615--------C   1665-----A      1715----a       1765--------C   1815---a        1865---a
   1516----@       1566-c          1616-----@      1666----@       1716----------F 1766--------C   1816--------C   1866-------B
   1517-------B    1567----@       1617---a        1667-------B    1717-e          1767-----A      1817g           1867-------B
   1518-------B    1568----------G 1618---a        1668--b         1718--b         1768----@       1818-d          1868-----A
   1519---------D  1569--------C   1619-e          1669--b         1719---a        1769--b         1819---------D  1869------B
   1520-------B    1570----@       1620j           1670-------B    1720--------C   1770i           1820--------C   1870----------E
   1521-e          1571----@       1621---------D  1671---a        1721-------B    1771--------C   1821------B     1871---a
   1522---a        1572g           1622-d          1672---------D  1722-----A      1772---b        1822-f          1872---a
   1523-d          1573--------C   1623--------C   1673----------E 1723----------G 1773-----A      1823------B     1873----@
   1524----a       1574----a       1624--------C   1674---------D  1724-c          1774-------C    1824-------B    1874----a
   1525------B     1575----------H 1625---------D  1675g           1725-d          1775--------C   1825------A     1875l
   1526------B     1576--c         1626---------D  1676---a        1726------B     1776-d          1826---------D  1876------B
   1527----------E 1577-----A      1627---a        1677--------C   1727-----A      1777------B     1827f           1877----@
   1528----@       1578---a        1628-d          1678----@       1728----------E 1778----------E 1828-----A      1878---------D
   1529--c         1579---------D  1629----@       1679--b         1729-c          1779i           1829--b         1879-----A
   1530-d          1580m           1630----------E 1680i           1730j           1780l           1830----@       1880------B
   1531--b         1581-----A      1631----------D 1681---a        1731-----A      1781------B     1831----@       1881---------D
   1532-------B    1582---a        1632-c          1682---------D  1732----------F 1782------B     1832----@       1882------B
   1533---------C  1583-c          1633-----A      1683-----A      1733-----A      1783-----A      1833-------C    1883--------C
   1534-----A      1584--------C   1634---a        1684----@       1734--------C   1784------B     1834-----A      1884---a
   1535------B     1585i           1635---a        1685-----@      1735---b        1785---------D  1835---------D  1885--------C
   1536--------C   1586-------B    1636----@       1686-------B    1736--------C   1786-----A      1836----------F 1886-c
   1537--------C   1587----a       1637---a        1687----@       1737---a        1787-------B    1837l           1887h
   1538-----A      1588---------D  1638---------D  1688----@       1738----@       1788------A     1838--------C   1888------B
   1539--------C   1589h           1639---------D  1689--------C   1739----------E 1789----------G 1839-------B    1889------B
   1540------B     1590-----A      1640----------E 1690-f          1740g           1790--b         1840-------B    1890--------C
   1541-e          1591--------C   1641-------B    1691------A     1741-c          1791------B     1841j           1891---------D
   1542h           1592--------C   1642-e          1692--b         1742---a        1792---------D  1842-------B    1892g
   1543-d          1593-------B    1643g           1693----------E 1743--b         1793------B     1843---------D  1893-d
   1544----@       1594--b         1644-------B    1694--------C   1744-d          1794g           1844---a        1894----@
   1545-c          1595----------E 1645i           1695-e          1745-------B    1795--b         1845------B     1895---------D
   1546--c         1596---------D  1646-----@      1696-c          1746---a        1796--c         1846--------C   1896-e
   1547---------D  1597g           1647--------C   1697-------B    1747--b         1797----@       1847------A     1897-------B
   1548-----A      1598---------D  1648---a        1698h           1748------A     1798---------D  1848-d          1898-----A
   1549--------C   1599-----@      1649------A     1699------B     1749----------E 1799--------C   1849g           1899--b
PART 4:  Master Bar Plot: 8                                                                        15:30  Wed 04 Oct 2023  Page   6
------------------------------------------------------------------------------------------------------------------------------------
   Year Rel value  Year Rel value  Year Rel value  Year Rel value  Year Rel value  Year Rel value  Year Rel value  Year Rel value
   1900---a        1950-e          2000-d
   1901---------D  1951--------C   2001-------B
   1902----------F 1952------B     2002----@
   1903---------D  1953-----A      2003---a
   1904---b        1954--c         2004-------B
   1905-e          1955--c         2005---------D
   1906--b         1956----------G 2006------B
   1907--------C   1957--c         2007----------E
   1908----@       1958------B     2008--b
   1909---b        1959--b         2009---b
   1910--b         1960----------E 2010-e
   1911--------C   1961----------E 2011-------B
   1912----------E 1962o           2012-------C
   1913--------C   1963--b         2013----@
   1914----------G 1964-----@      2014-f
   1915h           1965-----A      2015--------C
   1916--c         1966------A     2016----@
   1917---------D  1967------B     2017g
   1918--c         1968-----A      2018------A
   1919----@       1969------B     2019---------D
   1920---------D  1970------A     2020----a
   1921---a        1971-------B    2021-------B
   1922-------B    1972-f
   1923--b         1973--------C
   1924--c         1974----------G
   1925-------B    1975-----@
   1926-e          1976-------B
   1927-e          1977----------E
   1928-d          1978j
   1929-f          1979i
   1930--------C   1980----@
   1931---a        1981--b
   1932--b         1982----@
   1933---------D  1983-------C
   1934---a        1984-f
   1935-------B    1985-------C
   1936---------D  1986---------D
   1937---a        1987------B
   1938---------D  1988----@
   1939---------D  1989----@
   1940----------H 1990-----A
   1941-e          1991-----A
   1942-----A      1992h
   1943----a       1993--------C
   1944------B     1994--------C
   1945f           1995-------B
   1946-c          1996-d
   1947--------C   1997----------D
   1948-----A      1998f
   1949--b         1999----------E
PART 5:  CORRELATION OF SERIES BY SEGMENTS: 8                                                      15:30  Wed 04 Oct 2023  Page   5
------------------------------------------------------------------------------------------------------------------------------------
 Correlations of  32-year dated segments, lagged  16 years
 Flags:  A = correlation under   .4093 but highest as dated;  B = correlation higher at other than dated position

 Seq Series  Time_span   1504 1520 1536 1552 1568 1584 1600 1616 1632 1648 1664 1680 1696 1712 1728 1744 1760 1776 1792 1808
                         1535 1551 1567 1583 1599 1615 1631 1647 1663 1679 1695 1711 1727 1743 1759 1775 1791 1807 1823 1839
 --- -------- ---------  ---- ---- ---- ---- ---- ---- ---- ---- ---- ---- ---- ---- ---- ---- ---- ---- ---- ---- ---- ----
   1 MONCHO01 1666 2021                                                     .70  .68  .83  .89  .79  .78  .82  .74  .76  .90
   3 MONCHO03 1519 2021   .50  .47  .73  .80  .87  .82  .73  .86  .81  .51  .49  .76  .91  .93  .91  .94  .95  .90  .56  .41
   4 MONCHO04 1512 2021   .50  .54  .80  .87  .84  .81  .89  .88  .77  .80  .82  .81  .87  .88  .79  .83  .87  .77  .74  .83
   5 MONCHO05 1509 2021   .69  .70  .71  .76  .88  .89  .86  .66  .63  .80  .69  .77  .85  .74  .74  .85  .84  .83  .84  .86
   7 MONCHO07 1691 2021                                                          .57  .81  .89  .91  .86  .95  .95  .91  .95
   8 MONCHO08 1708 2018                                                               .76  .78  .83  .92  .93  .93  .79  .65
   9 MONCHO11 1737 2021                                                                         .80  .80  .85  .85  .80  .80
  11 MONCHO13 1752 2021                                                                              .67  .71  .81  .82  .87
  12 MONCHO14 1588 2021                            .76  .78  .74  .57  .64  .80  .82  .77  .84  .91  .91  .91  .90  .88  .89
  13 MONCHO16 1548 2021             .92  .95  .94  .89  .80  .82  .84  .81  .81  .84  .82  .85  .87  .93  .95  .91  .86  .87
  14 MONCHO17 1585 2021                            .90  .94  .65  .50  .63  .52  .42  .48  .84  .89  .90  .93  .86  .62  .37A
  15 MONCHO19 1609 2021                                 .75  .84  .91  .71  .67  .65  .65  .84  .88  .92  .88  .82  .80  .89
  16 MONCHO20 1755 2021                                                                              .67  .68  .75  .62  .67
  17 MONCHO24 1760 2021                                                                                   .80  .79  .84  .81
  18 MONCHO26 1717 2021                                                                    .58  .54  .65  .81  .79  .47  .41A
  19 MONCHO31 1800 2021                                                                                             .71  .83
  20 MONCHO40 1750 2021                                                                              .67  .71  .67  .72  .71
 Av segment correlation   .56  .57  .79  .84  .88  .85  .82  .78  .72  .70  .69  .70  .78  .82  .82  .82  .85  .83  .75  .75
PART 5:  CORRELATION OF SERIES BY SEGMENTS: 8                                                      15:30  Wed 04 Oct 2023  Page   6
------------------------------------------------------------------------------------------------------------------------------------
 Correlations of  32-year dated segments, lagged  16 years
 Flags:  A = correlation under   .4093 but highest as dated;  B = correlation higher at other than dated position

 Seq Series  Time_span   1824 1840 1856 1872 1888 1904 1920 1936 1952 1968 1984 2000
                         1855 1871 1887 1903 1919 1935 1951 1967 1983 1999 2015 2031
 --- -------- ---------  ---- ---- ---- ---- ---- ---- ---- ---- ---- ---- ---- ---- ---- ---- ---- ---- ---- ---- ---- ----
   1 MONCHO01 1666 2021   .92  .96  .87  .83  .88  .83  .88  .80  .81  .86  .79  .70
   2 MONCHO02 1846 2021        .83  .85  .89  .94  .90  .88  .85  .87  .87  .84  .85
   3 MONCHO03 1519 2021   .78  .84  .87  .89  .93  .88  .79  .88  .95  .91  .84  .82
   4 MONCHO04 1512 2021   .87  .81  .85  .85  .85  .85  .90  .93  .93  .94  .88  .86
   5 MONCHO05 1509 2021   .86  .76  .73  .82  .85  .88  .88  .91  .91  .88  .85  .85
   6 MONCHO06 1859 2021             .74  .79  .86  .86  .87  .88  .85  .82  .70  .58
   7 MONCHO07 1691 2021   .96  .93  .91  .88  .89  .90  .89  .90  .93  .93  .81  .77
   8 MONCHO08 1708 2018   .79  .86  .81  .83  .85  .79  .83  .88  .91  .93  .72  .62
   9 MONCHO11 1737 2021   .92  .95  .86  .84  .89  .86  .87  .81  .80  .79  .70  .59
  10 MONCHO12 1882 2021                  .72  .79  .88  .81  .86  .86  .81  .87  .92
  11 MONCHO13 1752 2021   .85  .87  .88  .89  .89  .87  .90  .94  .87  .63  .54  .58
  12 MONCHO14 1588 2021   .84  .87  .87  .84  .93  .94  .87  .90  .94  .92  .85  .82
  13 MONCHO16 1548 2021   .91  .87  .73  .74  .90  .92  .91  .95  .95  .92  .77  .76
  14 MONCHO17 1585 2021   .41  .73  .92  .90  .89  .94  .93  .91  .93  .90  .75  .74
  15 MONCHO19 1609 2021   .86  .85  .87  .87  .87  .83  .85  .94  .92  .88  .86  .86
  16 MONCHO20 1755 2021   .90  .85  .62  .65  .81  .76  .84  .91  .89  .74  .68  .70
  17 MONCHO24 1760 2021   .88  .90  .89  .88  .86  .79  .74  .78  .83  .90  .88  .88
  18 MONCHO26 1717 2021   .74  .70  .68  .75  .73  .69  .73  .85  .82  .77  .66  .75
  19 MONCHO31 1800 2021   .86  .86  .68  .71  .87  .80  .85  .85  .86  .84  .74  .69
  20 MONCHO40 1750 2021   .64  .75  .85  .80  .76  .66  .68  .79  .80  .83  .75  .76
 Av segment correlation   .82  .84  .81  .82  .86  .84  .84  .88  .88  .85  .77  .75
PART 6:  POTENTIAL PROBLEMS: 8                                                                     15:30  Wed 04 Oct 2023  Page   7
------------------------------------------------------------------------------------------------------------------------------------

 For each series with potential problems the following diagnostics may appear:

 [A] Correlations with master dating series of flagged  32-year segments of series filtered with  32-year spline,
     at every point from ten years earlier (-10) to ten years later (+10) than dated

 [B] Effect of those data values which most lower or raise correlation with master series
     Symbol following year indicates value in series is greater (>) or lesser (<) than master series value

 [C] Year-to-year changes very different from the mean change in other series

 [D] Absent rings (zero values)

 [E] Values which are statistical outliers from mean for the year
====================================================================================================================================

 MONCHO01  1666 to  2021     356 years                                                                                    Series   1

 [B] Entire series, effect on correlation (  .798) is:
       Lower   1887< -.012   1684< -.007   2016< -.006   1962> -.004   1781< -.004   1800< -.003  Higher   1837  .006   1762  .005

 [D]    2 Absent rings:  Year   Master  N series Absent
                         1817   -1.759      17      11
                         1887   -1.943      20       3

 [E] Outliers     4   3.0 SD above or -4.5 SD below mean for year
       1684 -4.5 SD;    1887 -8.1 SD;    1962 +4.0 SD;    2016 -4.7 SD
====================================================================================================================================

 MONCHO02  1846 to  2021     176 years                                                                                    Series   2

 [B] Entire series, effect on correlation (  .855) is:
       Lower   1875< -.007   1965< -.005   1884> -.004   1992> -.003   1954> -.003   1864> -.003  Higher   1978  .004   1863  .003

 [E] Outliers     1   3.0 SD above or -4.5 SD below mean for year
       1875 -6.2 SD
====================================================================================================================================

 MONCHO03  1519 to  2021     503 years                                                                                    Series   3

 [B] Entire series, effect on correlation (  .810) is:
       Lower   1605> -.006   1819< -.005   1680> -.004   1822> -.004   1673> -.003   1684< -.003  Higher   1962  .006   1762  .005

 [D]    3 Absent rings:  Year   Master  N series Absent
                         1817   -1.759      17      11
                         1837   -2.907      17      11
                         1841   -2.388      17       4

 [E] Outliers     6   3.0 SD above or -4.5 SD below mean for year
       1521 +3.4 SD;    1605 +4.8 SD;    1673 +4.7 SD;    1680 +3.7 SD;    1818 +3.1 SD;    1822 +3.7 SD
====================================================================================================================================

 MONCHO04  1512 to  2021     510 years                                                                                    Series   4

 [B] Entire series, effect on correlation (  .823) is:
       Lower   1801< -.006   1808< -.003   1528> -.003   1794> -.003   1597> -.002   1694< -.002  Higher   1580  .003   1978  .003

 [D]    3 Absent rings:  Year   Master  N series Absent
                         1542   -2.075       3       1
                                                        Present in series    3  MONCHO03 time span  1519 to  2021
                                                        Present in series    5  MONCHO05 time span  1509 to  2021
                         1645   -2.300       7       1
                         1817   -1.759      17      11

 [E] Outliers     3   3.0 SD above or -4.5 SD below mean for year
       1527 +3.4 SD;    1528 +3.2 SD;    1801 -8.5 SD
====================================================================================================================================

 MONCHO05  1509 to  2021     513 years                                                                                    Series   5

 [*] Early part of series cannot be checked from 1509 to 1511 -- not matched by another series

 [B] Entire series, effect on correlation (  .808) is:
       Lower   1864< -.012   1529< -.004   1638< -.004   1731< -.003   1516> -.002   1837> -.002  Higher   1962  .004   1762  .003

 [D]    8 Absent rings:  Year   Master  N series Absent
                         1529    -.771       3       1
                                                        Present in series    3  MONCHO03 time span  1519 to  2021
                                                        Present in series    4  MONCHO04 time span  1512 to  2021
                         1557   -4.343       4       1
                                                        Present in series    3  MONCHO03 time span  1519 to  2021
                                                        Present in series    4  MONCHO04 time span  1512 to  2021
                                                        Present in series   13  MONCHO16 time span  1548 to  2021
                         1580   -3.203       4       1
                                                        Present in series    3  MONCHO03 time span  1519 to  2021
                                                        Present in series    4  MONCHO04 time span  1512 to  2021
                                                        Present in series   13  MONCHO16 time span  1548 to  2021
                         1680   -2.373       8       2
                         1730   -2.435      11       1
                         1762   -3.634      16       2
                         1817   -1.759      17      11
                         1837   -2.907      17      11

 [E] Outliers     3   3.0 SD above or -4.5 SD below mean for year
       1529 -5.5 SD;    1534 +3.0 SD;    1864 -7.7 SD
====================================================================================================================================

 MONCHO06  1859 to  2021     163 years                                                                                    Series   6

 [B] Entire series, effect on correlation (  .797) is:
       Lower   2017> -.018   1872> -.008   1979> -.007   1888< -.006   2008< -.006   2015< -.005  Higher   1962  .021   1978  .008

 [E] Outliers     3   3.0 SD above or -4.5 SD below mean for year
       1872 +3.5 SD;    2008 -4.5 SD;    2017 +4.7 SD
====================================================================================================================================

 MONCHO07  1691 to  2021     331 years                                                                                    Series   7

 [B] Entire series, effect on correlation (  .871) is:
       Lower   2017< -.010   1695> -.007   1693< -.006   2000< -.004   1708< -.003   2010> -.002  Higher   1962  .005   1801  .004

 [D]    1 Absent rings:  Year   Master  N series Absent
                         1762   -3.634      16       2

 [E] Outliers     2   3.0 SD above or -4.5 SD below mean for year
       1695 +4.2 SD;    2017 -6.4 SD
====================================================================================================================================

 MONCHO08  1708 to  2018     311 years                                                                                    Series   8

 [B] Entire series, effect on correlation (  .813) is:
       Lower   2010< -.015   2017> -.010   1817< -.006   1833< -.004   1927> -.002   1738< -.002  Higher   1762  .008   1801  .006

 [D]    3 Absent rings:  Year   Master  N series Absent
                         1817   -1.759      17      11
                         1837   -2.907      17      11
                         1841   -2.388      17       4

 [E] Outliers     3   3.0 SD above or -4.5 SD below mean for year
       1817 -5.1 SD;    2010 -7.5 SD;    2017 +4.6 SD
====================================================================================================================================

 MONCHO11  1737 to  2021     285 years                                                                                    Series   9

 [B] Entire series, effect on correlation (  .820) is:
       Lower   2019< -.005   1992> -.005   1962> -.004   1957> -.004   1998> -.004   1875< -.003  Higher   1837  .005   1978  .004

 [D]    2 Absent rings:  Year   Master  N series Absent
                         1817   -1.759      17      11
                         1837   -2.907      17      11

 [E] Outliers     2   3.0 SD above or -4.5 SD below mean for year
       1875 -6.3 SD;    1962 +3.5 SD
====================================================================================================================================

 MONCHO12  1882 to  2021     140 years                                                                                    Series  10

 [B] Entire series, effect on correlation (  .824) is:
       Lower   1978> -.011   1945> -.008   1891< -.007   1890< -.005   1941> -.005   1985< -.004  Higher   1962  .021   1940  .006

 [E] Outliers     1   3.0 SD above or -4.5 SD below mean for year
       1978 +3.4 SD
====================================================================================================================================

 MONCHO13  1752 to  2021     270 years                                                                                    Series  11

 [B] Entire series, effect on correlation (  .782) is:
       Lower   1984> -.012   1987< -.008   2017> -.008   1755< -.008   1983< -.005   1761> -.005  Higher   1962  .014   1837  .007

 [D]    1 Absent rings:  Year   Master  N series Absent
                         1837   -2.907      17      11

 [E] Outliers     6   3.0 SD above or -4.5 SD below mean for year
       1755 -4.6 SD;    1761 +3.4 SD;    1762 +4.1 SD;    1837 -4.8 SD;    1984 +4.2 SD;    2017 +4.0 SD
====================================================================================================================================

 MONCHO14  1588 to  2021     434 years                                                                                    Series  12

 [B] Entire series, effect on correlation (  .845) is:
       Lower   1612< -.006   1661> -.003   1634> -.003   1676< -.003   2002< -.003   1639< -.002  Higher   1962  .004   1837  .003

 [D]    4 Absent rings:  Year   Master  N series Absent
                         1817   -1.759      17      11
                         1818   -1.109      17       1
                         1837   -2.907      17      11
                         1887   -1.943      20       3

 [E] Outliers     3   3.0 SD above or -4.5 SD below mean for year
       1612 -4.6 SD;    1661 +3.3 SD;    1801 -5.5 SD
====================================================================================================================================

 MONCHO16  1548 to  2021     474 years                                                                                    Series  13

 [B] Entire series, effect on correlation (  .872) is:
       Lower   2002> -.004   1875> -.003   1998> -.002   1893> -.002   1873> -.002   1801> -.002  Higher   1962  .005   1762  .003

 [D]    2 Absent rings:  Year   Master  N series Absent
                         1680   -2.373       8       2
                         1837   -2.907      17      11

 [E] Outliers     2   3.0 SD above or -4.5 SD below mean for year
       1873 +3.1 SD;    2002 +3.8 SD
====================================================================================================================================

 MONCHO17  1585 to  2021     437 years                                                                                    Series  14

 [A] Segment   High   -10   -9   -8   -7   -6   -5   -4   -3   -2   -1   +0   +1   +2   +3   +4   +5   +6   +7   +8   +9  +10
    ---------  ----   ---  ---  ---  ---  ---  ---  ---  ---  ---  ---  ---  ---  ---  ---  ---  ---  ---  ---  ---  ---  ---
    1808 1839    0   -.06 -.15 -.10 -.27 -.08  .33  .29  .35 -.20 -.26  .37*-.01  .06 -.23 -.05  .18 -.10 -.10  .02  .11  .05

 [B] Entire series, effect on correlation (  .766) is:
       Lower   1837> -.010   1643> -.008   1711> -.008   1642> -.006   1696> -.005   2000> -.004  Higher   1962  .009   1762  .006
     1808 to 1839 segment:
       Lower   1835< -.039   1821< -.035   1837> -.035   1820< -.031   1816< -.025   1833< -.021  Higher   1827  .061   1811  .046

 [E] Outliers     6   3.0 SD above or -4.5 SD below mean for year
       1642 +4.5 SD;    1643 +5.5 SD;    1696 +3.9 SD;    1711 +4.5 SD;    1837 +5.0 SD;    2000 +3.3 SD
====================================================================================================================================

 MONCHO19  1609 to  2021     413 years                                                                                    Series  15

 [B] Entire series, effect on correlation (  .828) is:
       Lower   1696> -.009   1680< -.008   1697< -.006   1679< -.006   1801> -.003   1676> -.002  Higher   1962  .007   1762  .006

 [D]    2 Absent rings:  Year   Master  N series Absent
                         1817   -1.759      17      11
                         1837   -2.907      17      11

 [E] Outliers     3   3.0 SD above or -4.5 SD below mean for year
       1679 -4.7 SD;    1680 -6.5 SD;    1696 +5.0 SD
====================================================================================================================================

 MONCHO20  1755 to  2021     267 years                                                                                    Series  16

 [B] Entire series, effect on correlation (  .756) is:
       Lower   1887< -.015   1882< -.011   1770> -.007   1996> -.007   1763< -.005   1991< -.004  Higher   1962  .014   1762  .010

 [D]    6 Absent rings:  Year   Master  N series Absent
                         1796    -.777      16       1
                         1801   -3.044      17       3
                         1803    -.480      17       1
                         1817   -1.759      17      11
                         1837   -2.907      17      11
                         1887   -1.943      20       3

 [E] Outliers     5   3.0 SD above or -4.5 SD below mean for year
       1770 +3.8 SD;    1875 +3.0 SD;    1882 -4.6 SD;    1887 -8.3 SD;    1996 +3.7 SD
====================================================================================================================================

 MONCHO24  1760 to  2021     262 years                                                                                    Series  17

 [B] Entire series, effect on correlation (  .837) is:
       Lower   1932> -.005   1969< -.004   1776> -.003   1896> -.003   1785< -.003   1963> -.003  Higher   1762  .008   1875  .005

====================================================================================================================================

 MONCHO26  1717 to  2021     305 years                                                                                    Series  18

 [A] Segment   High   -10   -9   -8   -7   -6   -5   -4   -3   -2   -1   +0   +1   +2   +3   +4   +5   +6   +7   +8   +9  +10
    ---------  ----   ---  ---  ---  ---  ---  ---  ---  ---  ---  ---  ---  ---  ---  ---  ---  ---  ---  ---  ---  ---  ---
    1808 1839    0   -.04  .18  .05 -.08 -.03 -.16 -.16  .03 -.11 -.23  .41* .05  .17 -.05 -.20  .18  .04  .01 -.11 -.16  .29

 [B] Entire series, effect on correlation (  .734) is:
       Lower   1818> -.010   2001< -.006   1941> -.005   1921< -.005   1812< -.004   1972> -.004  Higher   1962  .013   1801  .010
     1808 to 1839 segment:
       Lower   1818> -.101   1812< -.035   1816< -.026   1832> -.013   1821< -.012   1823< -.009  Higher   1837  .156   1817  .045

 [D]    4 Absent rings:  Year   Master  N series Absent
                         1801   -3.044      17       3
                         1817   -1.759      17      11
                         1837   -2.907      17      11
                         1841   -2.388      17       4

 [E] Outliers     5   3.0 SD above or -4.5 SD below mean for year
       1745 +3.5 SD;    1762 +3.1 SD;    1818 +4.9 SD;    1941 +3.6 SD;    1962 -5.6 SD
====================================================================================================================================

 MONCHO31  1800 to  2021     222 years                                                                                    Series  19

 [B] Entire series, effect on correlation (  .778) is:
       Lower   1886> -.008   2000> -.006   1875> -.005   1802< -.005   1877> -.005   1915> -.005  Higher   1837  .006   1801  .005

 [E] Outliers     3   3.0 SD above or -4.5 SD below mean for year
       1837 -4.5 SD;    1875 +3.3 SD;    1886 +3.5 SD
====================================================================================================================================

 MONCHO40  1750 to  2021     272 years                                                                                    Series  20

 [B] Entire series, effect on correlation (  .763) is:
       Lower   1779> -.017   1921> -.008   1776< -.005   1846< -.004   1992> -.004   1962> -.003  Higher   1762  .008   1801  .008

 [D]    4 Absent rings:  Year   Master  N series Absent
                         1801   -3.044      17       3
                         1817   -1.759      17      11
                         1837   -2.907      17      11
                         1841   -2.388      17       4

 [E] Outliers     5   3.0 SD above or -4.5 SD below mean for year
       1776 -4.6 SD;    1779 +5.5 SD;    1780 -5.0 SD;    1921 +4.1 SD;    1962 +3.1 SD
====================================================================================================================================
PART 7:  DESCRIPTIVE STATISTICS: 8                                                                 15:30  Wed 04 Oct 2023  Page   8
------------------------------------------------------------------------------------------------------------------------------------

                                                Corr   //-------- Unfiltered --------\\  //---- Filtered -----\\
                           No.    No.    No.    with   Mean   Max     Std   Auto   Mean   Max     Std   Auto  AR
 Seq Series   Interval   Years  Segmt  Flags   Master  msmt   msmt    dev   corr   sens  value    dev   corr  ()
 --- -------- ---------  -----  -----  -----   ------ -----  -----  -----  -----  -----  -----  -----  -----  --
   1 MONCHO01 1666 2021    356     22      0    .798    .25   1.03   .166   .652   .392   2.61   .337  -.009   1
   2 MONCHO02 1846 2021    176     11      0    .855    .30   1.03   .182   .750   .358   2.50   .348  -.022   1
   3 MONCHO03 1519 2021    503     32      0    .810    .20   3.10   .164   .210   .462   3.14   .414  -.010   1
   4 MONCHO04 1512 2021    510     32      0    .823    .20    .75   .122   .646   .420   2.61   .297   .004   7
   5 MONCHO05 1509 2021    513     32      0    .808    .14    .36   .073   .405   .536   2.74   .355   .029   7
   6 MONCHO06 1859 2021    163     10      0    .797    .37    .97   .221   .729   .343   2.66   .439  -.015   3
   7 MONCHO07 1691 2021    331     21      0    .871    .21    .91   .121   .494   .423   2.63   .423  -.011   1
   8 MONCHO08 1708 2018    311     20      0    .813    .19    .81   .143   .667   .470   2.73   .393  -.013   2
   9 MONCHO11 1737 2021    285     18      0    .820    .27   1.11   .158   .591   .410   2.53   .339   .009   1
  10 MONCHO12 1882 2021    140      9      0    .824    .40   1.96   .246   .591   .373   3.05   .495  -.019   1
  11 MONCHO13 1752 2021    270     17      0    .782    .22   1.07   .140   .612   .395   2.56   .355  -.026   1
  12 MONCHO14 1588 2021    434     27      0    .845    .18    .73   .112   .587   .448   2.60   .370   .012   1
  13 MONCHO16 1548 2021    474     30      0    .872    .16    .45   .082   .360   .487   2.65   .439  -.023   2
  14 MONCHO17 1585 2021    437     27      1    .766    .12    .50   .088   .697   .508   2.58   .373  -.001   1
  15 MONCHO19 1609 2021    413     26      0    .828    .15    .80   .097   .641   .451   2.64   .385   .013   2
  16 MONCHO20 1755 2021    267     17      0    .756    .29   1.07   .157   .637   .444   2.59   .335  -.029   1
  17 MONCHO24 1760 2021    262     16      0    .837    .31    .90   .160   .439   .436   2.70   .480  -.022   2
  18 MONCHO26 1717 2021    305     19      1    .734    .10    .31   .050   .503   .379   2.56   .307  -.027   1
  19 MONCHO31 1800 2021    222     14      0    .778    .24    .68   .108   .425   .333   2.84   .391  -.009   1
  20 MONCHO40 1750 2021    272     17      0    .763    .17    .62   .122   .732   .481   2.62   .381  -.036   2
 --- -------- ---------  -----  -----  -----   ------ -----  -----  -----  -----  -----  -----  -----  -----  --
 Total or mean:           6644    417      2    .811    .20   3.10   .126   .548   .441   3.14   .378  -.007

                                              - = [  COFECHA 8    COF  ] = -
