[]  Dendrochronology Program Library                                        Run DEP    Program COF  13:12  Mon 07 Oct 2024  Page   1
[]
[]  P R O G R A M      C O F E C H A                                                                          Version 6.06P    32789
------------------------------------------------------------------------------------------------------------------------------------

 QUALITY CONTROL AND DATING CHECK OF TREE-RING MEASUREMENTS

 File of DATED series:   DEP.rwl

 CONTENTS:

    Part 1:  Title page, options selected, summary, absent rings by series
    Part 2:  Histogram of time spans
    Part 3:  Master series with sample depth and absent rings by year
    Part 4:  Bar plot of Master Dating Series
    Part 5:  Correlation by segment of each series with Master
    Part 6:  Potential problems: low correlation, divergent year-to-year changes, absent rings, outliers
    Part 7:  Descriptive statistics

 RUN CONTROL OPTIONS SELECTED                             VALUE

         1  Cubic smoothing spline 50% wavelength cutoff for filtering
                                                            32 years
         2  Segments examined are                           32 years lagged successively by  16 years
         3  Autoregressive model applied                     A  Residuals are used in master dating series and testing
         4  Series transformed to logarithms                 Y  Each series log-transformed for master dating series and testing
         5  CORRELATION is Pearson (parametric, quantitative)
            Critical correlation, 99% confidence level   .4093
         6  Master dating series saved                       N
         7  Ring measurements listed                         N
         8  Parts printed                              1234567 
         9  Absent rings are omitted from master series and segment correlations  (Y)

 Time span of Master dating series is  1657 to  2021   365 years
 Continuous time span is               1657 to  2021   365 years
 Portion with two or more series is    1683 to  2021   339 years


                                        ****************************************
                                        *C* Number of dated series        14 *C*
                                        *O* Master series 1657 2021  365 yrs *O*
                                        *F* Total rings in all series   2876 *F*
                                        *E* Total dated rings checked   2850 *E*
                                        *C* Series intercorrelation     .684 *C*
                                        *H* Average mean sensitivity    .379 *H*
                                        *A* Segments, possible problems    1 *A*
                                        *** Mean length of series      205.4 ***
                                        ****************************************

 ABSENT RINGS listed by SERIES:            (See Master Dating Series for absent rings listed by year)

               No ring measurements of zero value
PART 2:  TIME PLOT OF TREE-RING SERIES:                                                            13:12  Mon 07 Oct 2024  Page   2
------------------------------------------------------------------------------------------------------------------------------------
 1050 1100 1150 1200 1250 1300 1350 1400 1450 1500 1550 1600 1650 1700 1750 1800 1850 1900 1950 2000 2050 Ident   Seq Time-span  Yrs
   :    :    :    :    :    :    :    :    :    :    :    :    :    :    :    :    :    :    :    :    : -------- --- ---- ---- ----
   .    .    .    .    .    .    .    .    .    .    .    .    .  <=================================>  . MDP01      1 1683 2021  339
   .    .    .    .    .    .    .    .    .    .    .    .    .    .    .    .    .<===============>  . MDP03      2 1865 2021  157
   .    .    .    .    .    .    .    .    .    .    .    .    .    .    .    .    <================>  . MDP04D     3 1856 2021  166
   .    .    .    .    .    .    .    .    .    .    .    .    .    .    .    .    .<===============>  . MDP06      4 1868 2021  154
   .    .    .    .    .    .    .    .    .    .    .    .    .    .    .    .    .<===============>  . MDP08D     5 1865 2021  157
   .    .    .    .    .    .    .    .    .    .    .    .    .    .  <============================>  . MDP09      6 1735 2021  287
   .    .    .    .    .    .    .    .    .    .    .    .    .    .    .    .    <================>  . MDP11      7 1859 2021  163
   .    .    .    .    .    .    .    .    .    .    .    .    .    .    .    .    .<===============>  . MDP12      8 1861 2021  161
   .    .    .    .    .    .    .    .    .    .    .    .    <====================================>  . MDP14      9 1657 2021  365
   .    .    .    .    .    .    .    .    .    .    .    .    .    .    .    .    .   <============>  . MDP15     10 1899 2021  123
   .    .    .    .    .    .    .    .    .    .    .    .    .    <===============================>  . MDP16     11 1702 2021  320
   .    .    .    .    .    .    .    .    .    .    .    .    .    .    .    .    .    . <=========>  . MDP17     12 1924 2021   98
   .    .    .    .    .    .    .    .    .    .    .    .    .    .    .    .  <==================>  . MDP19     13 1837 2021  185
   .    .    .    .    .    .    .    .    .    .    .    .    .    .    .    . <===================>  . MDP20     14 1821 2021  201
   :    :    :    :    :    :    :    :    :    :    :    :    :    :    :    :    :    :    :    :    :
 1050 1100 1150 1200 1250 1300 1350 1400 1450 1500 1550 1600 1650 1700 1750 1800 1850 1900 1950 2000 2050
PART 3:  Master Dating Series:                                                                     13:12  Mon 07 Oct 2024  Page   3
------------------------------------------------------------------------------------------------------------------------------------
  Year  Value  No Ab    Year  Value  No Ab    Year  Value  No Ab    Year  Value  No Ab    Year  Value  No Ab    Year  Value  No Ab
  ------------------    ------------------    ------------------    ------------------    ------------------    ------------------
                        1700  -.175   2       1750   .675   4       1800  -.531   4       1850   .127   6       1900 -1.381  13
                        1701 -1.894   2       1751  -.310   4       1801 -2.673   4       1851 -2.513   6       1901  1.303  13
                        1702 -1.781   3       1752   .280   4       1802   .927   4       1852  -.743   6       1902  1.018  13
                        1703   .294   3       1753  -.269   4       1803   .524   4       1853  -.690   6       1903   .370  13
                        1704   .801   3       1754 -3.277   4       1804 -2.574   4       1854  -.216   6       1904   .249  13
                        1705   .531   3       1755   .953   4       1805  1.036   4       1855   .074   6       1905 -1.041  13
                        1706   .900   3       1756   .445   4       1806   .907   4       1856  -.619   7       1906   .108  13
  1657  1.147   1       1707  1.399   3       1757  1.231   4       1807   .891   4       1857  -.183   7       1907   .509  13
  1658   .874   1       1708   .185   3       1758  -.353   4       1808   .511   4       1858   .900   7       1908 -1.351  13
  1659  -.005   1       1709  -.026   3       1759   .082   4       1809   .929   4       1859 -1.563   8       1909  -.289  13

  1660  -.763   1       1710  1.100   3       1760   .391   4       1810  1.523   4       1860   .926   8       1910   .514  13
  1661 -2.114   1       1711  -.407   3       1761   .163   4       1811   .116   4       1861  1.452   9       1911  -.346  13
  1662  -.967   1       1712  -.395   3       1762 -2.679   4       1812  -.516   4       1862   .592   9       1912   .650  13
  1663 -1.121   1       1713  1.441   3       1763   .817   4       1813  -.703   4       1863 -2.371   9       1913  -.089  13
  1664   .377   1       1714  -.781   3       1764  -.925   4       1814  -.276   4       1864  -.406   9       1914  1.480  13
  1665   .737   1       1715  -.512   3       1765  1.661   4       1815   .223   4       1865  -.246  11       1915  -.566  13
  1666  1.408   1       1716   .684   3       1766  1.119   4       1816  -.119   4       1866   .334  11       1916  -.111  13
  1667  1.669   1       1717  -.964   3       1767  -.353   4       1817 -2.051   4       1867  1.030  11       1917   .198  13
  1668   .838   1       1718 -2.498   3       1768  -.169   4       1818 -1.074   4       1868  -.175  12       1918 -1.448  13
  1669   .260   1       1719   .614   3       1769  -.075   4       1819   .230   4       1869   .065  12       1919   .040  13

  1670  1.219   1       1720  1.139   3       1770 -2.311   4       1820  1.121   4       1870  1.026  12       1920  -.342  13
  1671 -1.629   1       1721   .637   3       1771   .696   4       1821   .932   5       1871   .113  12       1921   .992  13
  1672   .530   1       1722  1.094   3       1772 -1.226   4       1822   .037   5       1872  -.035  12       1922   .215  13
  1673  -.366   1       1723   .787   3       1773   .303   4       1823  -.383   5       1873   .452  12       1923  -.392  13
  1674   .272   1       1724  -.701   3       1774   .236   4       1824   .782   5       1874   .051  12       1924   .080  14
  1675 -2.479   1       1725 -1.248   3       1775  1.044   4       1825 -2.197   5       1875 -2.068  12       1925   .133  14
  1676  1.287   1       1726  1.090   3       1776  -.557   4       1826  -.283   5       1876   .450  12       1926  -.402  14
  1677  1.209   1       1727   .922   3       1777   .545   4       1827 -1.296   5       1877  -.162  12       1927 -1.183  14
  1678  -.334   1       1728   .633   3       1778   .859   4       1828  -.338   5       1878   .625  12       1928 -1.664  14
  1679  -.545   1       1729  1.312   3       1779 -1.041   4       1829  -.250   5       1879  -.216  12       1929  -.296  14

  1680  -.970   1       1730 -1.310   3       1780 -1.964   4       1830  -.310   5       1880  -.662  12       1930   .723  14
  1681 -2.088   1       1731  -.761   3       1781  -.074   4       1831   .662   5       1881  1.278  12       1931   .595  14
  1682   .124   1       1732  1.037   3       1782  -.407   4       1832  -.012   5       1882 -1.413  12       1932   .430  14
  1683   .602   2       1733  -.418   3       1783  -.058   4       1833   .752   5       1883  1.472  12       1933   .732  14
  1684 -1.130   2       1734   .016   3       1784   .725   4       1834   .948   5       1884   .158  12       1934  -.388  14
  1685  1.581   2       1735  -.377   4       1785  1.312   4       1835  1.125   5       1885   .820  12       1935   .193  14
  1686   .640   2       1736  -.224   4       1786  -.441   4       1836  1.549   5       1886   .198  12       1936   .986  14
  1687  -.532   2       1737 -1.214   4       1787   .015   4       1837 -2.844   6       1887 -1.536  12       1937  -.539  14
  1688   .386   2       1738 -1.270   4       1788  -.216   4       1838   .455   6       1888  -.273  12       1938  1.346  14
  1689  1.075   2       1739   .821   4       1789   .972   4       1839  -.133   6       1889   .375  12       1939   .414  14

  1690   .244   2       1740 -1.830   4       1790   .064   4       1840  1.252   6       1890   .897  12       1940  1.912  14
  1691   .727   2       1741  -.536   4       1791  -.766   4       1841   .383   6       1891 -1.609  12       1941  -.747  14
  1692  -.896   2       1742   .541   4       1792  1.523   4       1842  -.612   6       1892 -1.210  12       1942   .864  14
  1693  1.561   2       1743  1.318   4       1793  1.032   4       1843   .596   6       1893  -.038  12       1943  -.413  14
  1694   .393   2       1744  -.487   4       1794 -1.789   4       1844 -1.092   6       1894  -.267  12       1944   .520  14
  1695 -2.921   2       1745  1.413   4       1795  1.213   4       1845   .043   6       1895   .642  12       1945 -1.587  14
  1696  -.160   2       1746   .637   4       1796  -.858   4       1846   .806   6       1896  -.563  12       1946  -.260  14
  1697  -.656   2       1747   .963   4       1797  -.402   4       1847  1.015   6       1897   .654  12       1947   .723  14
  1698  -.905   2       1748   .128   4       1798  1.270   4       1848   .576   6       1898   .930  12       1948   .967  14
  1699  1.575   2       1749   .311   4       1799   .550   4       1849  -.190   6       1899   .401  13       1949  -.354  14
PART 3:  Master Dating Series:                                                                     13:12  Mon 07 Oct 2024  Page   4
------------------------------------------------------------------------------------------------------------------------------------
  Year  Value  No Ab    Year  Value  No Ab    Year  Value  No Ab    Year  Value  No Ab    Year  Value  No Ab    Year  Value  No Ab
  ------------------    ------------------    ------------------    ------------------    ------------------    ------------------
  1950   .029  14       2000  -.483  14
  1951  -.122  14       2001   .255  14
  1952 -1.178  14       2002  -.410  14
  1953 -1.034  14       2003 -1.134  14
  1954 -1.498  14       2004  -.511  14
  1955 -1.174  14       2005  1.201  14
  1956  -.744  14       2006  -.275  14
  1957 -1.124  14       2007  -.287  14
  1958   .238  14       2008 -1.196  14
  1959  -.136  14       2009 -2.037  14

  1960   .837  14       2010 -1.466  14
  1961   .746  14       2011  -.185  14
  1962 -1.598  14       2012   .638  14
  1963  -.665  14       2013   .550  14
  1964  -.038  14       2014   .967  14
  1965   .904  14       2015  -.023  14
  1966   .008  14       2016   .416  14
  1967   .938  14       2017  -.410  14
  1968  1.045  14       2018  1.299  14
  1969  1.051  14       2019   .503  14

  1970  1.224  14       2020   .365  14
  1971  -.554  14       2021   .893  14
  1972  -.420  14
  1973   .674  14
  1974   .934  14
  1975   .377  14
  1976  -.119  14
  1977  1.112  14
  1978   .102  14
  1979 -1.116  14

  1980 -2.687  14
  1981  -.108  14
  1982  -.030  14
  1983   .242  14
  1984 -2.227  14
  1985  -.247  14
  1986  1.235  14
  1987   .982  14
  1988   .722  14
  1989   .107  14

  1990   .567  14
  1991  -.082  14
  1992 -2.141  14
  1993  -.583  14
  1994   .540  14
  1995  1.438  14
  1996  -.742  14
  1997   .873  14
  1998   .852  14
  1999  1.439  14
------------------------------------------------------------------------------------------------------------------------------------
PART 4:  Master Bar Plot:                                                                          13:12  Mon 07 Oct 2024  Page   5
------------------------------------------------------------------------------------------------------------------------------------
   Year Rel value  Year Rel value  Year Rel value  Year Rel value  Year Rel value  Year Rel value  Year Rel value  Year Rel value
                   1700----a       1750-------C    1800--b         1850-----A      1900-f          1950-----@      2000--b
                   1701h           1751---a        1801k           1851j           1901----------E 1951----@       2001------A
                   1702g           1752------A     1802--------D   1852--c         1902---------D  1952-e          2002---b
                   1703------A     1753---a        1803-------B    1853--c         1903------A     1953-d          2003-e
                   1704--------C   1754m           1804j           1854----a       1904------A     1954-f          2004--b
                   1705-------B    1755---------D  1805---------D  1855-----@      1905-d          1955-e          2005---------E
                   1706--------D   1756------B     1806--------D   1856--b         1906-----@      1956--c         2006---a
   1657---------E  1707----------F 1757----------E 1807--------D   1857----a       1907-------B    1957-d          2007---a
   1658--------C   1708-----A      1758---a        1808-------B    1858--------D   1908-e          1958-----A      2008-e
   1659-----@      1709----@       1759-----@      1809--------D   1859-f          1909---a        1959----a       2009h
   1660--c         1710---------D  1760------B     1810----------F 1860--------D   1910-------B    1960--------C   2010-f
   1661h           1711---b        1761-----A      1811-----@      1861----------F 1911---a        1961--------C   2011----a
   1662-d          1712---b        1762k           1812--b         1862-------B    1912-------C    1962-f          2012-------C
   1663-d          1713----------F 1763--------C   1813--c         1863i           1913----@       1963--c         2013-------B
   1664------B     1714--c         1764-d          1814---a        1864---b        1914----------F 1964----@       2014---------D
   1665-------C    1715--b         1765----------G 1815-----A      1865---a        1915--b         1965--------D   2015----@
   1666----------F 1716-------C    1766---------D  1816----@       1866------A     1916----@       1966-----@      2016------B
   1667----------G 1717-d          1767---a        1817h           1867---------D  1917-----A      1967--------D   2017---b
   1668--------C   1718j           1768----a       1818-d          1868----a       1918-f          1968---------D  2018----------E
   1669------A     1719-------B    1769----@       1819-----A      1869-----@      1919-----@      1969---------D  2019-------B
   1670---------E  1720---------E  1770i           1820---------D  1870---------D  1920---a        1970----------E 2020------A
   1671g           1721-------C    1771-------C    1821--------D   1871-----@      1921---------D  1971--b         2021--------D
   1672-------B    1722---------D  1772-e          1822-----@      1872----@       1922-----A      1972---b
   1673---a        1723--------C   1773------A     1823---b        1873------B     1923---b        1973-------C
   1674------A     1724--c         1774-----A      1824--------C   1874-----@      1924-----@      1974--------D
   1675j           1725-e          1775---------D  1825i           1875h           1925-----A      1975------B
   1676----------E 1726---------D  1776--b         1826---a        1876------B     1926---b        1976----@
   1677---------E  1727--------D   1777-------B    1827-e          1877----a       1927-e          1977---------D
   1678---a        1728-------C    1778--------C   1828---a        1878-------B    1928g           1978-----@
   1679--b         1729----------E 1779-d          1829---a        1879----a       1929---a        1979-d
   1680-d          1730-e          1780h           1830---a        1880--c         1930-------C    1980k
   1681h           1731--c         1781----@       1831-------C    1881----------E 1931-------B    1981----@
   1682-----@      1732---------D  1782---b        1832-----@      1882-f          1932------B     1982----@
   1683-------B    1733---b        1783----@       1833--------C   1883----------F 1933-------C    1983------A
   1684-e          1734-----@      1784-------C    1834---------D  1884-----A      1934---b        1984i
   1685----------F 1735---b        1785----------E 1835---------D  1885--------C   1935-----A      1985---a
   1686-------C    1736----a       1786---b        1836----------F 1886-----A      1936---------D  1986----------E
   1687--b         1737-e          1787-----@      1837k           1887-f          1937--b         1987---------D
   1688------B     1738-e          1788----a       1838------B     1888---a        1938----------E 1988-------C
   1689---------D  1739--------C   1789---------D  1839----a       1889------A     1939------B     1989-----@
   1690------A     1740g           1790-----@      1840----------E 1890--------D   1940----------H 1990-------B
   1691-------C    1741--b         1791--c         1841------B     1891f           1941--c         1991----@
   1692-d          1742-------B    1792----------F 1842--b         1892-e          1942--------C   1992i
   1693----------F 1743----------E 1793---------D  1843-------B    1893----@       1943---b        1993--b
   1694------B     1744--b         1794g           1844-d          1894---a        1944-------B    1994-------B
   1695l           1745----------F 1795---------E  1845-----@      1895-------C    1945-f          1995----------F
   1696----a       1746-------C    1796-c          1846--------C   1896--b         1946---a        1996--c
   1697--c         1747---------D  1797---b        1847---------D  1897-------C    1947-------C    1997--------C
   1698-d          1748-----A      1798----------E 1848-------B    1898--------D   1948---------D  1998--------C
   1699----------F 1749------A     1799-------B    1849----a       1899------B     1949---a        1999----------F
PART 5:  CORRELATION OF SERIES BY SEGMENTS:                                                        13:12  Mon 07 Oct 2024  Page   5
------------------------------------------------------------------------------------------------------------------------------------
 Correlations of  32-year dated segments, lagged  16 years
 Flags:  A = correlation under   .4093 but highest as dated;  B = correlation higher at other than dated position

 Seq Series  Time_span   1680 1696 1712 1728 1744 1760 1776 1792 1808 1824 1840 1856 1872 1888 1904 1920 1936 1952 1968 1984
                         1711 1727 1743 1759 1775 1791 1807 1823 1839 1855 1871 1887 1903 1919 1935 1951 1967 1983 1999 2015
 --- -------- ---------  ---- ---- ---- ---- ---- ---- ---- ---- ---- ---- ---- ---- ---- ---- ---- ---- ---- ---- ---- ----
   1 MDP01    1683 2021   .48  .46  .75  .71  .71  .74  .84  .84  .73  .71  .51  .46  .59  .61  .64  .58  .66  .74  .83  .77
   2 MDP03    1865 2021                                                          .70  .72  .59  .55  .72  .73  .66  .83  .67
   3 MDP04D   1856 2021                                                          .60  .81  .85  .67  .55  .75  .77  .82  .65
   4 MDP06    1868 2021                                                          .57  .68  .75  .63  .72  .69  .65  .80  .66
   5 MDP08D   1865 2021                                                          .72  .76  .67  .66  .60  .65  .74  .70  .51
   6 MDP09    1735 2021                  .73  .76  .74  .65  .62  .48  .63  .82  .88  .81  .71  .67  .81  .69  .65  .85  .79
   7 MDP11    1859 2021                                                          .75  .63  .63  .73  .76  .83  .84  .87  .55
   8 MDP12    1861 2021                                                          .73  .73  .59  .31B .55  .55  .51  .77  .72
   9 MDP14    1657 2021   .53  .58  .83  .86  .88  .82  .82  .72  .73  .80  .76  .76  .80  .67  .51  .68  .79  .82  .85  .61
  10 MDP15    1899 2021                                                                    .63  .59  .77  .91  .80  .79  .72
  11 MDP16    1702 2021        .67  .71  .71  .76  .78  .83  .79  .79  .69  .71  .85  .64  .46  .48  .80  .84  .73  .78  .75
  12 MDP17    1924 2021                                                                              .85  .85  .78  .74  .70
  13 MDP19    1837 2021                                                .65  .71  .54  .49  .69  .59  .74  .88  .83  .85  .81
  14 MDP20    1821 2021                                           .56  .56  .59  .67  .71  .63  .65  .84  .81  .64  .78  .82
 Av segment correlation   .51  .57  .76  .75  .78  .77  .79  .74  .66  .67  .68  .69  .70  .65  .59  .71  .76  .72  .80  .69
PART 5:  CORRELATION OF SERIES BY SEGMENTS:                                                        13:12  Mon 07 Oct 2024  Page   6
------------------------------------------------------------------------------------------------------------------------------------
 Correlations of  32-year dated segments, lagged  16 years
 Flags:  A = correlation under   .4093 but highest as dated;  B = correlation higher at other than dated position

 Seq Series  Time_span   2000
                         2031
 --- -------- ---------  ---- ---- ---- ---- ---- ---- ---- ---- ---- ---- ---- ---- ---- ---- ---- ---- ---- ---- ---- ----
   1 MDP01    1683 2021   .77
   2 MDP03    1865 2021   .68
   3 MDP04D   1856 2021   .61
   4 MDP06    1868 2021   .50
   5 MDP08D   1865 2021   .53
   6 MDP09    1735 2021   .81
   7 MDP11    1859 2021   .47
   8 MDP12    1861 2021   .71
   9 MDP14    1657 2021   .54
  10 MDP15    1899 2021   .68
  11 MDP16    1702 2021   .66
  12 MDP17    1924 2021   .66
  13 MDP19    1837 2021   .79
  14 MDP20    1821 2021   .76
 Av segment correlation   .65
PART 6:  POTENTIAL PROBLEMS:                                                                       13:12  Mon 07 Oct 2024  Page   6
------------------------------------------------------------------------------------------------------------------------------------

 For each series with potential problems the following diagnostics may appear:

 [A] Correlations with master dating series of flagged  32-year segments of series filtered with  32-year spline,
     at every point from ten years earlier (-10) to ten years later (+10) than dated

 [B] Effect of those data values which most lower or raise correlation with master series
     Symbol following year indicates value in series is greater (>) or lesser (<) than master series value

 [C] Year-to-year changes very different from the mean change in other series

 [D] Absent rings (zero values)

 [E] Values which are statistical outliers from mean for the year
====================================================================================================================================

 MDP01     1683 to  2021     339 years                                                                                    Series   1

 [B] Entire series, effect on correlation (  .660) is:
       Lower   1697> -.021   1863> -.010   1774> -.007   1706< -.006   1949> -.004   1857< -.003  Higher   1851  .006   1762  .005

 [C] Year-to-year changes diverging by over 4.0 std deviations:
       1696 1697   4.1 SD

 [E] Outliers     5   3.0 SD above or -4.5 SD below mean for year
       1695 -4.7 SD;    1697 +6.3 SD;    1774 +4.3 SD;    1859 -5.2 SD;    1863 +4.0 SD
====================================================================================================================================

 MDP03     1865 to  2021     157 years                                                                                    Series   2

 [B] Entire series, effect on correlation (  .676) is:
       Lower   1920< -.010   2008< -.010   1952> -.009   1913< -.009   2009> -.007   1964< -.005  Higher   1962  .012   1882  .010

 [E] Outliers     1   3.0 SD above or -4.5 SD below mean for year
       2008 -4.7 SD
====================================================================================================================================

 MDP04D    1856 to  2021     166 years                                                                                    Series   3

 [B] Entire series, effect on correlation (  .670) is:
       Lower   2009> -.027   1874< -.013   1863> -.012   2008< -.009   2017> -.008   1921< -.007  Higher   1992  .012   1980  .010

 [C] Year-to-year changes diverging by over 4.0 std deviations:
       2008 2009   4.4 SD

 [E] Outliers     3   3.0 SD above or -4.5 SD below mean for year
       1863 +3.3 SD;    2008 -4.6 SD;    2009 +4.4 SD
====================================================================================================================================

 MDP06     1868 to  2021     154 years                                                                                    Series   4

 [B] Entire series, effect on correlation (  .633) is:
       Lower   2008> -.024   2014< -.018   1887> -.018   2017> -.010   1868> -.007   2021< -.007  Higher   1984  .018   1992  .013

 [E] Outliers     2   3.0 SD above or -4.5 SD below mean for year
       1887 +4.0 SD;    2008 +4.5 SD
====================================================================================================================================

 MDP08D    1865 to  2021     157 years                                                                                    Series   5

 [B] Entire series, effect on correlation (  .650) is:
       Lower   2009> -.016   1891> -.015   1984> -.010   2011< -.010   1941> -.009   2010> -.006  Higher   1875  .011   1962  .010

 [E] Outliers     3   3.0 SD above or -4.5 SD below mean for year
       1891 +3.2 SD;    1980 -5.2 SD;    2009 +3.4 SD
====================================================================================================================================

 MDP09     1735 to  2021     287 years                                                                                    Series   6

 [B] Entire series, effect on correlation (  .704) is:
       Lower   1824< -.010   1821< -.009   1794> -.008   1776> -.008   1825> -.007   1759> -.005  Higher   1754  .009   1863  .008

 [E] Outliers     5   3.0 SD above or -4.5 SD below mean for year
       1746 +3.3 SD;    1759 +3.3 SD;    1776 +3.4 SD;    1794 +3.7 SD;    2009 -6.3 SD
====================================================================================================================================

 MDP11     1859 to  2021     163 years                                                                                    Series   7

 [B] Entire series, effect on correlation (  .689) is:
       Lower   2010> -.022   2000< -.019   2015< -.015   1882> -.008   1900> -.006   2012< -.006  Higher   1984  .013   1863  .010

 [E] Outliers     3   3.0 SD above or -4.5 SD below mean for year
       1875 -4.7 SD;    1903 +3.0 SD;    2010 +4.6 SD
====================================================================================================================================

 MDP12     1861 to  2021     161 years                                                                                    Series   8

 [A] Segment   High   -10   -9   -8   -7   -6   -5   -4   -3   -2   -1   +0   +1   +2   +3   +4   +5   +6   +7   +8   +9  +10
    ---------  ----   ---  ---  ---  ---  ---  ---  ---  ---  ---  ---  ---  ---  ---  ---  ---  ---  ---  ---  ---  ---  ---
    1904 1935    3   -.17  .05 -.13  .11 -.07  .10  .11 -.37 -.18 -.29  .31|-.28 -.17  .35*-.15  .24 -.16  .17 -.17  .07  .19

 [B] Entire series, effect on correlation (  .619) is:
       Lower   1954> -.017   2009< -.015   1956> -.013   1918> -.013   1926> -.009   1928> -.008  Higher   1863  .015   1962  .011
     1904 to 1935 segment:
       Lower   1918> -.073   1926> -.057   1928> -.044   1912< -.041   1910< -.029   1927> -.028  Higher   1908  .064   1915  .054

 [E] Outliers     7   3.0 SD above or -4.5 SD below mean for year
       1918 +3.2 SD;    1926 +3.5 SD;    1928 +3.3 SD;    1954 +4.2 SD;    1955 +3.2 SD;    1956 +4.4 SD;    2009 -7.8 SD
====================================================================================================================================

 MDP14     1657 to  2021     365 years                                                                                    Series   9

 [*] Early part of series cannot be checked from 1657 to 1682 -- not matched by another series

 [B] Entire series, effect on correlation (  .712) is:
       Lower   1697< -.020   1695> -.009   2009> -.007   1822> -.006   2008> -.005   1914< -.004  Higher   1754  .006   1837  .005

 [E] Outliers     7   3.0 SD above or -4.5 SD below mean for year
       1695 +4.7 SD;    1697 -6.3 SD;    1822 +3.3 SD;    1837 -5.6 SD;    1891 -5.3 SD;    2008 +3.1 SD;    2009 +4.1 SD
====================================================================================================================================

 MDP15     1899 to  2021     123 years                                                                                    Series  10

 [B] Entire series, effect on correlation (  .737) is:
       Lower   2010< -.021   2008> -.012   1989< -.007   1918> -.006   1992> -.005   1977< -.005  Higher   1980  .015   1984  .014

 [E] Outliers     1   3.0 SD above or -4.5 SD below mean for year
       2010 -4.7 SD
====================================================================================================================================

 MDP16     1702 to  2021     320 years                                                                                    Series  11

 [B] Entire series, effect on correlation (  .715) is:
       Lower   1844> -.013   1918> -.009   2019< -.006   1903< -.005   1720< -.005   1732< -.005  Higher   1837  .009   1863  .006

 [E] Outliers     2   3.0 SD above or -4.5 SD below mean for year
       1844 +4.6 SD;    1918 +4.2 SD
====================================================================================================================================

 MDP17     1924 to  2021      98 years                                                                                    Series  12

 [B] Entire series, effect on correlation (  .755) is:
       Lower   1994< -.013   1995< -.013   2003> -.013   1926> -.009   2011> -.006   1977< -.006  Higher   1962  .012   1945  .009

 [E] Outliers     1   3.0 SD above or -4.5 SD below mean for year
       2009 -4.8 SD
====================================================================================================================================

 MDP19     1837 to  2021     185 years                                                                                    Series  13

 [B] Entire series, effect on correlation (  .676) is:
       Lower   1887> -.016   1875> -.012   1883< -.010   1848< -.010   1837> -.007   1905> -.007  Higher   1851  .012   1863  .011

 [E] Outliers     3   3.0 SD above or -4.5 SD below mean for year
       1875 +3.9 SD;    1882 -5.1 SD;    1887 +4.0 SD
====================================================================================================================================

 MDP20     1821 to  2021     201 years                                                                                    Series  14

 [B] Entire series, effect on correlation (  .673) is:
       Lower   1827> -.013   1860< -.010   1915> -.008   1971> -.007   1844< -.005   1839< -.005  Higher   1863  .015   1984  .007

 [E] Outliers     2   3.0 SD above or -4.5 SD below mean for year
       1825 -6.3 SD;    1827 +3.5 SD
====================================================================================================================================
PART 7:  DESCRIPTIVE STATISTICS:                                                                   13:12  Mon 07 Oct 2024  Page   7
------------------------------------------------------------------------------------------------------------------------------------

                                                Corr   //-------- Unfiltered --------\\  //---- Filtered -----\\
                           No.    No.    No.    with   Mean   Max     Std   Auto   Mean   Max     Std   Auto  AR
 Seq Series   Interval   Years  Segmt  Flags   Master  msmt   msmt    dev   corr   sens  value    dev   corr  ()
 --- -------- ---------  -----  -----  -----   ------ -----  -----  -----  -----  -----  -----  -----  -----  --
   1 MDP01    1683 2021    339     21      0    .660    .37   2.33   .358   .825   .438   2.84   .450  -.012   1
   2 MDP03    1865 2021    157     10      0    .676    .54   1.81   .382   .792   .351   2.69   .492   .018   1
   3 MDP04D   1856 2021    166     10      0    .670    .31   2.03   .418   .931   .328   2.73   .482   .001   1
   4 MDP06    1868 2021    154     10      0    .633    .54   2.14   .415   .839   .308   2.69   .429  -.037   1
   5 MDP08D   1865 2021    157     10      0    .650    .16    .92   .129   .745   .348   2.63   .382   .015   1
   6 MDP09    1735 2021    287     18      0    .704    .30   2.04   .238   .801   .379   2.66   .417  -.011   1
   7 MDP11    1859 2021    163     10      0    .689    .50   2.09   .416   .824   .353   2.66   .456  -.054   3
   8 MDP12    1861 2021    161     10      1    .619    .60   2.16   .473   .866   .324   2.56   .334  -.009   1
   9 MDP14    1657 2021    365     21      0    .712    .26   1.53   .233   .839   .452   2.56   .348  -.032   1
  10 MDP15    1899 2021    123      8      0    .737    .92   2.69   .509   .732   .335   2.60   .450   .016   2
  11 MDP16    1702 2021    320     20      0    .715    .46   1.71   .325   .699   .403   2.67   .382  -.037   1
  12 MDP17    1924 2021     98      6      0    .755    .41   1.07   .228   .625   .383   2.62   .489   .047   1
  13 MDP19    1837 2021    185     12      0    .676    .56   3.08   .622   .911   .329   2.93   .404   .004   2
  14 MDP20    1821 2021    201     13      0    .673    .38   2.21   .468   .895   .385   2.71   .407  -.034   1
 --- -------- ---------  -----  -----  -----   ------ -----  -----  -----  -----  -----  -----  -----  -----  --
 Total or mean:           2876    179      1    .684    .42   3.08   .358   .813   .379   2.93   .415  -.014

                                              - = [  COFECHA DEP  COF  ] = -
