[]  Dendrochronology Program Library                                        Run FIN    Program COF  07:06  Mon 18 Nov 2024  Page   1
[]
[]  P R O G R A M      C O F E C H A                                                                          Version 6.06P    32831
------------------------------------------------------------------------------------------------------------------------------------

 QUALITY CONTROL AND DATING CHECK OF TREE-RING MEASUREMENTS

 File of DATED series:   FIN.rwl

 CONTENTS:

    Part 1:  Title page, options selected, summary, absent rings by series
    Part 2:  Histogram of time spans
    Part 3:  Master series with sample depth and absent rings by year
    Part 4:  Bar plot of Master Dating Series
    Part 5:  Correlation by segment of each series with Master
    Part 6:  Potential problems: low correlation, divergent year-to-year changes, absent rings, outliers
    Part 7:  Descriptive statistics

 RUN CONTROL OPTIONS SELECTED                             VALUE

         1  Cubic smoothing spline 50% wavelength cutoff for filtering
                                                            32 years
         2  Segments examined are                           50 years lagged successively by  25 years
         3  Autoregressive model applied                     A  Residuals are used in master dating series and testing
         4  Series transformed to logarithms                 Y  Each series log-transformed for master dating series and testing
         5  CORRELATION is Pearson (parametric, quantitative)
            Critical correlation, 99% confidence level   .3281
         6  Master dating series saved                       N
         7  Ring measurements listed                         N
         8  Parts printed                              1234567 
         9  Absent rings are omitted from master series and segment correlations  (Y)

 Time span of Master dating series is  1752 to  2015   264 years
 Continuous time span is               1752 to  2015   264 years
 Portion with two or more series is    1755 to  2015   261 years


                                        ****************************************
                                        *C* Number of dated series        73 *C*
                                        *O* Master series 1752 2015  264 yrs *O*
                                        *F* Total rings in all series   9929 *F*
                                        *E* Total dated rings checked   9926 *E*
                                        *C* Series intercorrelation     .604 *C*
                                        *H* Average mean sensitivity    .246 *H*
                                        *A* Segments, possible problems   13 *A*
                                        *** Mean length of series      136.0 ***
                                        ****************************************

 ABSENT RINGS listed by SERIES:            (See Master Dating Series for absent rings listed by year)

               No ring measurements of zero value
PART 2:  TIME PLOT OF TREE-RING SERIES:                                                            07:06  Mon 18 Nov 2024  Page   2
------------------------------------------------------------------------------------------------------------------------------------
 1050 1100 1150 1200 1250 1300 1350 1400 1450 1500 1550 1600 1650 1700 1750 1800 1850 1900 1950 2000 2050 Ident   Seq Time-span  Yrs
   :    :    :    :    :    :    :    :    :    :    :    :    :    :    :    :    :    :    :    :    : -------- --- ---- ---- ----
   .    .    .    .    .    .    .    .    .    .    .    .    .    .    <=========================>   . KLA0101A   1 1752 2015  264
   .    .    .    .    .    .    .    .    .    .    .    .    .    .    <=========================>   . KLA0101B   2 1756 2015  260
   .    .    .    .    .    .    .    .    .    .    .    .    .    .    .    .    <===============>   . KLA0102A   3 1855 2015  161
   .    .    .    .    .    .    .    .    .    .    .    .    .    .    .    .    .<==============>   . KLA0102B   4 1860 2015  156
   .    .    .    .    .    .    .    .    .    .    .    .    .    .    .    . <==================>   . KLA0103A   5 1826 2015  190
   .    .    .    .    .    .    .    .    .    .    .    .    .    .    .    . <==================>   . KLA0103B   6 1826 2015  190
   .    .    .    .    .    .    .    .    .    .    .    .    .    .    .    .    . <=============>   . KLA0104A   7 1870 2015  146
   .    .    .    .    .    .    .    .    .    .    .    .    .    .    . <=======================>   . KLA0104B   8 1777 2015  239
   .    .    .    .    .    .    .    .    .    .    .    .    .    .    .    . <==================>   . KLA0105A   9 1824 2015  192
   .    .    .    .    .    .    .    .    .    .    .    .    .    .    .    . <==================>   . KLA0105B  10 1824 2015  192
   .    .    .    .    .    .    .    .    .    .    .    .    .    .    .  <======================>   . KLA0106B  11 1784 2015  232
   .    .    .    .    .    .    .    .    .    .    .    .    .    .    .    .    .   <===========>   . KLA0107A  12 1897 2015  119
   .    .    .    .    .    .    .    .    .    .    .    .    .    .    .    .    . <=============>   . KLA0107B  13 1878 2015  138
   .    .    .    .    .    .    .    .    .    .    .    .    .    .    .    . <==================>   . KLA0108A  14 1827 2015  189
   .    .    .    .    .    .    .    .    .    .    .    .    .    .    .    . <==================>   . KLA0108B  15 1820 2015  196
   .    .    .    .    .    .    .    .    .    .    .    .    .    .    .    .    .   <===========>   . KLA0109A  16 1892 2015  124
   .    .    .    .    .    .    .    .    .    .    .    .    .    .    .    .    .    .<=========>   . KLA0109B  17 1913 2015  103
   .    .    .    .    .    .    .    .    .    .    .    .    .    .    .    .    .    . <========>   . KLA0110A  18 1928 2015   88
   .    .    .    .    .    .    .    .    .    .    .    .    .    .    .    .    .    .   <======>   . KLA0110B  19 1943 2015   73
   .    .    .    .    .    .    .    .    .    .    .    .    .    .    .    .    . <=============>   . KLA0112A  20 1873 2015  143
   .    .    .    .    .    .    .    .    .    .    .    .    .    .    .    .    . <=============>   . KLA0112B  21 1872 2015  144
   .    .    .    .    .    .    .    .    .    .    .    .    .    .    . <=============>   .    .    . KLA0115A  22 1774 1917  144
   .    .    .    .    .    .    .    .    .    .    .    .    .    .    .<========================>   . KLA0115B  23 1762 2015  254
   .    .    .    .    .    .    .    .    .    .    .    .    .    .    .    .   <================>   . KLA0116A  24 1847 2015  169
   .    .    .    .    .    .    .    .    .    .    .    .    .    .    .    .   <================>   . KLA0116B  25 1845 2015  171
   .    .    .    .    .    .    .    .    .    .    .    .    .    .    .    .    .   <===========>   . KLA0117A  26 1892 2015  124
   .    .    .    .    .    .    .    .    .    .    .    .    .    .    .    .    .  <============>   . KLA0117B  27 1889 2015  127
   .    .    .    .    .    .    .    .    .    .    .    .    .    .    .    .    .    . <========>   . KLA0118A  28 1925 2015   91
   .    .    .    .    .    .    .    .    .    .    .    .    .    .    .    .    .    . <========>   . KLA0118B  29 1926 2015   90
   .    .    .    .    .    .    .    .    .    .    .    .    .    .    .    .    <=======> .    .    . KLA0119B  30 1851 1936   86
   .    .    .    .    .    .    .    .    .    .    .    .    .    .    .    .    .<==============>   . KLA0120A  31 1865 2015  151
   .    .    .    .    .    .    .    .    .    .    .    .    .    .    .    .    . <=============>   . KLA0120B  32 1870 2015  146
   .    .    .    .    .    .    .    .    .    .    .    .    .    .    .    .    . <=============>   . KLA0121A  33 1872 2015  144
   .    .    .    .    .    .    .    .    .    .    .    .    .    .    .    .    . <=============>   . KLA0121B  34 1873 2015  143
   .    .    .    .    .    .    .    .    .    .    .    .    .    .    .    . <==================>   . KLA0122A  35 1827 2015  189
   .    .    .    .    .    .    .    .    .    .    .    .    .    .    .    . <===========>.    .    . KLA0122B  36 1829 1941  113
   .    .    .    .    .    .    .    .    .    .    .    .    .    .    .    .    .  <============>   . KLA0123A  37 1884 2015  132
   .    .    .    .    .    .    .    .    .    .    .    .    .    .    .    .    . <=============>   . KLA0123B  38 1875 2015  141
   .    .    .    .    .    .    .    .    .    .    .    .    .    .    .    .    .    .   <======>   . KLA0124A  39 1948 2015   68
   .    .    .    .    .    .    .    .    .    .    .    .    .    .    .    .    .    .   <======>   . KLA0124B  40 1948 2015   68
   .    .    .    .    .    .    .    .    .    .    .    .    .    .    .    .    .    .   <======>   . KLA0125A  41 1948 2015   68
   .    .    .    .    .    .    .    .    .    .    .    .    .    .    .    .    .    .   <======>   . KLA0125B  42 1948 2015   68
   .    .    .    .    .    .    .    .    .    .    .    .    .    .    <=========================>   . KLA0301A  43 1755 2015  261
   .    .    .    .    .    .    .    .    .    .    .    .    .    .    .<========================>   . KLA0301B  44 1760 2015  256
   .    .    .    .    .    .    .    .    .    .    .    .    .    .    .   <=====================>   . KLA0303A  45 1794 2015  222
   .    .    .    .    .    .    .    .    .    .    .    .    .    .    .   <=====================>   . KLA0303B  46 1794 2015  222
   .    .    .    .    .    .    .    .    .    .    .    .    .    .    .    .    .    .    <=====>   . KLA0305A  47 1951 2015   65
   .    .    .    .    .    .    .    .    .    .    .    .    .    .    .    .    .    .    <=====>   . KLA0305B  48 1951 2015   65
   .    .    .    .    .    .    .    .    .    .    .    .    .    .    .    .    .    .    <=====>   . KLA0307A  49 1952 2015   64
   .    .    .    .    .    .    .    .    .    .    .    .    .    .    .    .    .    .    <=====>   . KLA0307B  50 1952 2014   63
   :    :    :    :    :    :    :    :    :    :    :    :    :    :    :    :    :    :    :    :    :
 1050 1100 1150 1200 1250 1300 1350 1400 1450 1500 1550 1600 1650 1700 1750 1800 1850 1900 1950 2000 2050
PART 2:  TIME PLOT OF TREE-RING SERIES:                                                            07:06  Mon 18 Nov 2024  Page   3
------------------------------------------------------------------------------------------------------------------------------------
 1050 1100 1150 1200 1250 1300 1350 1400 1450 1500 1550 1600 1650 1700 1750 1800 1850 1900 1950 2000 2050 Ident   Seq Time-span  Yrs
   :    :    :    :    :    :    :    :    :    :    :    :    :    :    :    :    :    :    :    :    : -------- --- ---- ---- ----
   .    .    .    .    .    .    .    .    .    .    .    .    .    .    .    .    .    .  <=======>   . KLA0308A  51 1938 2015   78
   .    .    .    .    .    .    .    .    .    .    .    .    .    .    .    .    .    .  <=======>   . KLA0308B  52 1938 2011   74
   .    .    .    .    .    .    .    .    .    .    .    .    .    .    .    . <==================>   . KLA0311A  53 1828 2015  188
   .    .    .    .    .    .    .    .    .    .    .    .    .    .    .<========================>   . KLA0311B  54 1764 2015  252
   .    .    .    .    .    .    .    .    .    .    .    .    .    .    .    .    .    .   <======>   . KLA0312A  55 1947 2015   69
   .    .    .    .    .    .    .    .    .    .    .    .    .    .    .    .    .    .    <=====>   . KLA0312B  56 1956 2013   58
   .    .    .    .    .    .    .    .    .    .    .    .    .    .    .    .    .    .   <======>   . KLA0313A  57 1948 2015   68
   .    .    .    .    .    .    .    .    .    .    .    .    .    .    .    .    . <=============>   . KLA0313B  58 1872 2015  144
   .    .    .    .    .    .    .    .    .    .    .    .    .    .    .    .    .    .    <=====>   . KLA0314A  59 1958 2015   58
   .    .    .    .    .    .    .    .    .    .    .    .    .    .    .    .    .    .    <=====>   . KLA0314B  60 1958 2015   58
   .    .    .    .    .    .    .    .    .    .    .    .    .    .    .    .    .    .    <=====>   . KLA0315A  61 1955 2014   60
   .    .    .    .    .    .    .    .    .    .    .    .    .    .    .    .    .    .    <=====>   . KLA0315B  62 1955 2015   61
   .    .    .    .    .    .    .    .    .    .    .    .    .    .    .<========================>   . KLA0316A  63 1767 2015  249
   .    .    .    .    .    .    .    .    .    .    .    .    .    .    .  <======================>   . KLA0316B  64 1781 2015  235
   .    .    .    .    .    .    .    .    .    .    .    .    .    .    .    .    .    . <========>   . KLA0317A  65 1926 2015   90
   .    .    .    .    .    .    .    .    .    .    .    .    .    .    .    .    .    . <========>   . KLA0317B  66 1925 2015   91
   .    .    .    .    .    .    .    .    .    .    .    .    .    .    .    .    .    .<=========>   . KLA0318A  67 1915 2015  101
   .    .    .    .    .    .    .    .    .    .    .    .    .    .    .    .    .    .<=========>   . KLA0318B  68 1915 2015  101
   .    .    .    .    .    .    .    .    .    .    .    .    .    .    .    .    .    . <========>   . KLA0319A  69 1921 2015   95
   .    .    .    .    .    .    .    .    .    .    .    .    .    .    .    .    .    . <========>   . KLA0319B  70 1922 2015   94
   .    .    .    .    .    .    .    .    .    .    .    .    .    .    .    .    .    .  <=======>   . KLA0320A  71 1930 2015   86
   .    .    .    .    .    .    .    .    .    .    .    .    .    .    .    .    .    . <========>   . KLA0321A  72 1927 2015   89
   .    .    .    .    .    .    .    .    .    .    .    .    .    .    .    .    .    .  <=======>   . KLA0321B  73 1930 2015   86
   :    :    :    :    :    :    :    :    :    :    :    :    :    :    :    :    :    :    :    :    :
 1050 1100 1150 1200 1250 1300 1350 1400 1450 1500 1550 1600 1650 1700 1750 1800 1850 1900 1950 2000 2050
PART 3:  Master Dating Series:                                                                     07:06  Mon 18 Nov 2024  Page   4
------------------------------------------------------------------------------------------------------------------------------------
  Year  Value  No Ab    Year  Value  No Ab    Year  Value  No Ab    Year  Value  No Ab    Year  Value  No Ab    Year  Value  No Ab
  ------------------    ------------------    ------------------    ------------------    ------------------    ------------------
                        1800  1.194  13       1850   .699  24       1900  -.367  42       1950   .232  61       2000  -.247  70
                        1801   .853  13       1851   .342  25       1901  1.417  42       1951  -.995  63       2001   .037  70
  1752 -2.642   1       1802   .412  13       1852   .430  25       1902  -.804  42       1952 -1.442  65       2002   .682  70
  1753  -.688   1       1803   .546  13       1853  -.172  25       1903 -1.278  42       1953   .682  65       2003  1.726  70
  1754  1.365   1       1804  1.800  13       1854  1.890  25       1904  -.859  42       1954   .820  65       2004  1.238  70
  1755  -.071   2       1805  1.128  13       1855  1.283  26       1905  -.909  42       1955  -.323  67       2005  -.027  70
  1756   .818   3       1806 -2.995  13       1856   .009  26       1906  -.518  42       1956   .007  68       2006   .954  70
  1757  1.242   3       1807   .400  13       1857  -.161  26       1907  -.542  42       1957  1.103  68       2007   .528  70
  1758   .095   3       1808   .497  13       1858   .851  26       1908  -.003  42       1958   .496  70       2008   .418  70
  1759   .647   3       1809  1.069  13       1859  -.406  26       1909 -1.302  42       1959  1.193  70       2009  -.450  70

  1760   .968   4       1810   .343  13       1860  -.392  27       1910 -3.424  42       1960  2.264  70       2010  -.807  70
  1761  1.218   4       1811   .216  13       1861   .642  27       1911 -2.130  42       1961   .238  70       2011  -.171  70
  1762  1.152   5       1812  -.393  13       1862  -.627  27       1912  -.387  42       1962  -.116  70       2012  -.265  69
  1763   .531   5       1813 -2.587  13       1863  -.113  27       1913   .034  43       1963  -.896  70       2013  -.595  69
  1764 -1.346   6       1814 -1.089  13       1864   .883  27       1914  1.044  43       1964  1.030  70       2014   .067  68
  1765   .373   6       1815 -1.194  13       1865  1.231  28       1915   .120  45       1965  -.791  70       2015   .200  66
  1766   .125   6       1816 -1.270  13       1866  -.442  28       1916   .431  45       1966 -1.544  70
  1767  -.021   7       1817  -.441  13       1867 -1.231  28       1917   .214  45       1967  -.346  70
  1768  -.306   7       1818  -.403  13       1868 -1.377  28       1918   .421  44       1968 -1.140  70
  1769  -.768   7       1819  -.903  13       1869  -.504  28       1919   .420  44       1969 -1.426  70

  1770 -1.680   7       1820 -1.253  14       1870   .436  30       1920   .788  44       1970   .307  70
  1771 -1.735   7       1821 -1.518  14       1871 -1.090  30       1921  1.243  45       1971  -.102  70
  1772 -1.781   7       1822  -.501  14       1872  -.112  33       1922  1.640  46       1972   .622  70
  1773  -.019   7       1823  1.032  14       1873   .864  35       1923  1.005  46       1973   .700  70
  1774   .192   8       1824   .815  16       1874 -1.365  35       1924   .264  46       1974 -1.452  70
  1775   .491   8       1825  -.327  16       1875  -.052  36       1925  1.096  48       1975  -.017  70
  1776  -.475   8       1826  1.899  18       1876   .799  36       1926  -.836  50       1976  1.289  70
  1777   .760   9       1827  1.362  20       1877  -.076  36       1927   .057  51       1977   .168  70
  1778   .453   9       1828   .454  21       1878  -.675  37       1928 -1.432  52       1978  -.099  70
  1779   .268   9       1829  1.448  22       1879  -.833  37       1929 -1.681  52       1979  1.630  70

  1780  1.256   9       1830   .632  22       1880  -.723  37       1930  1.163  54       1980   .379  70
  1781   .436  10       1831  1.162  22       1881 -1.001  37       1931   .185  54       1981 -1.149  70
  1782  1.423  10       1832   .547  22       1882  1.103  37       1932  -.545  54       1982   .759  70
  1783   .335  10       1833  -.357  22       1883  1.411  37       1933  -.294  54       1983  1.204  70
  1784  1.112  11       1834   .158  22       1884   .539  38       1934   .696  54       1984   .115  70
  1785  1.223  11       1835  -.499  22       1885   .578  38       1935  -.514  54       1985  1.244  70
  1786  -.469  11       1836   .087  22       1886  1.313  38       1936  -.925  54       1986   .161  70
  1787  -.027  11       1837 -3.596  22       1887   .895  38       1937  1.302  53       1987  -.965  70
  1788   .984  11       1838  -.065  22       1888  -.678  38       1938  1.127  55       1988   .103  70
  1789   .140  11       1839 -1.564  22       1889   .589  39       1939  1.517  55       1989  -.049  70

  1790 -2.331  11       1840  -.281  22       1890   .991  39       1940   .253  55       1990  -.153  70
  1791 -1.827  11       1841 -1.038  22       1891   .750  39       1941  1.417  55       1991  -.782  70
  1792 -1.127  11       1842 -1.234  22       1892 -1.290  41       1942   .409  54       1992   .228  70
  1793 -1.754  11       1843  -.723  22       1893 -1.467  41       1943  -.530  55       1993  -.792  70
  1794  -.327  13       1844  -.053  22       1894   .004  41       1944  -.478  55       1994 -1.574  70
  1795 -1.180  13       1845   .927  23       1895   .898  41       1945  -.521  55       1995 -1.117  70
  1796   .421  13       1846   .032  23       1896   .399  41       1946 -2.138  55       1996  -.982  70
  1797   .901  13       1847   .438  24       1897  -.230  42       1947  -.903  56       1997   .471  70
  1798   .557  13       1848   .015  24       1898  1.880  42       1948  -.332  61       1998  -.069  70
  1799  1.243  13       1849   .036  24       1899   .870  42       1949  -.228  61       1999   .263  70
------------------------------------------------------------------------------------------------------------------------------------
PART 4:  Master Bar Plot:                                                                          07:06  Mon 18 Nov 2024  Page   5
------------------------------------------------------------------------------------------------------------------------------------
   Year Rel value  Year Rel value  Year Rel value  Year Rel value  Year Rel value  Year Rel value  Year Rel value  Year Rel value
                   1800---------E  1850--------C   1900---a        1950------A     2000----a
                   1801--------C   1851------A     1901----------F 1951-d          2001-----@
   1752k           1802------B     1852------B     1902--c         1952f           2002--------C
   1753--c         1803-------B    1853----a       1903-e          1953--------C   2003----------G
   1754----------E 1804----------G 1854----------H 1904--c         1954--------C   2004---------E
   1755----@       1805---------E  1855----------E 1905--d         1955---a        2005----@
   1756--------C   1806l           1856-----@      1906---b        1956-----@      2006--------D
   1757---------E  1807------B     1857----a       1907---b        1957---------D  2007-------B
   1758-----@      1808-------B    1858--------C   1908-----@      1958-------B    2008------B
   1759-------C    1809---------D  1859---b        1909-e          1959---------E  2009---b
   1760--------D   1810------A     1860---b        1910n           1960----------I 2010--c
   1761---------E  1811------A     1861-------C    1911i           1961------A     2011----a
   1762---------E  1812---b        1862--c         1912---b        1962----@       2012---a
   1763-------B    1813j           1863----@       1913-----@      1963--d         2013--b
   1764-e          1814-d          1864--------D   1914---------D  1964---------D  2014-----@
   1765------A     1815-e          1865---------E  1915-----@      1965--c         2015-----A
   1766-----A      1816-e          1866---b        1916------B     1966f
   1767----@       1817---b        1867-e          1917------A     1967---a
   1768---a        1818---b        1868-f          1918------B     1968-e
   1769--c         1819--d         1869---b        1919------B     1969f
   1770g           1820-e          1870-------B    1920--------C   1970------A
   1771g           1821f           1871-d          1921---------E  1971----@
   1772g           1822---b        1872----@       1922----------G 1972-------B
   1773----@       1823---------D  1873--------C   1923---------D  1973--------C
   1774-----A      1824--------C   1874-e          1924------A     1974f
   1775-------B    1825---a        1875----@       1925---------D  1975-----@
   1776---b        1826----------H 1876--------C   1926--c         1976----------E
   1777--------C   1827----------E 1877----@       1927-----@      1977-----A
   1778-------B    1828-------B    1878--c         1928f           1978----@
   1779------A     1829----------F 1879--c         1929g           1979----------G
   1780---------E  1830-------C    1880--c         1930---------E  1980------B
   1781-------B    1831---------E  1881-d          1931-----A      1981-e
   1782----------F 1832-------B    1882---------D  1932---b        1982--------C
   1783------A     1833---a        1883----------F 1933---a        1983---------E
   1784---------D  1834-----A      1884-------B    1934--------C   1984-----@
   1785---------E  1835---b        1885-------B    1935---b        1985---------E
   1786---b        1836-----@      1886----------E 1936--d         1986-----A
   1787----@       1837n           1887--------D   1937----------E 1987-d
   1788---------D  1838----@       1888--c         1938---------E  1988-----@
   1789-----A      1839f           1889-------B    1939----------F 1989----@
   1790i           1840---a        1890---------D  1940------A     1990----a
   1791g           1841-d          1891--------C   1941----------F 1991--c
   1792-e          1842-e          1892-e          1942------B     1992------A
   1793g           1843--c         1893f           1943---b        1993--c
   1794---a        1844----@       1894-----@      1944---b        1994f
   1795-e          1845--------D   1895--------D   1945---b        1995-d
   1796------B     1846-----@      1896------B     1946i           1996-d
   1797--------D   1847-------B    1897----a       1947--d         1997-------B
   1798-------B    1848-----@      1898----------H 1948---a        1998----@
   1799---------E  1849-----@      1899--------C   1949----a       1999------A
PART 5:  CORRELATION OF SERIES BY SEGMENTS:                                                        07:06  Mon 18 Nov 2024  Page   5
------------------------------------------------------------------------------------------------------------------------------------
 Correlations of  50-year dated segments, lagged  25 years
 Flags:  A = correlation under   .3281 but highest as dated;  B = correlation higher at other than dated position

 Seq Series  Time_span   1750 1775 1800 1825 1850 1875 1900 1925 1950 1975
                         1799 1824 1849 1874 1899 1924 1949 1974 1999 2024
 --- -------- ---------  ---- ---- ---- ---- ---- ---- ---- ---- ---- ---- ---- ---- ---- ---- ---- ---- ---- ---- ---- ----
   1 KLA0101A 1752 2015   .40  .73  .75  .68  .57  .56  .67  .58  .41  .43
   2 KLA0101B 1756 2015   .54  .80  .90  .82  .59  .66  .60  .49  .45  .40
   3 KLA0102A 1855 2015                       .62  .67  .67  .69  .52  .43
   4 KLA0102B 1860 2015                       .72  .77  .75  .64  .62  .44
   5 KLA0103A 1826 2015                  .59  .50  .67  .78  .79  .58  .48
   6 KLA0103B 1826 2015                  .58  .59  .80  .75  .71  .56  .49
   7 KLA0104A 1870 2015                       .74  .72  .74  .75  .70  .46
   8 KLA0104B 1777 2015        .77  .80  .55  .37  .67  .74  .65  .63  .41
   9 KLA0105A 1824 2015             .54  .53  .59  .66  .67  .76  .78  .69
  10 KLA0105B 1824 2015             .66  .65  .58  .70  .78  .75  .59  .35
  11 KLA0106B 1784 2015        .33B .39B .59  .70  .73  .74  .75  .70  .67
  12 KLA0107A 1897 2015                            .64  .64  .66  .74  .54
  13 KLA0107B 1878 2015                            .81  .67  .68  .72  .61
  14 KLA0108A 1827 2015                  .77  .67  .68  .63  .70  .72  .54
  15 KLA0108B 1820 2015             .72  .68  .51  .67  .69  .72  .64  .52
  16 KLA0109A 1892 2015                            .56  .60  .74  .56  .59
  17 KLA0109B 1913 2015                                 .45  .59  .58  .53
  18 KLA0110A 1928 2015                                      .53  .55  .38
  19 KLA0110B 1943 2015                                      .61  .64  .44
  20 KLA0112A 1873 2015                       .84  .83  .74  .67  .58  .49
  21 KLA0112B 1872 2015                       .81  .81  .81  .77  .47  .31A
  22 KLA0115A 1774 1917   .61  .65  .66  .66  .67  .60
  23 KLA0115B 1762 2015   .72  .80  .85  .74  .63  .65  .56  .64  .66  .59
  24 KLA0116A 1847 2015                  .47  .56  .82  .86  .69  .57  .37
  25 KLA0116B 1845 2015                  .70  .76  .86  .84  .72  .60  .59
  26 KLA0117A 1892 2015                            .64  .76  .69  .47  .29A
  27 KLA0117B 1889 2015                            .80  .79  .73  .70  .60
  28 KLA0118A 1925 2015                                      .67  .71  .65
  29 KLA0118B 1926 2015                                      .64  .74  .64
  30 KLA0119B 1851 1936                       .56  .51  .51
  31 KLA0120A 1865 2015                       .76  .74  .81  .77  .74  .69
  32 KLA0120B 1870 2015                       .75  .74  .82  .76  .67  .58
  33 KLA0121A 1872 2015                       .73  .73  .69  .70  .69  .57
  34 KLA0121B 1873 2015                       .71  .70  .66  .60  .64  .54
  35 KLA0122A 1827 2015                  .60  .56  .72  .74  .73  .72  .60
  36 KLA0122B 1829 1941                  .68  .60  .76  .77
  37 KLA0123A 1884 2015                            .69  .67  .73  .77  .74
  38 KLA0123B 1875 2015                            .75  .81  .77  .64  .54
  39 KLA0124A 1948 2015                                      .62  .62  .63
  40 KLA0124B 1948 2015                                      .46  .46  .41
  41 KLA0125A 1948 2015                                      .61  .63  .57
  42 KLA0125B 1948 2015                                      .75  .76  .77
  43 KLA0301A 1755 2015   .46  .68  .63  .61  .65  .74  .81  .75  .67  .65
  44 KLA0301B 1760 2015   .46B .78  .84  .62  .52  .56  .69  .79  .71  .54
  45 KLA0303A 1794 2015        .80  .80  .71  .63  .67  .75  .77  .56  .37
  46 KLA0303B 1794 2015        .72  .71  .44  .47  .69  .76  .82  .66  .57
  47 KLA0305A 1951 2015                                           .36  .43
  48 KLA0305B 1951 2015                                           .36  .40
  49 KLA0307A 1952 2015                                           .55  .50
  50 KLA0307B 1952 2014                                           .46  .43
  51 KLA0308A 1938 2015                                      .69  .65  .63
  52 KLA0308B 1938 2011                                      .52  .48  .41
  53 KLA0311A 1828 2015                  .78  .63  .67  .61  .68  .74  .69
  54 KLA0311B 1764 2015   .62  .62  .74  .59  .53  .49  .55  .80  .73  .61
  55 KLA0312A 1947 2015                                      .27B .29B .42
  56 KLA0312B 1956 2013                                           .42  .48
  57 KLA0313A 1948 2015                                      .76  .76  .72
  58 KLA0313B 1872 2015                       .28B .20B .54  .76  .73  .67
  59 KLA0314A 1958 2015                                           .44  .48
  60 KLA0314B 1958 2015                                           .49  .46
  61 KLA0315A 1955 2014                                           .15B .13B
  62 KLA0315B 1955 2015                                           .12B .11B
  63 KLA0316A 1767 2015   .56  .72  .70  .38  .37  .74  .78  .75  .60  .61
  64 KLA0316B 1781 2015        .86  .83  .76  .72  .75  .74  .71  .71  .73
  65 KLA0317A 1926 2015                                      .57  .68  .63
  66 KLA0317B 1925 2015                                      .66  .77  .60
  67 KLA0318A 1915 2015                                 .68  .73  .67  .57
  68 KLA0318B 1915 2015                                 .59  .67  .64  .60
  69 KLA0319A 1921 2015                                 .45  .55  .61  .62
  70 KLA0319B 1922 2015                                 .65  .65  .57  .48
  71 KLA0320A 1930 2015                                      .61  .62  .60
  72 KLA0321A 1927 2015                                      .63  .40  .40
  73 KLA0321B 1930 2015                                      .70  .60  .43
 Av segment correlation   .54  .71  .72  .63  .61  .69  .70  .68  .60  .52
PART 6:  POTENTIAL PROBLEMS:                                                                       07:06  Mon 18 Nov 2024  Page   6
------------------------------------------------------------------------------------------------------------------------------------

 For each series with potential problems the following diagnostics may appear:

 [A] Correlations with master dating series of flagged  50-year segments of series filtered with  32-year spline,
     at every point from ten years earlier (-10) to ten years later (+10) than dated

 [B] Effect of those data values which most lower or raise correlation with master series
     Symbol following year indicates value in series is greater (>) or lesser (<) than master series value

 [C] Year-to-year changes very different from the mean change in other series

 [D] Absent rings (zero values)

 [E] Values which are statistical outliers from mean for the year
====================================================================================================================================

 KLA0101A  1752 to  2015     264 years                                                                                    Series   1

 [*] Early part of series cannot be checked from 1752 to 1754 -- not matched by another series

 [B] Entire series, effect on correlation (  .550) is:
       Lower   1755> -.032   1981> -.011   1984< -.008   1974> -.007   1770> -.006   1866> -.006  Higher   1837  .024   1910  .011

 [C] Year-to-year changes diverging by over 4.0 std deviations:
       1755 1756  -4.6 SD

 [E] Outliers     2   3.0 SD above or -4.5 SD below mean for year
       1755 +4.9 SD;    1981 +3.3 SD
====================================================================================================================================

 KLA0101B  1756 to  2015     260 years                                                                                    Series   2

 [B] Entire series, effect on correlation (  .634) is:
       Lower   1952> -.011   1925< -.010   1770> -.010   1926> -.008   1986< -.006   1987> -.006  Higher   1837  .033   1806  .025

====================================================================================================================================

 KLA0102A  1855 to  2015     161 years                                                                                    Series   3

 [B] Entire series, effect on correlation (  .546) is:
       Lower   1990< -.041   1926> -.014   1996> -.014   1892> -.012   1860> -.011   1995> -.010  Higher   1974  .020   1910  .014

 [E] Outliers     2   3.0 SD above or -4.5 SD below mean for year
       1860 +3.0 SD;    1996 +4.0 SD
====================================================================================================================================

 KLA0102B  1860 to  2015     156 years                                                                                    Series   4

 [B] Entire series, effect on correlation (  .617) is:
       Lower   2012< -.060   1972< -.018   1996> -.009   1965> -.008   2003< -.006   1954< -.006  Higher   1910  .038   1946  .012

====================================================================================================================================

 KLA0103A  1826 to  2015     190 years                                                                                    Series   5

 [B] Entire series, effect on correlation (  .613) is:
       Lower   1857< -.031   1993> -.021   1987< -.011   1886< -.008   1856< -.007   1841> -.007  Higher   1837  .037   1910  .019

 [E] Outliers     2   3.0 SD above or -4.5 SD below mean for year
       1857 -5.6 SD;    1993 +3.8 SD
====================================================================================================================================

 KLA0103B  1826 to  2015     190 years                                                                                    Series   6

 [B] Entire series, effect on correlation (  .624) is:
       Lower   1826< -.015   1993> -.013   1867> -.012   1841> -.010   1981> -.010   1863< -.009  Higher   1837  .056   1910  .012

====================================================================================================================================

 KLA0104A  1870 to  2015     146 years                                                                                    Series   7

 [B] Entire series, effect on correlation (  .669) is:
       Lower   1902> -.016   1993> -.015   2005< -.010   2010> -.009   2011< -.008   1926> -.008  Higher   1910  .035   1874  .011

====================================================================================================================================

 KLA0104B  1777 to  2015     239 years                                                                                    Series   8

 [B] Entire series, effect on correlation (  .608) is:
       Lower   2013< -.024   1874> -.016   1884< -.014   1866> -.010   1974> -.007   1940> -.006  Higher   1910  .024   1806  .019

 [E] Outliers     1   3.0 SD above or -4.5 SD below mean for year
       1988 +3.1 SD
====================================================================================================================================

 KLA0105A  1824 to  2015     192 years                                                                                    Series   9

 [B] Entire series, effect on correlation (  .636) is:
       Lower   1825< -.026   1897< -.009   1905> -.007   1981> -.006   1883< -.006   1959< -.005  Higher   1910  .021   1974  .010

====================================================================================================================================

 KLA0105B  1824 to  2015     192 years                                                                                    Series  10

 [B] Entire series, effect on correlation (  .600) is:
       Lower   1996< -.021   1993> -.010   1974> -.009   1874> -.006   2008< -.006   1897< -.006  Higher   1910  .016   1928  .008

====================================================================================================================================

 KLA0106B  1784 to  2015     232 years                                                                                    Series  11

 [A] Segment   High   -10   -9   -8   -7   -6   -5   -4   -3   -2   -1   +0   +1   +2   +3   +4   +5   +6   +7   +8   +9  +10
    ---------  ----   ---  ---  ---  ---  ---  ---  ---  ---  ---  ---  ---  ---  ---  ---  ---  ---  ---  ---  ---  ---  ---
    1784 1833   -5   -.16 -.03 -.16 -.15 -.02  .40* .32  .22  .19  .31  .33| .27  .06  .23 -.15 -.21 -.19 -.08 -.23 -.27 -.21
    1800 1849   -4   -.15 -.05 -.10 -.11  .11  .28  .42* .10  .23  .05  .39| .08  .08  .12 -.09 -.15 -.15  .03 -.12 -.14 -.19

 [B] Entire series, effect on correlation (  .606) is:
       Lower   1806> -.033   1813> -.010   1818< -.008   2011< -.005   1829< -.005   1952> -.005  Higher   1910  .017   1974  .009
     1784 to 1833 segment:
       Lower   1806> -.078   1818< -.035   1813> -.017   1829< -.017   1805< -.016   1788< -.010  Higher   1790  .043   1804  .021
     1800 to 1849 segment:
       Lower   1806> -.082   1818< -.035   1813> -.021   1829< -.015   1805< -.015   1849< -.015  Higher   1837  .067   1839  .026

 [C] Year-to-year changes diverging by over 4.0 std deviations:
       1805 1806   4.2 SD

====================================================================================================================================

 KLA0107A  1897 to  2015     119 years                                                                                    Series  12

 [B] Entire series, effect on correlation (  .621) is:
       Lower   2008< -.035   2004< -.014   1916< -.013   1926> -.009   1939< -.008   1928> -.007  Higher   1910  .022   1974  .013

====================================================================================================================================

 KLA0107B  1878 to  2015     138 years                                                                                    Series  13

 [B] Entire series, effect on correlation (  .665) is:
       Lower   1943< -.022   1893> -.010   1992< -.009   2005> -.009   2013> -.007   2002< -.006  Higher   1974  .015   1892  .011

====================================================================================================================================

 KLA0108A  1827 to  2015     189 years                                                                                    Series  14

 [B] Entire series, effect on correlation (  .659) is:
       Lower   1930< -.011   1941< -.011   1839> -.010   1946> -.010   1842> -.008   2006< -.007  Higher   1837  .048   1910  .016

====================================================================================================================================

 KLA0108B  1820 to  2015     196 years                                                                                    Series  15

 [B] Entire series, effect on correlation (  .637) is:
       Lower   2002< -.011   1872< -.011   1952> -.009   1859> -.008   1902> -.007   1995> -.007  Higher   1837  .044   1910  .011

====================================================================================================================================

 KLA0109A  1892 to  2015     124 years                                                                                    Series  16

 [B] Entire series, effect on correlation (  .564) is:
       Lower   1993< -.045   1902> -.042   1910> -.015   1892> -.011   1894< -.009   1952> -.008  Higher   1946  .023   1974  .014

====================================================================================================================================

 KLA0109B  1913 to  2015     103 years                                                                                    Series  17

 [B] Entire series, effect on correlation (  .501) is:
       Lower   1915< -.072   1937< -.029   1973< -.014   1974> -.010   1935> -.009   1995> -.008  Higher   1946  .021   1994  .014

 [E] Outliers     1   3.0 SD above or -4.5 SD below mean for year
       1915 -6.0 SD
====================================================================================================================================

 KLA0110A  1928 to  2015      88 years                                                                                    Series  18

 [B] Entire series, effect on correlation (  .405) is:
       Lower   1928> -.033   2005< -.028   1930< -.020   1950< -.020   2010> -.017   1993> -.016  Higher   1974  .025   1952  .018

 [E] Outliers     1   3.0 SD above or -4.5 SD below mean for year
       2005 -5.2 SD
====================================================================================================================================

 KLA0110B  1943 to  2015      73 years                                                                                    Series  19

 [B] Entire series, effect on correlation (  .502) is:
       Lower   1978< -.024   1966> -.024   2015< -.023   2013< -.022   2010> -.017   2004< -.016  Higher   1974  .024   1964  .020

====================================================================================================================================

 KLA0112A  1873 to  2015     143 years                                                                                    Series  20

 [B] Entire series, effect on correlation (  .682) is:
       Lower   1938< -.016   1988< -.011   2011< -.010   2010> -.009   1990> -.009   1976< -.009  Higher   1910  .017   1892  .012

====================================================================================================================================

 KLA0112B  1872 to  2015     144 years                                                                                    Series  21

 [A] Segment   High   -10   -9   -8   -7   -6   -5   -4   -3   -2   -1   +0   +1   +2   +3   +4   +5   +6   +7   +8   +9  +10
    ---------  ----   ---  ---  ---  ---  ---  ---  ---  ---  ---  ---  ---  ---  ---  ---  ---  ---  ---  ---  ---  ---  ---
    1966 2015    0   -.17 -.11 -.14 -.05  .04 -.07 -.31  .05  .10 -.07  .31*   -    -    -    -    -    -    -    -    -    -

 [B] Entire series, effect on correlation (  .660) is:
       Lower   1982< -.039   1994> -.015   1979< -.012   1981> -.011   2012< -.010   1980< -.009  Higher   1910  .028   1892  .013
     1966 to 2015 segment:
       Lower   1982< -.112   1994> -.040   1979< -.030   1981> -.028   2009> -.022   2012< -.010  Higher   1993  .042   2003  .033

====================================================================================================================================

 KLA0115A  1774 to  1917     144 years                                                                                    Series  22

 [B] Entire series, effect on correlation (  .616) is:
       Lower   1806> -.018   1888< -.018   1774> -.010   1851< -.010   1892> -.008   1775< -.008  Higher   1874  .011   1854  .010

====================================================================================================================================

 KLA0115B  1762 to  2015     254 years                                                                                    Series  23

 [B] Entire series, effect on correlation (  .670) is:
       Lower   1938< -.019   1874> -.008   1764> -.007   1973< -.007   1884< -.006   1932> -.005  Higher   1837  .024   1806  .011

====================================================================================================================================

 KLA0116A  1847 to  2015     169 years                                                                                    Series  24

 [B] Entire series, effect on correlation (  .586) is:
       Lower   1848< -.028   2006< -.020   1966> -.015   1859< -.009   2014< -.009   1954< -.009  Higher   1910  .018   1974  .010

====================================================================================================================================

 KLA0116B  1845 to  2015     171 years                                                                                    Series  25

 [B] Entire series, effect on correlation (  .710) is:
       Lower   1997< -.009   1952> -.008   1853> -.008   1965> -.007   1986< -.007   1887< -.006  Higher   1910  .026   1892  .007

====================================================================================================================================

 KLA0117A  1892 to  2015     124 years                                                                                    Series  26

 [A] Segment   High   -10   -9   -8   -7   -6   -5   -4   -3   -2   -1   +0   +1   +2   +3   +4   +5   +6   +7   +8   +9  +10
    ---------  ----   ---  ---  ---  ---  ---  ---  ---  ---  ---  ---  ---  ---  ---  ---  ---  ---  ---  ---  ---  ---  ---
    1966 2015    0   -.05 -.03 -.13  .05 -.06 -.08  .01  .16 -.12  .05  .29*   -    -    -    -    -    -    -    -    -    -

 [B] Entire series, effect on correlation (  .513) is:
       Lower   1996< -.033   2003< -.030   1892> -.030   1974> -.015   1985< -.014   1988< -.013  Higher   1946  .018   1926  .014
     1966 to 2015 segment:
       Lower   2003< -.071   1974> -.036   1985< -.031   1988< -.025   1996< -.018   1968> -.017  Higher   1979  .048   1987  .040

====================================================================================================================================

 KLA0117B  1889 to  2015     127 years                                                                                    Series  27

 [B] Entire series, effect on correlation (  .691) is:
       Lower   1961< -.014   2010> -.014   2006< -.010   1992< -.009   1952> -.009   1969> -.009  Higher   1974  .015   2003  .008

====================================================================================================================================

 KLA0118A  1925 to  2015      91 years                                                                                    Series  28

 [B] Entire series, effect on correlation (  .658) is:
       Lower   1926> -.034   2015< -.010   1997< -.008   2010> -.008   1935> -.007   1931< -.007  Higher   1946  .025   1937  .012

====================================================================================================================================

 KLA0118B  1926 to  2015      90 years                                                                                    Series  29

 [B] Entire series, effect on correlation (  .625) is:
       Lower   1926> -.044   2005> -.020   1928> -.019   2012< -.015   1995> -.013   1930< -.010  Higher   1946  .029   1974  .020

====================================================================================================================================

 KLA0119B  1851 to  1936      86 years                                                                                    Series  30

 [B] Entire series, effect on correlation (  .480) is:
       Lower   1922< -.090   1852< -.058   1909> -.021   1936> -.016   1862> -.006   1878> -.005  Higher   1892  .032   1928  .021

====================================================================================================================================

 KLA0120A  1865 to  2015     151 years                                                                                    Series  31

 [B] Entire series, effect on correlation (  .720) is:
       Lower   1993< -.015   2011< -.015   1884< -.009   2013> -.008   1934< -.006   1897> -.006  Higher   1910  .009   1902  .007

====================================================================================================================================

 KLA0120B  1870 to  2015     146 years                                                                                    Series  32

 [B] Entire series, effect on correlation (  .711) is:
       Lower   1878< -.012   2013> -.011   2012< -.009   1969> -.009   1994> -.008   1883< -.007  Higher   1910  .016   1946  .010

====================================================================================================================================

 KLA0121A  1872 to  2015     144 years                                                                                    Series  33

 [B] Entire series, effect on correlation (  .660) is:
       Lower   2010< -.021   1975< -.014   1934< -.012   1987> -.011   1928> -.009   1950< -.007  Higher   1892  .012   1898  .009

====================================================================================================================================

 KLA0121B  1873 to  2015     143 years                                                                                    Series  34

 [B] Entire series, effect on correlation (  .647) is:
       Lower   1973< -.030   1932< -.013   1958< -.010   1974> -.009   1975< -.008   1890< -.006  Higher   1892  .011   1898  .010

====================================================================================================================================

 KLA0122A  1827 to  2015     189 years                                                                                    Series  35

 [B] Entire series, effect on correlation (  .669) is:
       Lower   1864< -.030   1881> -.011   1988< -.008   1866> -.008   1974> -.006   1975< -.006  Higher   1910  .026   1837  .008

 [E] Outliers     1   3.0 SD above or -4.5 SD below mean for year
       1881 +3.2 SD
====================================================================================================================================

 KLA0122B  1829 to  1941     113 years                                                                                    Series  36

 [B] Entire series, effect on correlation (  .708) is:
       Lower   1850< -.034   1937< -.011   1839> -.011   1881> -.010   1883< -.009   1836< -.009  Higher   1837  .043   1910  .035

====================================================================================================================================

 KLA0123A  1884 to  2015     132 years                                                                                    Series  37

 [B] Entire series, effect on correlation (  .689) is:
       Lower   1910> -.012   1888< -.011   1942< -.011   1946> -.010   1993> -.006   1960< -.006  Higher   1902  .008   1974  .008

====================================================================================================================================

 KLA0123B  1875 to  2015     141 years                                                                                    Series  38

 [B] Entire series, effect on correlation (  .680) is:
       Lower   1875< -.034   1946> -.012   1993> -.011   1979< -.010   1982< -.009   2012< -.009  Higher   1910  .024   1974  .014

====================================================================================================================================

 KLA0124A  1948 to  2015      68 years                                                                                    Series  39

 [B] Entire series, effect on correlation (  .598) is:
       Lower   1991< -.027   1961> -.021   1953< -.020   1993> -.014   1951> -.012   2010> -.012  Higher   1974  .022   2003  .019

====================================================================================================================================

 KLA0124B  1948 to  2015      68 years                                                                                    Series  40

 [B] Entire series, effect on correlation (  .429) is:
       Lower   1974> -.032   2012< -.031   2010> -.016   1953< -.016   1977< -.015   1968> -.014  Higher   1965  .036   1994  .031

====================================================================================================================================

 KLA0125A  1948 to  2015      68 years                                                                                    Series  41

 [B] Entire series, effect on correlation (  .608) is:
       Lower   1979< -.044   1988< -.038   1948< -.015   2005> -.014   1961> -.014   1996> -.012  Higher   1981  .018   1965  .017

====================================================================================================================================

 KLA0125B  1948 to  2015      68 years                                                                                    Series  42

 [B] Entire series, effect on correlation (  .745) is:
       Lower   1956< -.017   2005> -.011   1948< -.011   1979< -.009   1968> -.008   1996> -.008  Higher   1960  .012   1994  .010

====================================================================================================================================

 KLA0301A  1755 to  2015     261 years                                                                                    Series  43

 [B] Entire series, effect on correlation (  .644) is:
       Lower   1755< -.030   1806> -.013   1760< -.007   1880< -.007   1993> -.007   1800< -.006  Higher   1813  .007   1946  .007

 [E] Outliers     1   3.0 SD above or -4.5 SD below mean for year
       1755 -4.9 SD
====================================================================================================================================

 KLA0301B  1760 to  2015     256 years                                                                                    Series  44

 [A] Segment   High   -10   -9   -8   -7   -6   -5   -4   -3   -2   -1   +0   +1   +2   +3   +4   +5   +6   +7   +8   +9  +10
    ---------  ----   ---  ---  ---  ---  ---  ---  ---  ---  ---  ---  ---  ---  ---  ---  ---  ---  ---  ---  ---  ---  ---
    1760 1809   -4      -    - -.18  .08 -.20  .19  .49* .10  .09  .03  .46|-.06  .06 -.02 -.04 -.04 -.16 -.02 -.15 -.23 -.06

 [B] Entire series, effect on correlation (  .589) is:
       Lower   2006< -.013   1772> -.012   1768< -.011   1770> -.011   1774< -.009   1878> -.009  Higher   1806  .022   1946  .009
     1760 to 1809 segment:
       Lower   1772> -.051   1768< -.051   1770> -.046   1774< -.039   1762< -.031   1786> -.022  Higher   1806  .184   1790  .026

 [E] Outliers     3   3.0 SD above or -4.5 SD below mean for year
       1770 +3.1 SD;    1772 +3.5 SD;    1878 +3.0 SD
====================================================================================================================================

 KLA0303A  1794 to  2015     222 years                                                                                    Series  45

 [B] Entire series, effect on correlation (  .637) is:
       Lower   2014< -.038   1998< -.028   1815> -.006   1995> -.005   1982< -.005   1882< -.004  Higher   1806  .036   1837  .015

 [E] Outliers     1   3.0 SD above or -4.5 SD below mean for year
       1998 -4.5 SD
====================================================================================================================================

 KLA0303B  1794 to  2015     222 years                                                                                    Series  46

 [B] Entire series, effect on correlation (  .644) is:
       Lower   1860< -.022   1870< -.011   1910> -.009   1815> -.007   1803< -.007   1825> -.006  Higher   1806  .036   1813  .009

 [E] Outliers     2   3.0 SD above or -4.5 SD below mean for year
       1806 -4.7 SD;    1860 -4.7 SD
====================================================================================================================================

 KLA0305A  1951 to  2015      65 years                                                                                    Series  47

 [B] Entire series, effect on correlation (  .374) is:
       Lower   1951> -.051   1961> -.028   1981> -.028   1990< -.027   1954< -.025   1993> -.019  Higher   1994  .037   2003  .032

====================================================================================================================================

 KLA0305B  1951 to  2015      65 years                                                                                    Series  48

 [B] Entire series, effect on correlation (  .381) is:
       Lower   1993> -.042   1981> -.037   1951> -.035   1990< -.032   1991> -.017   1961> -.015  Higher   1994  .043   1960  .027

====================================================================================================================================

 KLA0307A  1952 to  2015      64 years                                                                                    Series  49

 [B] Entire series, effect on correlation (  .525) is:
       Lower   2005< -.042   1981> -.031   1994> -.024   1959< -.013   1993> -.011   1957< -.011  Higher   1974  .051   1966  .019

====================================================================================================================================

 KLA0307B  1952 to  2014      63 years                                                                                    Series  50

 [B] Entire series, effect on correlation (  .458) is:
       Lower   1994> -.030   1957< -.026   1987> -.025   1970< -.023   1999< -.016   1967< -.015  Higher   1974  .022   1952  .021

====================================================================================================================================

 KLA0308A  1938 to  2015      78 years                                                                                    Series  51

 [B] Entire series, effect on correlation (  .587) is:
       Lower   1952> -.021   2013> -.019   1941< -.013   1996> -.012   2014< -.011   1993< -.011  Higher   1974  .033   1981  .016

====================================================================================================================================

 KLA0308B  1938 to  2011      74 years                                                                                    Series  52

 [B] Entire series, effect on correlation (  .434) is:
       Lower   1994> -.025   1952> -.024   2006< -.023   2004< -.020   1991> -.017   1974> -.016  Higher   1981  .028   1960  .025

====================================================================================================================================

 KLA0311A  1828 to  2015     188 years                                                                                    Series  53

 [B] Entire series, effect on correlation (  .689) is:
       Lower   1946> -.015   1939< -.014   1952< -.011   1910> -.009   1991> -.007   1951> -.006  Higher   1837  .042   1874  .008

====================================================================================================================================

 KLA0311B  1764 to  2015     252 years                                                                                    Series  54

 [B] Entire series, effect on correlation (  .600) is:
       Lower   1779< -.037   1804< -.009   1924< -.007   1871> -.007   1853< -.006   2001< -.005  Higher   1806  .035   1790  .011

====================================================================================================================================

 KLA0312A  1947 to  2015      69 years                                                                                    Series  55

 [A] Segment   High   -10   -9   -8   -7   -6   -5   -4   -3   -2   -1   +0   +1   +2   +3   +4   +5   +6   +7   +8   +9  +10
    ---------  ----   ---  ---  ---  ---  ---  ---  ---  ---  ---  ---  ---  ---  ---  ---  ---  ---  ---  ---  ---  ---  ---
    1947 1996   -4   -.07 -.01 -.16  .28  .13 -.01  .31* .24 -.28  .10  .27|-.20 -.07 -.03 -.33 -.11  .18 -.14  .00 -.18 -.13
    1950 1999   -4    .00 -.04 -.07  .33  .08  .02  .35* .14 -.30  .08  .29|-.21 -.16 -.13 -.30 -.13  .12 -.11  .06 -.19 -.07

 [B] Entire series, effect on correlation (  .315) is:
       Lower   1952> -.040   1965> -.028   1993> -.028   1972< -.027   1949< -.023   1957< -.018  Higher   1981  .037   1974  .031
     1947 to 1996 segment:
       Lower   1952> -.047   1972< -.038   1949< -.035   1965> -.032   1993> -.032   1957< -.025  Higher   1981  .050   1974  .045
     1950 to 1999 segment:
       Lower   1952> -.051   1972< -.042   1993> -.035   1965> -.034   1957< -.027   1991> -.021  Higher   1981  .053   1974  .050

====================================================================================================================================

 KLA0312B  1956 to  2013      58 years                                                                                    Series  56

 [B] Entire series, effect on correlation (  .415) is:
       Lower   1965> -.036   1987> -.024   1993> -.022   1961> -.019   1957< -.018   1996> -.015  Higher   1974  .081   1981  .034

====================================================================================================================================

 KLA0313A  1948 to  2015      68 years                                                                                    Series  57

 [B] Entire series, effect on correlation (  .715) is:
       Lower   1951< -.029   2012> -.015   2015< -.012   1990> -.012   2010> -.010   1999< -.008  Higher   1960  .018   1994  .014

====================================================================================================================================

 KLA0313B  1872 to  2015     144 years                                                                                    Series  58

 [A] Segment   High   -10   -9   -8   -7   -6   -5   -4   -3   -2   -1   +0   +1   +2   +3   +4   +5   +6   +7   +8   +9  +10
    ---------  ----   ---  ---  ---  ---  ---  ---  ---  ---  ---  ---  ---  ---  ---  ---  ---  ---  ---  ---  ---  ---  ---
    1872 1921   -1   -.32  .13  .15 -.04  .12  .09  .03 -.09  .10  .30* .28| .00 -.18 -.02 -.01 -.11 -.08  .08 -.19 -.04 -.20
    1875 1924   -1   -.27  .15  .12 -.07  .13  .13  .08 -.16  .17  .36* .20| .10 -.20 -.02 -.09 -.11 -.06  .02 -.10 -.02 -.24

 [B] Entire series, effect on correlation (  .522) is:
       Lower   1902> -.036   1880< -.019   1885< -.018   1878> -.014   1892> -.014   1900> -.009  Higher   1910  .021   1874  .017
     1872 to 1921 segment:
       Lower   1902> -.078   1885< -.034   1878> -.030   1892> -.027   1900> -.019   1903> -.015  Higher   1910  .095   1874  .068
     1875 to 1924 segment:
       Lower   1902> -.080   1885< -.032   1878> -.031   1892> -.024   1900> -.020   1903> -.015  Higher   1910  .126   1921  .026

 [E] Outliers     1   3.0 SD above or -4.5 SD below mean for year
       1902 +3.4 SD
====================================================================================================================================

 KLA0314A  1958 to  2015      58 years                                                                                    Series  59

 [B] Entire series, effect on correlation (  .442) is:
       Lower   1962< -.047   1974> -.032   1991> -.031   2005> -.022   1981> -.018   1966> -.014  Higher   1994  .030   1960  .029

====================================================================================================================================

 KLA0314B  1958 to  2015      58 years                                                                                    Series  60

 [B] Entire series, effect on correlation (  .492) is:
       Lower   1967< -.072   2007< -.039   2005> -.031   1991> -.027   1981> -.027   1993> -.026  Higher   1974  .046   1960  .031

====================================================================================================================================

 KLA0315A  1955 to  2014      60 years                                                                                    Series  61

 [A] Segment   High   -10   -9   -8   -7   -6   -5   -4   -3   -2   -1   +0   +1   +2   +3   +4   +5   +6   +7   +8   +9  +10
    ---------  ----   ---  ---  ---  ---  ---  ---  ---  ---  ---  ---  ---  ---  ---  ---  ---  ---  ---  ---  ---  ---  ---
    1955 2004   -8    .05 -.15  .26* .25  .10 -.10  .04  .16 -.35 -.19  .15|-.01 -.35  .09  .20 -.17  .02  .24  .01 -.11  .00
    1965 2014   -8   -.03  .00  .28* .11  .11  .07  .01  .21 -.31 -.21  .13|-.02    -    -    -    -    -    -    -    -    -

 [B] Entire series, effect on correlation (  .166) is:
       Lower   1973< -.064   1993> -.047   1959< -.037   1994> -.032   1965> -.032   2009> -.024  Higher   1974  .083   1960  .032
     1955 to 2004 segment:
       Lower   1973< -.074   1993> -.054   1959< -.041   1994> -.037   1965> -.036   1996> -.018  Higher   1974  .101   1960  .037
     1965 to 2014 segment:
       Lower   1973< -.081   1993> -.055   1994> -.038   1965> -.038   2009> -.027   1996> -.017  Higher   1974  .104   1979  .030

 [E] Outliers     1   3.0 SD above or -4.5 SD below mean for year
       1994 +3.5 SD
====================================================================================================================================

 KLA0315B  1955 to  2015      61 years                                                                                    Series  62

 [A] Segment   High   -10   -9   -8   -7   -6   -5   -4   -3   -2   -1   +0   +1   +2   +3   +4   +5   +6   +7   +8   +9  +10
    ---------  ----   ---  ---  ---  ---  ---  ---  ---  ---  ---  ---  ---  ---  ---  ---  ---  ---  ---  ---  ---  ---  ---
    1955 2004   -8   -.01 -.05  .23* .22  .18  .03 -.05  .07 -.16 -.07  .12|-.13 -.36  .09  .13 -.24 -.03  .08 -.03 -.05 -.08
    1966 2015   -8   -.06  .06  .22* .19  .19  .05 -.07  .15 -.15 -.13  .11|   -    -    -    -    -    -    -    -    -    -

 [B] Entire series, effect on correlation (  .109) is:
       Lower   2001< -.054   1994> -.035   1987> -.028   1965> -.026   1973< -.020   1959< -.020  Higher   1974  .088   1985  .036
     1955 to 2004 segment:
       Lower   2001< -.064   1994> -.041   1987> -.032   1965> -.031   1973< -.022   1959< -.022  Higher   1974  .099   1985  .039
     1966 to 2015 segment:
       Lower   2001< -.071   1994> -.045   1987> -.035   1973< -.026   2009> -.024   2010> -.021  Higher   1974  .106   1985  .047

 [E] Outliers     1   3.0 SD above or -4.5 SD below mean for year
       1994 +3.1 SD
====================================================================================================================================

 KLA0316A  1767 to  2015     249 years                                                                                    Series  63

 [B] Entire series, effect on correlation (  .568) is:
       Lower   1870< -.075   1770< -.020   1981< -.009   1771> -.005   1818> -.005   1807< -.005  Higher   1806  .011   1790  .009

 [C] Year-to-year changes diverging by over 4.0 std deviations:
       1769 1770  -4.2 SD    1770 1771   4.5 SD    1869 1870  -6.2 SD    1870 1871   4.8 SD

 [E] Outliers     3   3.0 SD above or -4.5 SD below mean for year
       1770 -5.7 SD;    1870 -8.5 SD;    1981 -5.3 SD
====================================================================================================================================

 KLA0316B  1781 to  2015     235 years                                                                                    Series  64

 [B] Entire series, effect on correlation (  .732) is:
       Lower   1990< -.008   1943> -.008   2009< -.006   1998< -.006   1904> -.006   1954< -.005  Higher   1806  .018   1813  .006

====================================================================================================================================

 KLA0317A  1926 to  2015      90 years                                                                                    Series  65

 [B] Entire series, effect on correlation (  .605) is:
       Lower   1926> -.030   1940< -.025   1929> -.015   2005< -.013   1961> -.011   1974> -.010  Higher   1946  .026   1965  .012

====================================================================================================================================

 KLA0317B  1925 to  2015      91 years                                                                                    Series  66

 [B] Entire series, effect on correlation (  .611) is:
       Lower   2015< -.024   2007< -.020   2001< -.018   1928> -.014   1936> -.012   1946> -.011  Higher   1974  .023   1960  .018

====================================================================================================================================

 KLA0318A  1915 to  2015     101 years                                                                                    Series  67

 [B] Entire series, effect on correlation (  .633) is:
       Lower   2006< -.028   1993> -.017   2008< -.013   1961> -.010   1951> -.010   1940< -.009  Higher   1946  .017   1960  .012

====================================================================================================================================

 KLA0318B  1915 to  2015     101 years                                                                                    Series  68

 [B] Entire series, effect on correlation (  .586) is:
       Lower   1924< -.018   2006< -.015   1995> -.013   1974> -.010   1993> -.009   1919< -.007  Higher   2003  .014   1994  .013

====================================================================================================================================

 KLA0319A  1921 to  2015      95 years                                                                                    Series  69

 [B] Entire series, effect on correlation (  .505) is:
       Lower   1921< -.061   1926> -.022   1928> -.016   1961> -.011   1993> -.011   1934< -.009  Higher   1965  .019   2003  .012

====================================================================================================================================

 KLA0319B  1922 to  2015      94 years                                                                                    Series  70

 [B] Entire series, effect on correlation (  .576) is:
       Lower   1974> -.034   1922< -.030   1928> -.019   1997< -.017   1972< -.011   2007< -.010  Higher   1960  .022   1946  .017

====================================================================================================================================

 KLA0320A  1930 to  2015      86 years                                                                                    Series  71

 [B] Entire series, effect on correlation (  .568) is:
       Lower   1951> -.023   2014< -.020   1974> -.018   1961> -.014   1937< -.012   1936> -.011  Higher   1979  .022   1946  .019

====================================================================================================================================

 KLA0321A  1927 to  2015      89 years                                                                                    Series  72

 [B] Entire series, effect on correlation (  .472) is:
       Lower   1988< -.080   1993> -.018   1927< -.015   1959< -.014   1994> -.012   1978< -.010  Higher   1960  .021   1946  .014

====================================================================================================================================

 KLA0321B  1930 to  2015      86 years                                                                                    Series  73

 [B] Entire series, effect on correlation (  .526) is:
       Lower   2007< -.097   1951> -.023   1964< -.018   1981> -.016   2012> -.012   2001< -.012  Higher   1960  .028   1937  .016

 [E] Outliers     1   3.0 SD above or -4.5 SD below mean for year
       2007 -4.6 SD
====================================================================================================================================
PART 7:  DESCRIPTIVE STATISTICS:                                                                   07:06  Mon 18 Nov 2024  Page   7
------------------------------------------------------------------------------------------------------------------------------------

                                                Corr   //-------- Unfiltered --------\\  //---- Filtered -----\\
                           No.    No.    No.    with   Mean   Max     Std   Auto   Mean   Max     Std   Auto  AR
 Seq Series   Interval   Years  Segmt  Flags   Master  msmt   msmt    dev   corr   sens  value    dev   corr  ()
 --- -------- ---------  -----  -----  -----   ------ -----  -----  -----  -----  -----  -----  -----  -----  --
   1 KLA0101A 1752 2015    264     10      0    .550    .53   2.89   .454   .946   .218   2.61   .457  -.038   1
   2 KLA0101B 1756 2015    260     10      0    .634    .57   2.98   .384   .911   .208   2.53   .373  -.013   1
   3 KLA0102A 1855 2015    161      6      0    .546    .53   1.55   .359   .896   .217   2.72   .391  -.107   1
   4 KLA0102B 1860 2015    156      6      0    .617    .37    .90   .171   .789   .232   2.57   .357  -.076   1
   5 KLA0103A 1826 2015    190      7      0    .613    .69   1.58   .327   .750   .241   2.75   .415   .044   1
   6 KLA0103B 1826 2015    190      7      0    .624    .55   1.46   .242   .787   .213   2.49   .298  -.027   1
   7 KLA0104A 1870 2015    146      6      0    .669    .55   1.28   .242   .738   .249   2.65   .441   .033   1
   8 KLA0104B 1777 2015    239      9      0    .608    .48   1.97   .306   .862   .247   2.75   .363  -.010   1
   9 KLA0105A 1824 2015    192      8      0    .636    .83   4.24   .769   .954   .202   2.69   .433  -.056   1
  10 KLA0105B 1824 2015    192      8      0    .600    .61   3.50   .531   .919   .223   2.77   .432  -.015   1
  11 KLA0106B 1784 2015    232      9      2    .606    .38   1.06   .187   .755   .263   2.75   .473   .037   3
  12 KLA0107A 1897 2015    119      5      0    .621   1.00   2.88   .640   .932   .194   2.81   .486   .012   1
  13 KLA0107B 1878 2015    138      5      0    .665    .75   2.26   .469   .908   .195   2.76   .478   .029   1
  14 KLA0108A 1827 2015    189      7      0    .659    .77   2.35   .429   .767   .308   2.59   .348   .034   1
  15 KLA0108B 1820 2015    196      8      0    .637    .73   2.53   .480   .870   .255   2.65   .397   .033   1
  16 KLA0109A 1892 2015    124      5      0    .564    .81   2.32   .510   .870   .309   2.50   .321   .028   2
  17 KLA0109B 1913 2015    103      4      0    .501    .76   2.12   .531   .931   .215   2.48   .378   .050   1
  18 KLA0110A 1928 2015     88      3      0    .405    .68   1.12   .196   .552   .242   2.57   .412  -.015   2
  19 KLA0110B 1943 2015     73      3      0    .502    .61   1.17   .227   .762   .196   2.81   .533  -.010   1
  20 KLA0112A 1873 2015    143      6      0    .682    .60   2.04   .428   .901   .209   2.82   .515  -.034   1
  21 KLA0112B 1872 2015    144      6      1    .660    .59   1.57   .456   .927   .216   2.73   .575   .012   2
  22 KLA0115A 1774 1917    144      6      0    .616    .50   1.51   .254   .677   .302   2.74   .442  -.010   1
  23 KLA0115B 1762 2015    254     10      0    .670    .51   1.58   .287   .833   .262   2.81   .461  -.010   1
  24 KLA0116A 1847 2015    169      7      0    .586    .65   2.20   .436   .889   .224   2.70   .493  -.046   1
  25 KLA0116B 1845 2015    171      7      0    .710    .66   2.09   .411   .894   .207   2.69   .456   .052   1
  26 KLA0117A 1892 2015    124      5      1    .513    .75   2.57   .581   .912   .266   2.56   .407   .029   1
  27 KLA0117B 1889 2015    127      5      0    .691    .78   1.85   .423   .845   .214   2.85   .482   .036   1
  28 KLA0118A 1925 2015     91      3      0    .658    .85   2.03   .479   .907   .214   2.72   .502   .005   1
  29 KLA0118B 1926 2015     90      3      0    .625    .64   1.48   .230   .727   .212   2.83   .579  -.036   1
  30 KLA0119B 1851 1936     86      3      0    .480   1.07   2.89   .569   .826   .240   2.72   .551   .002   1
  31 KLA0120A 1865 2015    151      6      0    .720    .71   2.01   .453   .903   .216   2.58   .435   .007   1
  32 KLA0120B 1870 2015    146      6      0    .711    .75   2.07   .517   .889   .240   2.65   .554   .016   1
  33 KLA0121A 1872 2015    144      6      0    .660    .54   1.44   .233   .707   .275   2.73   .458  -.007   1
  34 KLA0121B 1873 2015    143      6      0    .647    .50   1.46   .259   .774   .269   2.77   .468  -.099   1
  35 KLA0122A 1827 2015    189      7      0    .669    .65   4.37   .669   .929   .254   2.83   .410   .054   1
  36 KLA0122B 1829 1941    113      4      0    .708    .84   3.84   .666   .906   .257   2.71   .468   .043   1
  37 KLA0123A 1884 2015    132      5      0    .689    .76   2.44   .631   .892   .287   2.55   .400  -.037   1
  38 KLA0123B 1875 2015    141      5      0    .680    .81   2.23   .576   .906   .235   2.84   .605   .033   1
  39 KLA0124A 1948 2015     68      3      0    .598   1.09   2.73   .617   .853   .224   2.66   .492  -.027   1
  40 KLA0124B 1948 2015     68      3      0    .429    .98   3.01   .525   .896   .154   2.41   .537   .053   1
  41 KLA0125A 1948 2015     68      3      0    .608    .67   2.12   .537   .919   .282   2.62   .531   .075   1
  42 KLA0125B 1948 2015     68      3      0    .745    .77   1.98   .412   .804   .240   2.87   .662   .108   1
  43 KLA0301A 1755 2015    261     10      0    .644    .63   2.05   .331   .865   .217   2.84   .466  -.005   2
  44 KLA0301B 1760 2015    256     10      1    .589    .60   2.48   .377   .889   .224   2.55   .346  -.036   1
  45 KLA0303A 1794 2015    222      9      0    .637    .37   1.42   .268   .818   .440   2.53   .382  -.024   1
  46 KLA0303B 1794 2015    222      9      0    .644    .35   1.26   .243   .833   .381   2.43   .313  -.022   1
  47 KLA0305A 1951 2015     65      2      0    .374    .67   2.05   .396   .871   .235   2.79   .552   .052   1
  48 KLA0305B 1951 2015     65      2      0    .381    .85   2.44   .520   .894   .241   2.55   .455  -.087   1
PART 7:  DESCRIPTIVE STATISTICS:                                                                   07:06  Mon 18 Nov 2024  Page   8
------------------------------------------------------------------------------------------------------------------------------------

                                                Corr   //-------- Unfiltered --------\\  //---- Filtered -----\\
                           No.    No.    No.    with   Mean   Max     Std   Auto   Mean   Max     Std   Auto  AR
 Seq Series   Interval   Years  Segmt  Flags   Master  msmt   msmt    dev   corr   sens  value    dev   corr  ()
 --- -------- ---------  -----  -----  -----   ------ -----  -----  -----  -----  -----  -----  -----  -----  --
  49 KLA0307A 1952 2015     64      2      0    .525    .68   2.19   .306   .757   .181   2.61   .461  -.060   1
  50 KLA0307B 1952 2014     63      2      0    .458    .62   1.98   .292   .737   .238   2.67   .513   .071   2
  51 KLA0308A 1938 2015     78      3      0    .587    .84   2.45   .389   .847   .193   2.51   .445  -.049   1
  52 KLA0308B 1938 2011     74      3      0    .434    .82   2.10   .373   .882   .176   2.56   .476  -.031   1
  53 KLA0311A 1828 2015    188      7      0    .689    .51   1.58   .350   .882   .243   2.63   .371  -.051   1
  54 KLA0311B 1764 2015    252     10      0    .600    .35    .83   .179   .841   .262   2.61   .377  -.066   1
  55 KLA0312A 1947 2015     69      3      2    .315    .54   1.52   .304   .871   .212   2.98   .599   .038   1
  56 KLA0312B 1956 2013     58      2      0    .415    .50   1.01   .205   .734   .281   2.60   .468  -.019   2
  57 KLA0313A 1948 2015     68      3      0    .715    .60   1.53   .304   .821   .242   2.69   .446   .010   1
  58 KLA0313B 1872 2015    144      6      2    .522    .61   2.30   .491   .895   .282   2.85   .480  -.013   1
  59 KLA0314A 1958 2015     58      2      0    .442    .57   1.50   .285   .745   .276   2.68   .530   .053   1
  60 KLA0314B 1958 2015     58      2      0    .492    .66   1.57   .292   .764   .205   2.70   .564   .032   1
  61 KLA0315A 1955 2014     60      2      2    .166    .53   1.36   .320   .899   .261   2.68   .531   .134   1
  62 KLA0315B 1955 2015     61      2      2    .109    .49   1.26   .289   .920   .227   2.58   .423  -.040   1
  63 KLA0316A 1767 2015    249     10      0    .568    .53   1.42   .263   .748   .271   2.52   .311  -.005   1
  64 KLA0316B 1781 2015    235      9      0    .732    .61   1.61   .304   .792   .252   2.69   .410  -.013   1
  65 KLA0317A 1926 2015     90      3      0    .605    .95   2.30   .497   .839   .237   2.62   .577  -.026   1
  66 KLA0317B 1925 2015     91      3      0    .611   1.12   3.02   .466   .731   .224   2.82   .519  -.087   1
  67 KLA0318A 1915 2015    101      4      0    .633    .76   1.98   .264   .549   .239   2.87   .609  -.037   1
  68 KLA0318B 1915 2015    101      4      0    .586    .43   1.10   .206   .646   .290   2.74   .435  -.087   1
  69 KLA0319A 1921 2015     95      4      0    .505   1.16   2.78   .651   .898   .197   2.75   .641   .093   1
  70 KLA0319B 1922 2015     94      4      0    .576   1.20   3.17   .666   .886   .198   2.89   .476   .015   1
  71 KLA0320A 1930 2015     86      3      0    .568    .38   1.14   .218   .779   .299   2.89   .459  -.014   1
  72 KLA0321A 1927 2015     89      3      0    .472    .80   2.35   .449   .858   .256   2.63   .459  -.034   2
  73 KLA0321B 1930 2015     86      3      0    .526    .95   2.86   .588   .884   .196   2.77   .403  -.015   1
 --- -------- ---------  -----  -----  -----   ------ -----  -----  -----  -----  -----  -----  -----  -----  --
 Total or mean:           9929    385     13    .604    .64   4.37   .391   .841   .246   2.98   .442  -.007

                                              - = [  COFECHA FIN  COF  ] = -
