[]  Dendrochronology Program Library                                        Run 1      Program COF  12:03  Tue 27 Aug 2024  Page   1
[]
[]  P R O G R A M      C O F E C H A                                                                          Version 6.06P    32748
------------------------------------------------------------------------------------------------------------------------------------

 QUALITY CONTROL AND DATING CHECK OF TREE-RING MEASUREMENTS

 Title of run:           1                                       

 File of DATED series:   1.rwl

 CONTENTS:

    Part 1:  Title page, options selected, summary, absent rings by series
    Part 2:  Histogram of time spans
    Part 3:  Master series with sample depth and absent rings by year
    Part 4:  Bar plot of Master Dating Series
    Part 5:  Correlation by segment of each series with Master
    Part 6:  Potential problems: low correlation, divergent year-to-year changes, absent rings, outliers
    Part 7:  Descriptive statistics

 RUN CONTROL OPTIONS SELECTED                             VALUE

         1  Cubic smoothing spline 50% wavelength cutoff for filtering
                                                            32 years
         2  Segments examined are                           32 years lagged successively by  16 years
         3  Autoregressive model applied                     A  Residuals are used in master dating series and testing
         4  Series transformed to logarithms                 Y  Each series log-transformed for master dating series and testing
         5  CORRELATION is Pearson (parametric, quantitative)
            Critical correlation, 99% confidence level   .4093
         6  Master dating series saved                       N
         7  Ring measurements listed                         N
         8  Parts printed                              1234567 
         9  Absent rings are omitted from master series and segment correlations  (Y)

 Time span of Master dating series is  1630 to  2023   394 years
 Continuous time span is               1630 to  2023   394 years
 Portion with two or more series is    1631 to  2023   393 years

 >> KHA01       1968 absent in   1 of   17 series, but is not usually narrow: master index is   .047
 >> KHA02       1642 absent in   2 of    2 series, but is not usually narrow: master index is  -.028
 >> KHA04       1642 absent in   2 of    2 series, but is not usually narrow: master index is  -.028
 >> KHA04       1795 absent in   1 of   16 series, but is not usually narrow: master index is  -.354
 >> KHA11       1964 absent in   1 of   17 series, but is not usually narrow: master index is   .877

                                        ****************************************
                                        *C* Number of dated series        17 *C*
                                        *O* Master series 1630 2023  394 yrs *O*
                                        *F* Total rings in all series   5092 *F*
                                        *E* Total dated rings checked   5091 *E*
                                        *C* Series intercorrelation     .831 *C*
                                        *H* Average mean sensitivity    .550 *H*
                                        *A* Segments, possible problems    2 *A*
                                        *** Mean length of series      299.5 ***
                                        ****************************************

 ABSENT RINGS listed by SERIES:            (See Master Dating Series for absent rings listed by year)

 KHA01      11 absent rings:   1820  1849  1866  1869  1874  1912  1963  1968  1971  1989  1993
 KHA02      10 absent rings:   1642  1698  1718  1800  1825  1849  1905  1912  1974  1989
 KHA04      15 absent rings:   1642  1698  1792  1795  1807  1820  1833  1905  1912  1913  1973  1974  1980  1985  1999
 KHA05       5 absent rings:   1760  1825  1833  1974  1989
 KHA06       3 absent rings:   1698  1974  1989
 KHA08      10 absent rings:   1825  1830  1849  1869  1885  1974  1980  1985  1989  1993
 KHA09       7 absent rings:   1825  1833  1849  1869  1874  1912  1989
 KHA10       4 absent rings:   1905  1912  1974  1989
 KHA11       9 absent rings:   1825  1830  1849  1869  1963  1964  1965  1974  1989
 KHA14       6 absent rings:   1760  1825  1884  1885  1974  1989
 KHA15       8 absent rings:   1812  1820  1825  1830  1833  1849  1869  1900
 KHA16       6 absent rings:   1825  1912  1974  1980  1989  1999
 KHA20       4 absent rings:   1825  1912  1974  1989

            98 absent rings   1.925%
PART 2:  TIME PLOT OF TREE-RING SERIES: 1                                                          12:03  Tue 27 Aug 2024  Page   2
------------------------------------------------------------------------------------------------------------------------------------
 1050 1100 1150 1200 1250 1300 1350 1400 1450 1500 1550 1600 1650 1700 1750 1800 1850 1900 1950 2000 2050 Ident   Seq Time-span  Yrs
   :    :    :    :    :    :    :    :    :    :    :    :    :    :    :    :    :    :    :    :    : -------- --- ---- ---- ----
   .    .    .    .    .    .    .    .    .    .    .    .    .<===================================>  . KHA01      1 1669 2023  355
   .    .    .    .    .    .    .    .    .    .    .    .  <======================================>  . KHA02      2 1630 2023  394
   .    .    .    .    .    .    .    .    .    .    .    .    .    .   <===========================>  . KHA03      3 1743 2023  281
   .    .    .    .    .    .    .    .    .    .    .    .  <======================================>  . KHA04      4 1631 2023  393
   .    .    .    .    .    .    .    .    .    .    .    .    .    .   <===========================>  . KHA05      5 1748 2023  276
   .    .    .    .    .    .    .    .    .    .    .    .    .  <=================================>  . KHA06      6 1682 2023  342
   .    .    .    .    .    .    .    .    .    .    .    .    .    .    <==========================>  . KHA08      7 1758 2023  266
   .    .    .    .    .    .    .    .    .    .    .    .    .  <=================================>  . KHA09      8 1689 2023  335
   .    .    .    .    .    .    .    .    .    .    .    .    .    .    . <========================>  . KHA10      9 1778 2023  246
   .    .    .    .    .    .    .    .    .    .    .    .    .    .  <============================>  . KHA11     10 1735 2023  289
   .    .    .    .    .    .    .    .    .    .    .    .    .    .    .<=========================>  . KHA12     11 1760 2023  264
   .    .    .    .    .    .    .    .    .    .    .    .    .    .<==============================>  . KHA14     12 1712 2023  312
   .    .    .    .    .    .    .    .    .    .    .    .    .    .<==============================>  . KHA15     13 1714 2023  310
   .    .    .    .    .    .    .    .    .    .    .    .    .    .<==============================>  . KHA16     14 1715 2023  309
   .    .    .    .    .    .    .    .    .    .    .    .    .    .    .    .  <==================>  . KHA17     15 1838 2023  186
   .    .    .    .    .    .    .    .    .    .    .    .    .    .    .   <======================>  . KHA19     16 1793 2023  231
   .    .    .    .    .    .    .    .    .    .    .    .    .    . <=============================>  . KHA20     17 1721 2023  303
   :    :    :    :    :    :    :    :    :    :    :    :    :    :    :    :    :    :    :    :    :
 1050 1100 1150 1200 1250 1300 1350 1400 1450 1500 1550 1600 1650 1700 1750 1800 1850 1900 1950 2000 2050
PART 3:  Master Dating Series: 1                                                                   12:03  Tue 27 Aug 2024  Page   3
------------------------------------------------------------------------------------------------------------------------------------
  Year  Value  No Ab    Year  Value  No Ab    Year  Value  No Ab    Year  Value  No Ab    Year  Value  No Ab    Year  Value  No Ab
  ------------------    ------------------    ------------------    ------------------    ------------------    ------------------
                        1650   .288   2       1700  -.139   5       1750  -.016  12       1800 -1.778  16  1    1850  -.039  17
                        1651   .033   2       1701  -.423   5       1751  -.104  12       1801   .554  16       1851 -1.632  17
                        1652  1.037   2       1702 -1.447   5       1752   .651  12       1802   .713  16       1852  1.131  17
                        1653 -1.249   2       1703  -.431   5       1753  -.491  12       1803   .585  16       1853   .061  17
                        1654  1.107   2       1704   .101   5       1754  -.567  12       1804   .198  16       1854   .725  17
                        1655   .853   2       1705  1.297   5       1755 -1.165  12       1805   .781  16       1855   .294  17
                        1656   .303   2       1706   .564   5       1756  -.453  12       1806  1.526  16       1856   .250  17
                        1657 -2.177   2       1707  1.008   5       1757  1.470  12       1807 -1.319  16  1    1857  1.027  17
                        1658   .030   2       1708   .331   5       1758   .861  13       1808   .927  16       1858   .355  17
                        1659  1.444   2       1709   .905   5       1759  -.093  13       1809   .570  16       1859  -.255  17

                        1660 -1.697   2       1710   .424   5       1760 -2.428  14  2    1810   .440  16       1860  1.321  17
                        1661   .873   2       1711  -.977   5       1761  -.329  14       1811  -.114  16       1861   .787  17
                        1662   .280   2       1712   .214   6       1762  -.567  14       1812 -2.039  16  1    1862   .461  17
                        1663  -.658   2       1713   .715   6       1763   .288  14       1813 -1.128  16       1863   .282  17
                        1664   .004   2       1714 -2.039   7       1764  -.209  14       1814   .019  16       1864   .697  17
                        1665  -.526   2       1715   .824   8       1765  1.043  14       1815  -.939  16       1865  1.086  17
                        1666   .393   2       1716   .741   8       1766   .832  14       1816  -.240  16       1866 -1.618  17  1
                        1667  1.429   2       1717   .579   8       1767   .889  14       1817   .642  16       1867 -1.134  17
                        1668  1.586   2       1718 -3.655   8  1    1768   .044  14       1818   .865  16       1868  1.163  17
                        1669   .612   3       1719   .627   8       1769  1.445  14       1819  -.511  16       1869 -1.886  17  5

                        1670 -3.124   3       1720   .499   8       1770  -.600  14       1820  -.545  16  3    1870  -.698  17
                        1671  -.078   3       1721  -.322   9       1771 -1.489  14       1821   .779  16       1871   .009  17
                        1672  -.203   3       1722   .142   9       1772  -.974  14       1822  1.084  16       1872   .373  17
                        1673  1.628   3       1723  -.266   9       1773 -2.209  14       1823   .126  16       1873 -1.081  17
                        1674   .241   3       1724  -.427   9       1774   .375  14       1824   .124  16       1874 -1.222  17  2
                        1675  -.374   3       1725   .100   9       1775   .970  14       1825 -1.782  16  9    1875   .248  17
                        1676   .522   3       1726  -.310   9       1776   .022  14       1826  -.629  16       1876  -.709  17
                        1677   .910   3       1727  1.609   9       1777  1.046  14       1827  -.055  16       1877   .976  17
                        1678  -.700   3       1728  -.898   9       1778   .794  15       1828  1.301  16       1878  1.223  17
                        1679  -.072   3       1729  1.695   9       1779  -.808  15       1829   .823  16       1879  1.082  17

  1630  1.491   1       1680   .367   3       1730  1.100   9       1780  -.323  15       1830  -.951  16  3    1880   .955  17
  1631 -1.393   2       1681   .275   3       1731   .477   9       1781  -.715  15       1831   .857  16       1881   .100  17
  1632   .462   2       1682 -1.864   4       1732 -1.261   9       1782   .716  15       1832   .082  16       1882   .223  17
  1633   .520   2       1683   .145   4       1733  -.047   9       1783  -.208  15       1833 -1.185  16  4    1883   .829  17
  1634  -.444   2       1684  -.953   4       1734   .461   9       1784  1.155  15       1834   .989  16       1884 -1.355  17  1
  1635   .541   2       1685 -1.844   4       1735 -1.373  10       1785   .927  15       1835  1.570  16       1885 -1.946  17  2
  1636  -.168   2       1686  1.324   4       1736  -.418  10       1786 -2.244  15       1836   .343  16       1886  -.608  17
  1637  1.301   2       1687   .956   4       1737   .325  10       1787   .927  15       1837 -1.294  16       1887   .416  17
  1638  -.991   2       1688  -.025   4       1738 -1.331  10       1788  -.533  15       1838  -.408  17       1888  -.068  17
  1639  -.153   2       1689   .471   5       1739   .354  10       1789   .227  15       1839  -.317  17       1889 -1.190  17

  1640  1.238   2       1690  -.030   5       1740  -.264  10       1790   .579  15       1840   .437  17       1890  -.622  17
  1641  1.270   2       1691   .169   5       1741  -.757  10       1791  -.963  15       1841   .689  17       1891  1.017  17
  1642  -.028   2  2<<  1692   .651   5       1742 -2.810  10       1792  -.411  15  1    1842  1.115  17       1892   .944  17
  1643   .587   2       1693  1.181   5       1743   .059  11       1793   .654  16       1843   .029  17       1893   .265  17
  1644  -.564   2       1694   .643   5       1744  1.129  11       1794  1.602  16       1844  -.510  17       1894  1.088  17
  1645   .485   2       1695  1.595   5       1745  -.102  11       1795  -.354  16  1<<  1845  -.195  17       1895   .084  17
  1646   .758   2       1696 -1.262   5       1746   .730  11       1796   .535  16       1846   .459  17       1896  1.201  17
  1647  -.298   2       1697  -.293   5       1747  1.418  11       1797   .264  16       1847 -1.391  17       1897  1.613  17
  1648 -3.365   2       1698 -1.738   5  3    1748  1.246  12       1798 -1.789  16       1848  -.555  17       1898  -.435  17
  1649   .587   2       1699 -1.336   5       1749   .754  12       1799  -.550  16       1849 -3.400  17  6    1899  -.710  17
PART 3:  Master Dating Series: 1                                                                   12:03  Tue 27 Aug 2024  Page   4
------------------------------------------------------------------------------------------------------------------------------------
  Year  Value  No Ab    Year  Value  No Ab    Year  Value  No Ab    Year  Value  No Ab    Year  Value  No Ab    Year  Value  No Ab
  ------------------    ------------------    ------------------    ------------------    ------------------    ------------------
  1900 -1.437  17  1    1950  -.685  17       2000 -1.272  17
  1901   .255  17       1951  -.224  17       2001  1.120  17
  1902   .439  17       1952  -.470  17       2002   .778  17
  1903  -.215  17       1953  1.162  17       2003   .499  17
  1904  -.293  17       1954 -1.048  17       2004   .334  17
  1905  -.980  17  3    1955  -.515  17       2005  -.877  17
  1906  -.222  17       1956  -.185  17       2006  -.188  17
  1907  -.413  17       1957   .089  17       2007  -.757  17
  1908  1.814  17       1958  -.821  17       2008  -.040  17
  1909  -.159  17       1959   .333  17       2009   .671  17

  1910  -.191  17       1960   .236  17       2010  -.293  17
  1911  -.438  17       1961   .226  17       2011 -1.597  17
  1912 -2.301  17  7    1962   .136  17       2012  1.043  17
  1913 -1.322  17  1    1963 -1.181  17  2    2013   .228  17
  1914   .881  17       1964   .877  17  1<<  2014   .338  17
  1915   .037  17       1965  -.682  17  1    2015  -.242  17
  1916   .860  17       1966   .727  17       2016  -.062  17
  1917   .418  17       1967  1.297  17       2017  -.650  17
  1918   .805  17       1968   .047  17  1<<  2018  1.184  17
  1919   .433  17       1969   .862  17       2019  1.501  17

  1920   .987  17       1970   .831  17       2020  -.348  17
  1921  -.880  17       1971 -1.012  17  1    2021   .413  17
  1922   .722  17       1972   .663  17       2022   .138  17
  1923   .502  17       1973  -.816  17  1    2023 -1.568  17
  1924   .813  17       1974 -2.203  17 10
  1925 -1.015  17       1975   .156  17
  1926   .868  17       1976   .675  17
  1927 -2.062  17       1977 -1.074  17
  1928   .703  17       1978   .379  17
  1929   .081  17       1979  1.249  17

  1930   .510  17       1980 -1.817  17  3
  1931 -4.090  17       1981   .344  17
  1932  -.324  17       1982   .321  17
  1933  -.160  17       1983   .248  17
  1934  -.308  17       1984  1.065  17
  1935  -.013  17       1985  -.662  17  2
  1936   .251  17       1986   .786  17
  1937  -.529  17       1987  -.399  17
  1938  -.268  17       1988   .745  17
  1939   .626  17       1989 -2.154  17 11

  1940   .698  17       1990  1.046  17
  1941  1.452  17       1991  1.235  17
  1942   .648  17       1992   .272  17
  1943   .941  17       1993  -.678  17  2
  1944  -.196  17       1994   .801  17
  1945  1.069  17       1995  -.621  17
  1946   .639  17       1996   .568  17
  1947 -2.608  17       1997  -.323  17
  1948   .804  17       1998   .684  17
  1949 -1.256  17       1999 -1.264  17  2
------------------------------------------------------------------------------------------------------------------------------------
PART 4:  Master Bar Plot: 1                                                                        12:03  Tue 27 Aug 2024  Page   5
------------------------------------------------------------------------------------------------------------------------------------
   Year Rel value  Year Rel value  Year Rel value  Year Rel value  Year Rel value  Year Rel value  Year Rel value  Year Rel value
                   1650------A     1700----a       1750----@       1800g           1850----@       1900-f          1950--c
                   1651----@       1701---b        1751----@       1801-------B    1851g           1901-----A      1951---a
                   1652---------D  1702-f          1752-------C    1802--------C   1852---------E  1902------B     1952---b
                   1653-e          1703---b        1753--b         1803-------B    1853-----@      1903---a        1953---------E
                   1654---------D  1704-----@      1754--b         1804-----A      1854--------C   1904---a        1954-d
                   1655--------C   1705----------E 1755-e          1805--------C   1855------A     1905-d          1955--b
                   1656------A     1706-------B    1756---b        1806----------F 1856-----A      1906---a        1956----a
                   1657i           1707---------D  1757----------F 1807-e          1857---------D  1907---b        1957-----@
                   1658----@       1708------A     1758--------C   1808---------D  1858------A     1908----------G 1958--c
                   1659----------F 1709--------D   1759----@       1809-------B    1859---a        1909----a       1959------A
                   1660g           1710------B     1760j           1810------B     1860----------E 1910----a       1960-----A
                   1661--------C   1711-d          1761---a        1811----@       1861--------C   1911---b        1961-----A
                   1662------A     1712-----A      1762--b         1812h           1862------B     1912i           1962-----A
                   1663--c         1713--------C   1763------A     1813-e          1863------A     1913-e          1963-e
                   1664----@       1714h           1764---a        1814----@       1864--------C   1914--------D   1964--------D
                   1665--b         1715--------C   1765---------D  1815-d          1865---------D  1915-----@      1965--c
                   1666------B     1716--------C   1766--------C   1816---a        1866f           1916--------C   1966--------C
                   1667----------F 1717-------B    1767--------D   1817-------C    1867-e          1917------B     1967----------E
                   1668----------F 1718o           1768-----@      1818--------C   1868---------E  1918--------C   1968-----@
                   1669-------B    1719-------C    1769----------F 1819--b         1869h           1919------B     1969--------C
                   1670l           1720-------B    1770--b         1820--b         1870--c         1920---------D  1970--------C
                   1671----@       1721---a        1771-f          1821--------C   1871----@       1921-d          1971-d
                   1672---a        1722-----A      1772-d          1822---------D  1872------A     1922--------C   1972-------C
                   1673----------G 1723---a        1773i           1823-----A      1873-d          1923-------B    1973--c
                   1674-----A      1724---b        1774------B     1824-----@      1874-e          1924--------C   1974i
                   1675---a        1725-----@      1775---------D  1825g           1875-----A      1925-d          1975-----A
                   1676-------B    1726---a        1776----@       1826--c         1876--c         1926--------C   1976-------C
                   1677--------D   1727----------F 1777---------D  1827----@       1877---------D  1927h           1977-d
                   1678--c         1728-d          1778--------C   1828----------E 1878----------E 1928--------C   1978------B
                   1679----@       1729----------G 1779--c         1829--------C   1879---------D  1929-----@      1979----------E
   1630----------F 1680------A     1730---------D  1780---a        1830-d          1880---------D  1930-------B    1980g
   1631-f          1681------A     1731------B     1781--c         1831--------C   1881-----@      1931p           1981------A
   1632------B     1682g           1732-e          1782--------C   1832-----@      1882-----A      1932---a        1982------A
   1633-------B    1683-----A      1733----@       1783---a        1833-e          1883--------C   1933----a       1983-----A
   1634---b        1684-d          1734------B     1784---------E  1834---------D  1884-e          1934---a        1984---------D
   1635-------B    1685g           1735-e          1785---------D  1835----------F 1885h           1935----@       1985--c
   1636----a       1686----------E 1736---b        1786i           1836------A     1886--b         1936-----A      1986--------C
   1637----------E 1687---------D  1737------A     1787---------D  1837-e          1887------B     1937--b         1987---b
   1638-d          1688----@       1738-e          1788--b         1838---b        1888----@       1938---a        1988--------C
   1639----a       1689------B     1739------A     1789-----A      1839---a        1889-e          1939-------C    1989i
   1640----------E 1690----@       1740---a        1790-------B    1840------B     1890--b         1940--------C   1990---------D
   1641----------E 1691-----A      1741--c         1791-d          1841-------C    1891---------D  1941----------F 1991----------E
   1642----@       1692-------C    1742k           1792---b        1842---------D  1892---------D  1942-------C    1992------A
   1643-------B    1693---------E  1743-----@      1793-------C    1843----@       1893------A     1943---------D  1993--c
   1644--b         1694-------C    1744---------E  1794----------F 1844--b         1894---------D  1944----a       1994--------C
   1645-------B    1695----------F 1745----@       1795---a        1845----a       1895-----@      1945---------D  1995--b
   1646--------C   1696-e          1746--------C   1796-------B    1846------B     1896---------E  1946-------C    1996-------B
   1647---a        1697---a        1747----------F 1797------A     1847-f          1897----------F 1947j           1997---a
   1648m           1698g           1748----------E 1798g           1848--b         1898---b        1948--------C   1998-------C
   1649-------B    1699-e          1749--------C   1799--b         1849n           1899--c         1949-e          1999-e
PART 4:  Master Bar Plot: 1                                                                        12:03  Tue 27 Aug 2024  Page   6
------------------------------------------------------------------------------------------------------------------------------------
   Year Rel value  Year Rel value  Year Rel value  Year Rel value  Year Rel value  Year Rel value  Year Rel value  Year Rel value
   2000-e
   2001---------D
   2002--------C
   2003-------B
   2004------A
   2005--d
   2006----a
   2007--c
   2008----@
   2009-------C
   2010---a
   2011f
   2012---------D
   2013-----A
   2014------A
   2015---a
   2016----@
   2017--c
   2018---------E
   2019----------F
   2020---a
   2021------B
   2022-----A
   2023f


























PART 5:  CORRELATION OF SERIES BY SEGMENTS: 1                                                      12:03  Tue 27 Aug 2024  Page   5
------------------------------------------------------------------------------------------------------------------------------------
 Correlations of  32-year dated segments, lagged  16 years
 Flags:  A = correlation under   .4093 but highest as dated;  B = correlation higher at other than dated position

 Seq Series  Time_span   1616 1632 1648 1664 1680 1696 1712 1728 1744 1760 1776 1792 1808 1824 1840 1856 1872 1888 1904 1920
                         1647 1663 1679 1695 1711 1727 1743 1759 1775 1791 1807 1823 1839 1855 1871 1887 1903 1919 1935 1951
 --- -------- ---------  ---- ---- ---- ---- ---- ---- ---- ---- ---- ---- ---- ---- ---- ---- ---- ---- ---- ---- ---- ----
   1 KHA01    1669 2023                  .80  .84  .91  .89  .87  .84  .82  .89  .84  .80  .84  .83  .90  .93  .86  .80  .82
   2 KHA02    1630 2023   .87  .86  .90  .85  .83  .85  .90  .87  .83  .85  .88  .88  .78  .71  .78  .84  .87  .84  .85  .87
   3 KHA03    1743 2023                                      .83  .92  .95  .93  .91  .88  .82  .83  .90  .92  .84  .86  .87
   4 KHA04    1631 2023   .87  .86  .87  .82  .88  .93  .90  .87  .79  .75  .48  .36B .73  .73  .79  .80  .77  .78  .70  .74
   5 KHA05    1748 2023                                           .85  .85  .84  .79  .70  .88  .94  .95  .94  .87  .90  .87
   6 KHA06    1682 2023                       .56  .71  .89  .91  .93  .94  .89  .87  .90  .90  .87  .91  .91  .84  .82  .87
   7 KHA08    1758 2023                                           .89  .88  .84  .78  .88  .92  .90  .93  .92  .90  .80  .81
   8 KHA09    1689 2023                       .91  .90  .89  .89  .92  .92  .93  .93  .92  .89  .88  .90  .91  .90  .93  .93
   9 KHA10    1778 2023                                                     .79  .83  .88  .90  .92  .95  .92  .86  .92  .94
  10 KHA11    1735 2023                                      .85  .90  .87  .83  .84  .85  .84  .77  .84  .90  .84  .76  .75
  11 KHA12    1760 2023                                                .82  .93  .86  .83  .89  .90  .89  .83  .73  .76  .68
  12 KHA14    1712 2023                                 .88  .90  .88  .88  .92  .90  .83  .86  .90  .93  .85  .87  .93  .86
  13 KHA15    1714 2023                                 .89  .89  .92  .91  .91  .86  .71  .80  .83  .92  .86  .75  .82  .80
  14 KHA16    1715 2023                                 .80  .82  .88  .85  .84  .90  .93  .90  .91  .95  .92  .79  .90  .93
  15 KHA17    1838 2023                                                                    .64  .65  .90  .86  .77  .80  .85
  16 KHA19    1793 2023                                                          .91  .87  .89  .91  .92  .93  .93  .89  .85
  17 KHA20    1721 2023                                 .80  .84  .86  .93  .91  .88  .87  .93  .94  .95  .88  .75  .79  .83
 Av segment correlation   .87  .86  .89  .82  .80  .86  .87  .87  .88  .87  .85  .83  .84  .84  .85  .90  .89  .83  .84  .84
PART 5:  CORRELATION OF SERIES BY SEGMENTS: 1                                                      12:03  Tue 27 Aug 2024  Page   6
------------------------------------------------------------------------------------------------------------------------------------
 Correlations of  32-year dated segments, lagged  16 years
 Flags:  A = correlation under   .4093 but highest as dated;  B = correlation higher at other than dated position

 Seq Series  Time_span   1936 1952 1968 1984 2000
                         1967 1983 1999 2015 2031
 --- -------- ---------  ---- ---- ---- ---- ---- ---- ---- ---- ---- ---- ---- ---- ---- ---- ---- ---- ---- ---- ---- ----
   1 KHA01    1669 2023   .68  .61  .66  .50  .61
   2 KHA02    1630 2023   .79  .79  .85  .62  .63
   3 KHA03    1743 2023   .80  .85  .93  .86  .82
   4 KHA04    1631 2023   .80  .79  .73  .76  .64
   5 KHA05    1748 2023   .80  .88  .91  .82  .67
   6 KHA06    1682 2023   .84  .71  .78  .81  .68
   7 KHA08    1758 2023   .79  .71  .62  .65  .76
   8 KHA09    1689 2023   .77  .66  .81  .80  .80
   9 KHA10    1778 2023   .74  .71  .91  .73  .73
  10 KHA11    1735 2023   .79  .70  .54  .42  .54
  11 KHA12    1760 2023   .32A .53  .79  .79  .79
  12 KHA14    1712 2023   .76  .86  .91  .86  .84
  13 KHA15    1714 2023   .74  .85  .88  .74  .69
  14 KHA16    1715 2023   .85  .85  .89  .81  .77
  15 KHA17    1838 2023   .83  .84  .88  .80  .80
  16 KHA19    1793 2023   .67  .74  .80  .77  .81
  17 KHA20    1721 2023   .83  .84  .86  .72  .75
 Av segment correlation   .75  .76  .81  .73  .72
PART 6:  POTENTIAL PROBLEMS: 1                                                                     12:03  Tue 27 Aug 2024  Page   7
------------------------------------------------------------------------------------------------------------------------------------

 For each series with potential problems the following diagnostics may appear:

 [A] Correlations with master dating series of flagged  32-year segments of series filtered with  32-year spline,
     at every point from ten years earlier (-10) to ten years later (+10) than dated

 [B] Effect of those data values which most lower or raise correlation with master series
     Symbol following year indicates value in series is greater (>) or lesser (<) than master series value

 [C] Year-to-year changes very different from the mean change in other series

 [D] Absent rings (zero values)

 [E] Values which are statistical outliers from mean for the year
====================================================================================================================================

 KHA01     1669 to  2023     355 years                                                                                    Series   1

 [B] Entire series, effect on correlation (  .813) is:
       Lower   2004< -.008   1953< -.005   1738> -.005   1821< -.004   1771> -.004   1999> -.003  Higher   1718  .005   1849  .005

 [D]   11 Absent rings:  Year   Master  N series Absent
                         1820    -.545      16       3
                         1849   -3.400      17       6
                         1866   -1.618      17       1
                         1869   -1.886      17       5
                         1874   -1.222      17       2
                         1912   -2.301      17       7
                         1963   -1.181      17       2
                         1968     .047      17       1  >> WARNING:  Ring is not usually narrow
                         1971   -1.012      17       1
                         1989   -2.154      17      11
                         1993    -.678      17       2

 [E] Outliers     6   3.0 SD above or -4.5 SD below mean for year
       1718 -5.5 SD;    1738 +3.6 SD;    1771 +3.4 SD;    1931 +3.4 SD;    2004 -5.2 SD;    2023 -4.5 SD
====================================================================================================================================

 KHA02     1630 to  2023     394 years                                                                                    Series   2

 [*] Early part of series cannot be checked from 1630 to 1630 -- not matched by another series

 [B] Entire series, effect on correlation (  .817) is:
       Lower   1642< -.026   2013< -.006   1958< -.004   2012< -.003   1828< -.003   1927> -.003  Higher   1718  .005   1931  .005

 [D]   10 Absent rings:  Year   Master  N series Absent
                         1642    -.028       2       2  >> WARNING:  Ring is not usually narrow
                                                        Absent  in series    4  KHA04    time span  1631 to  2023
                         1698   -1.738       5       3
                                                        Present in series    1  KHA01    time span  1669 to  2023
                                                        Absent  in series    4  KHA04    time span  1631 to  2023
                                                        Absent  in series    6  KHA06    time span  1682 to  2023
                                                        Present in series    8  KHA09    time span  1689 to  2023
                         1718   -3.655       8       1
                         1800   -1.778      16       1
                         1825   -1.782      16       9
                         1849   -3.400      17       6
                         1905    -.980      17       3
                         1912   -2.301      17       7
                         1974   -2.203      17      10
                         1989   -2.154      17      11

 [E] Outliers     3   3.0 SD above or -4.5 SD below mean for year
       1642-10.9 SD;    1958 -4.7 SD;    2013 -5.2 SD
====================================================================================================================================

 KHA03     1743 to  2023     281 years                                                                                    Series   3

 [B] Entire series, effect on correlation (  .861) is:
       Lower   1743< -.009   1938< -.006   1843> -.003   1933> -.002   1855> -.002   2005< -.002  Higher   1931  .010   1947  .004

 [E] Outliers     1   3.0 SD above or -4.5 SD below mean for year
       1743 -4.7 SD
====================================================================================================================================

 KHA04     1631 to  2023     393 years                                                                                    Series   4

 [A] Segment   High   -10   -9   -8   -7   -6   -5   -4   -3   -2   -1   +0   +1   +2   +3   +4   +5   +6   +7   +8   +9  +10
    ---------  ----   ---  ---  ---  ---  ---  ---  ---  ---  ---  ---  ---  ---  ---  ---  ---  ---  ---  ---  ---  ---  ---
    1792 1823   -2   -.21 -.01  .04 -.11 -.32  .05 -.15  .26  .37* .25  .36|-.25 -.26 -.25  .03  .21 -.09  .13 -.31 -.11  .03

 [B] Entire series, effect on correlation (  .765) is:
       Lower   1927> -.013   1642< -.010   1794< -.006   1872< -.006   2023> -.005   1914< -.004  Higher   1931  .012   1718  .008
     1792 to 1823 segment:
       Lower   1794< -.066   1811> -.037   1802< -.033   1793< -.029   1798> -.023   1804> -.016  Higher   1812  .066   1807  .054

 [D]   15 Absent rings:  Year   Master  N series Absent
                         1642    -.028       2       2  >> WARNING:  Ring is not usually narrow
                                                        Absent  in series    2  KHA02    time span  1630 to  2023
                         1698   -1.738       5       3
                                                        Present in series    1  KHA01    time span  1669 to  2023
                                                        Absent  in series    2  KHA02    time span  1630 to  2023
                                                        Absent  in series    6  KHA06    time span  1682 to  2023
                                                        Present in series    8  KHA09    time span  1689 to  2023
                         1792    -.411      15       1
                         1795    -.354      16       1  >> WARNING:  Ring is not usually narrow
                         1807   -1.319      16       1
                         1820    -.545      16       3
                         1833   -1.185      16       4
                         1905    -.980      17       3
                         1912   -2.301      17       7
                         1913   -1.322      17       1
                         1973    -.816      17       1
                         1974   -2.203      17      10
                         1980   -1.817      17       3
                         1985    -.662      17       2
                         1999   -1.264      17       2

 [E] Outliers     8   3.0 SD above or -4.5 SD below mean for year
       1642 -6.9 SD;    1773 +3.0 SD;    1794 -4.6 SD;    1811 +3.3 SD;    1849 +3.7 SD;    1872 -4.7 SD;    1927 +6.1 SD;
       2023 +4.1 SD
====================================================================================================================================

 KHA05     1748 to  2023     276 years                                                                                    Series   5

 [B] Entire series, effect on correlation (  .853) is:
       Lower   1810> -.005   1811< -.004   2016> -.004   1787< -.004   2012< -.003   1937< -.003  Higher   1931  .011   1760  .003

 [D]    5 Absent rings:  Year   Master  N series Absent
                         1760   -2.428      14       2
                         1825   -1.782      16       9
                         1833   -1.185      16       4
                         1974   -2.203      17      10
                         1989   -2.154      17      11

 [E] Outliers     3   3.0 SD above or -4.5 SD below mean for year
       1810 +3.6 SD;    1989 -5.0 SD;    2016 +3.2 SD
====================================================================================================================================

 KHA06     1682 to  2023     342 years                                                                                    Series   6

 [B] Entire series, effect on correlation (  .829) is:
       Lower   1682> -.005   1711> -.004   1909< -.004   1705< -.003   1997> -.002   1956< -.002  Higher   1947  .003   1989  .003

 [D]    3 Absent rings:  Year   Master  N series Absent
                         1698   -1.738       5       3
                                                        Present in series    1  KHA01    time span  1669 to  2023
                                                        Absent  in series    2  KHA02    time span  1630 to  2023
                                                        Absent  in series    4  KHA04    time span  1631 to  2023
                                                        Present in series    8  KHA09    time span  1689 to  2023
                         1974   -2.203      17      10
                         1989   -2.154      17      11

 [E] Outliers     3   3.0 SD above or -4.5 SD below mean for year
       1682 +3.6 SD;    1711 +3.6 SD;    1849 -5.7 SD
====================================================================================================================================

 KHA08     1758 to  2023     266 years                                                                                    Series   7

 [B] Entire series, effect on correlation (  .847) is:
       Lower   1803< -.008   1958> -.006   1921> -.006   1927< -.005   1987> -.004   1910> -.003  Higher   1849  .004   1786  .004

 [D]   10 Absent rings:  Year   Master  N series Absent
                         1825   -1.782      16       9
                         1830    -.951      16       3
                         1849   -3.400      17       6
                         1869   -1.886      17       5
                         1885   -1.946      17       2
                         1974   -2.203      17      10
                         1980   -1.817      17       3
                         1985    -.662      17       2
                         1989   -2.154      17      11
                         1993    -.678      17       2

 [E] Outliers     4   3.0 SD above or -4.5 SD below mean for year
       1921 +3.1 SD;    1927 -6.3 SD;    1958 +3.6 SD;    1987 +3.0 SD
====================================================================================================================================

 KHA09     1689 to  2023     335 years                                                                                    Series   8

 [B] Entire series, effect on correlation (  .882) is:
       Lower   1974> -.004   1965> -.003   2002< -.003   1981< -.003   1962< -.003   1987> -.002  Higher   1931  .006   1849  .004

 [D]    7 Absent rings:  Year   Master  N series Absent
                         1825   -1.782      16       9
                         1833   -1.185      16       4
                         1849   -3.400      17       6
                         1869   -1.886      17       5
                         1874   -1.222      17       2
                         1912   -2.301      17       7
                         1989   -2.154      17      11

 [E] Outliers     1   3.0 SD above or -4.5 SD below mean for year
       1974 +3.2 SD
====================================================================================================================================

 KHA10     1778 to  2023     246 years                                                                                    Series   9

 [B] Entire series, effect on correlation (  .849) is:
       Lower   1954< -.024   1781> -.005   2006< -.003   1963> -.003   1788< -.003   1800> -.003  Higher   1931  .011   1947  .005

 [D]    4 Absent rings:  Year   Master  N series Absent
                         1905    -.980      17       3
                         1912   -2.301      17       7
                         1974   -2.203      17      10
                         1989   -2.154      17      11

 [E] Outliers     2   3.0 SD above or -4.5 SD below mean for year
       1781 +3.0 SD;    1954 -8.3 SD
====================================================================================================================================

 KHA11     1735 to  2023     289 years                                                                                    Series  10

 [B] Entire series, effect on correlation (  .796) is:
       Lower   1964< -.008   1931> -.006   1994< -.005   2005> -.005   1973> -.004   1993> -.004  Higher   1849  .007   1947  .005

 [D]    9 Absent rings:  Year   Master  N series Absent
                         1825   -1.782      16       9
                         1830    -.951      16       3
                         1849   -3.400      17       6
                         1869   -1.886      17       5
                         1963   -1.181      17       2
                         1964     .877      17       1  >> WARNING:  Ring is not usually narrow
                         1965    -.682      17       1
                         1974   -2.203      17      10
                         1989   -2.154      17      11

 [E] Outliers     8   3.0 SD above or -4.5 SD below mean for year
       1931 +4.4 SD;    1940 +4.1 SD;    1947 -4.6 SD;    1964 -5.3 SD;    1971 +3.1 SD;    1973 +3.5 SD;    1993 +3.4 SD;
       2005 +3.5 SD
====================================================================================================================================

 KHA12     1760 to  2023     264 years                                                                                    Series  11

 [A] Segment   High   -10   -9   -8   -7   -6   -5   -4   -3   -2   -1   +0   +1   +2   +3   +4   +5   +6   +7   +8   +9  +10
    ---------  ----   ---  ---  ---  ---  ---  ---  ---  ---  ---  ---  ---  ---  ---  ---  ---  ---  ---  ---  ---  ---  ---
    1936 1967    0    .09 -.04  .15  .15  .02  .24 -.14  .07 -.10 -.28  .32*-.23 -.13  .08 -.21 -.15  .03 -.06  .17  .14  .04

 [B] Entire series, effect on correlation (  .750) is:
       Lower   1955< -.016   1965< -.012   1910< -.007   1941< -.005   1951> -.005   1969< -.005  Higher   1931  .020   1849  .010
     1936 to 1967 segment:
       Lower   1955< -.034   1949> -.032   1951> -.027   1941< -.025   1958> -.019   1950> -.019  Higher   1954  .053   1953  .042

 [E] Outliers     7   3.0 SD above or -4.5 SD below mean for year
       1910 -4.8 SD;    1947 +3.1 SD;    1949 +3.1 SD;    1951 +3.8 SD;    1955 -8.3 SD;    1965 -7.2 SD;    2006 +3.3 SD
====================================================================================================================================

 KHA14     1712 to  2023     312 years                                                                                    Series  12

 [B] Entire series, effect on correlation (  .880) is:
       Lower   1716< -.004   1936> -.004   1938> -.003   1960< -.002   1771> -.002   1900> -.002  Higher   1931  .007   1718  .006

 [D]    6 Absent rings:  Year   Master  N series Absent
                         1760   -2.428      14       2
                         1825   -1.782      16       9
                         1884   -1.355      17       1
                         1885   -1.946      17       2
                         1974   -2.203      17      10
                         1989   -2.154      17      11

 [E] Outliers     1   3.0 SD above or -4.5 SD below mean for year
       1936 +3.4 SD
====================================================================================================================================

 KHA15     1714 to  2023     310 years                                                                                    Series  13

 [B] Entire series, effect on correlation (  .841) is:
       Lower   1949> -.007   1921> -.006   1818< -.005   1728> -.003   2007> -.003   1895< -.003  Higher   1931  .009   1849  .004

 [D]    8 Absent rings:  Year   Master  N series Absent
                         1812   -2.039      16       1
                         1820    -.545      16       3
                         1825   -1.782      16       9
                         1830    -.951      16       3
                         1833   -1.185      16       4
                         1849   -3.400      17       6
                         1869   -1.886      17       5
                         1900   -1.437      17       1

 [E] Outliers     2   3.0 SD above or -4.5 SD below mean for year
       1921 +3.5 SD;    1949 +3.9 SD
====================================================================================================================================

 KHA16     1715 to  2023     309 years                                                                                    Series  14

 [B] Entire series, effect on correlation (  .873) is:
       Lower   1728> -.004   1791> -.004   1999< -.003   1955> -.003   1732> -.003   1909< -.002  Higher   1931  .008   1849  .004

 [D]    6 Absent rings:  Year   Master  N series Absent
                         1825   -1.782      16       9
                         1912   -2.301      17       7
                         1974   -2.203      17      10
                         1980   -1.817      17       3
                         1989   -2.154      17      11
                         1999   -1.264      17       2

 [E] Outliers     2   3.0 SD above or -4.5 SD below mean for year
       1728 +3.3 SD;    1791 +3.2 SD
====================================================================================================================================

 KHA17     1838 to  2023     186 years                                                                                    Series  15

 [B] Entire series, effect on correlation (  .781) is:
       Lower   1840< -.011   1989< -.008   2011> -.006   1929< -.006   1909> -.005   1844> -.005  Higher   1947  .010   1931  .006

 [E] Outliers     2   3.0 SD above or -4.5 SD below mean for year
       1849 +3.5 SD;    1989 -5.0 SD
====================================================================================================================================

 KHA19     1793 to  2023     231 years                                                                                    Series  16

 [B] Entire series, effect on correlation (  .850) is:
       Lower   1921< -.011   1958> -.010   1985< -.010   1962< -.004   1989> -.003   1813> -.003  Higher   1931  .009   1927  .004

 [E] Outliers     2   3.0 SD above or -4.5 SD below mean for year
       1921 -4.6 SD;    1958 +4.4 SD
====================================================================================================================================

 KHA20     1721 to  2023     303 years                                                                                    Series  17

 [B] Entire series, effect on correlation (  .842) is:
       Lower   2011< -.013   1912< -.003   1931> -.003   1953< -.002   1905> -.002   1933> -.002  Higher   1849  .004   1742  .004

 [D]    4 Absent rings:  Year   Master  N series Absent
                         1825   -1.782      16       9
                         1912   -2.301      17       7
                         1974   -2.203      17      10
                         1989   -2.154      17      11

 [E] Outliers     3   3.0 SD above or -4.5 SD below mean for year
       1912 -6.2 SD;    1931 +3.4 SD;    2011 -7.6 SD
====================================================================================================================================
PART 7:  DESCRIPTIVE STATISTICS: 1                                                                 12:03  Tue 27 Aug 2024  Page   8
------------------------------------------------------------------------------------------------------------------------------------

                                                Corr   //-------- Unfiltered --------\\  //---- Filtered -----\\
                           No.    No.    No.    with   Mean   Max     Std   Auto   Mean   Max     Std   Auto  AR
 Seq Series   Interval   Years  Segmt  Flags   Master  msmt   msmt    dev   corr   sens  value    dev   corr  ()
 --- -------- ---------  -----  -----  -----   ------ -----  -----  -----  -----  -----  -----  -----  -----  --
   1 KHA01    1669 2023    355     22      0    .813    .25    .85   .184   .587   .656   2.57   .356  -.049   1
   2 KHA02    1630 2023    394     25      0    .817    .23    .59   .131   .249   .652   2.68   .385  -.017   1
   3 KHA03    1743 2023    281     18      0    .861    .38   1.18   .222   .478   .483   2.73   .421  -.020   1
   4 KHA04    1631 2023    393     25      1    .765    .23   1.05   .191   .531   .695   2.63   .387  -.016   1
   5 KHA05    1748 2023    276     17      0    .853    .38   1.55   .304   .777   .477   2.71   .409  -.047   1
   6 KHA06    1682 2023    342     21      0    .829    .28    .95   .158   .575   .471   2.53   .363  -.046   1
   7 KHA08    1758 2023    266     17      0    .847    .29   1.06   .197   .508   .675   2.60   .404  -.020   1
   8 KHA09    1689 2023    335     21      0    .882    .25    .98   .168   .524   .535   2.59   .345  -.014   1
   9 KHA10    1778 2023    246     15      0    .849    .25   1.02   .183   .668   .558   2.54   .394  -.040   1
  10 KHA11    1735 2023    289     18      0    .796    .27   1.00   .196   .578   .566   2.92   .446  -.044   1
  11 KHA12    1760 2023    264     16      1    .750    .36   1.09   .234   .752   .399   2.59   .388  -.001   1
  12 KHA14    1712 2023    312     19      0    .880    .23    .81   .152   .563   .522   2.68   .463  -.029   1
  13 KHA15    1714 2023    310     19      0    .841    .33   1.13   .243   .477   .648   2.67   .473  -.037   1
  14 KHA16    1715 2023    309     19      0    .873    .34    .89   .198   .612   .516   2.54   .399  -.025   1
  15 KHA17    1838 2023    186     12      0    .781    .52   1.35   .268   .630   .378   2.56   .413  -.033   1
  16 KHA19    1793 2023    231     14      0    .850    .36   1.80   .247   .610   .491   2.92   .530  -.079   1
  17 KHA20    1721 2023    303     19      0    .842    .24    .61   .127   .508   .457   2.59   .407  -.020   1
 --- -------- ---------  -----  -----  -----   ------ -----  -----  -----  -----  -----  -----  -----  -----  --
 Total or mean:           5092    317      2    .831    .30   1.80   .195   .555   .550   2.92   .407  -.031

                                              - = [  COFECHA 1    COF  ] = -
